[I 2024-05-26 01:52:38,115] Trial 31 finished with value: 0.011472441256046295 and parameters: {'d_model': 128, 'num_heads': 4, 'num_layers': 4, 'lr': 0.00033901289152477374, 'batch_size': 50, 'wd': 3.1000820753084497e-06}. Best is trial 31 with value: 0.011472441256046295.
  0%|          | 0/25 [00:00<?, ?it/s]  4%|▍         | 1/25 [00:07<03:08,  7.85s/it]  8%|▊         | 2/25 [00:15<03:00,  7.85s/it] 12%|█▏        | 3/25 [00:23<02:52,  7.85s/it] 16%|█▌        | 4/25 [00:31<02:44,  7.85s/it] 20%|██        | 5/25 [00:39<02:36,  7.85s/it] 24%|██▍       | 6/25 [00:47<02:29,  7.86s/it] 28%|██▊       | 7/25 [00:54<02:21,  7.86s/it] 32%|███▏      | 8/25 [01:02<02:13,  7.86s/it] 36%|███▌      | 9/25 [01:10<02:05,  7.86s/it] 40%|████      | 10/25 [01:18<01:58,  7.87s/it] 44%|████▍     | 11/25 [01:26<01:50,  7.90s/it] 48%|████▊     | 12/25 [01:34<01:42,  7.88s/it] 52%|█████▏    | 13/25 [01:42<01:34,  7.87s/it] 56%|█████▌    | 14/25 [01:50<01:26,  7.87s/it] 60%|██████    | 15/25 [01:57<01:18,  7.87s/it] 64%|██████▍   | 16/25 [02:05<01:10,  7.86s/it] 68%|██████▊   | 17/25 [02:13<01:02,  7.87s/it] 72%|███████▏  | 18/25 [02:21<00:55,  7.86s/it] 76%|███████▌  | 19/25 [02:29<00:47,  7.86s/it] 80%|████████  | 20/25 [02:37<00:39,  7.86s/it] 84%|████████▍ | 21/25 [02:45<00:31,  7.87s/it] 88%|████████▊ | 22/25 [02:53<00:23,  7.86s/it] 92%|█████████▏| 23/25 [03:00<00:15,  7.86s/it] 96%|█████████▌| 24/25 [03:08<00:07,  7.86s/it]100%|██████████| 25/25 [03:16<00:00,  7.86s/it]100%|██████████| 25/25 [03:16<00:00,  7.86s/it]
[I 2024-05-26 01:55:54,806] Trial 32 finished with value: 0.011010598274879158 and parameters: {'d_model': 128, 'num_heads': 4, 'num_layers': 4, 'lr': 0.00035045954963081673, 'batch_size': 50, 'wd': 2.3389690449134356e-06}. Best is trial 32 with value: 0.011010598274879158.
  0%|          | 0/25 [00:00<?, ?it/s]  0%|          | 0/25 [00:07<?, ?it/s]
[I 2024-05-26 01:56:02,758] Trial 33 pruned. 
  0%|          | 0/25 [00:00<?, ?it/s]  4%|▍         | 1/25 [00:11<04:31, 11.33s/it]  4%|▍         | 1/25 [00:22<09:03, 22.65s/it]
[I 2024-05-26 01:56:25,533] Trial 34 pruned. 
  0%|          | 0/25 [00:00<?, ?it/s]  4%|▍         | 1/25 [00:07<03:07,  7.83s/it]  8%|▊         | 2/25 [00:15<03:00,  7.87s/it] 12%|█▏        | 3/25 [00:23<02:52,  7.85s/it] 16%|█▌        | 4/25 [00:31<02:44,  7.85s/it] 20%|██        | 5/25 [00:39<02:36,  7.84s/it] 24%|██▍       | 6/25 [00:47<02:28,  7.84s/it] 28%|██▊       | 7/25 [00:54<02:21,  7.84s/it] 32%|███▏      | 8/25 [01:02<02:13,  7.84s/it] 36%|███▌      | 9/25 [01:10<02:05,  7.84s/it] 40%|████      | 10/25 [01:18<01:57,  7.83s/it] 44%|████▍     | 11/25 [01:26<01:49,  7.84s/it] 48%|████▊     | 12/25 [01:34<01:41,  7.84s/it] 52%|█████▏    | 13/25 [01:41<01:34,  7.85s/it] 56%|█████▌    | 14/25 [01:49<01:26,  7.85s/it] 60%|██████    | 15/25 [01:57<01:18,  7.85s/it] 64%|██████▍   | 16/25 [02:05<01:10,  7.85s/it] 68%|██████▊   | 17/25 [02:13<01:02,  7.84s/it] 72%|███████▏  | 18/25 [02:21<00:54,  7.83s/it] 76%|███████▌  | 19/25 [02:28<00:47,  7.84s/it] 80%|████████  | 20/25 [02:36<00:39,  7.83s/it] 84%|████████▍ | 21/25 [02:44<00:31,  7.83s/it] 88%|████████▊ | 22/25 [02:52<00:23,  7.83s/it] 92%|█████████▏| 23/25 [03:00<00:15,  7.84s/it] 96%|█████████▌| 24/25 [03:08<00:07,  7.84s/it]100%|██████████| 25/25 [03:16<00:00,  7.84s/it]100%|██████████| 25/25 [03:16<00:00,  7.84s/it]
[I 2024-05-26 01:59:41,657] Trial 35 finished with value: 0.011846056533977389 and parameters: {'d_model': 128, 'num_heads': 4, 'num_layers': 4, 'lr': 0.00023739312720320535, 'batch_size': 50, 'wd': 2.20662982684077e-06}. Best is trial 32 with value: 0.011010598274879158.
  0%|          | 0/25 [00:00<?, ?it/s]  4%|▍         | 1/25 [00:09<03:50,  9.62s/it]  8%|▊         | 2/25 [00:19<03:41,  9.62s/it] 12%|█▏        | 3/25 [00:28<03:31,  9.61s/it] 16%|█▌        | 4/25 [00:38<03:21,  9.60s/it] 20%|██        | 5/25 [00:48<03:11,  9.59s/it] 24%|██▍       | 6/25 [00:57<03:02,  9.60s/it] 28%|██▊       | 7/25 [01:07<02:52,  9.60s/it] 32%|███▏      | 8/25 [01:16<02:43,  9.61s/it] 36%|███▌      | 9/25 [01:26<02:33,  9.61s/it] 40%|████      | 10/25 [01:36<02:24,  9.60s/it] 44%|████▍     | 11/25 [01:45<02:14,  9.60s/it] 48%|████▊     | 12/25 [01:55<02:04,  9.60s/it] 52%|█████▏    | 13/25 [02:04<01:55,  9.59s/it] 56%|█████▌    | 14/25 [02:14<01:45,  9.60s/it] 60%|██████    | 15/25 [02:24<01:36,  9.60s/it] 64%|██████▍   | 16/25 [02:33<01:26,  9.60s/it] 68%|██████▊   | 17/25 [02:43<01:16,  9.60s/it] 72%|███████▏  | 18/25 [02:52<01:07,  9.60s/it] 76%|███████▌  | 19/25 [03:02<00:57,  9.60s/it] 80%|████████  | 20/25 [03:11<00:47,  9.59s/it] 84%|████████▍ | 21/25 [03:21<00:38,  9.58s/it] 88%|████████▊ | 22/25 [03:31<00:28,  9.59s/it] 92%|█████████▏| 23/25 [03:40<00:19,  9.60s/it] 96%|█████████▌| 24/25 [03:50<00:09,  9.59s/it]100%|██████████| 25/25 [03:59<00:00,  9.59s/it]100%|██████████| 25/25 [03:59<00:00,  9.60s/it]
[I 2024-05-26 02:03:41,701] Trial 36 finished with value: 0.013349260808899999 and parameters: {'d_model': 128, 'num_heads': 4, 'num_layers': 5, 'lr': 0.00028091229758010126, 'batch_size': 50, 'wd': 6.98841277482121e-06}. Best is trial 32 with value: 0.011010598274879158.
  0%|          | 0/25 [00:00<?, ?it/s]  0%|          | 0/25 [00:04<?, ?it/s]
[I 2024-05-26 02:03:46,753] Trial 37 pruned. 
  0%|          | 0/25 [00:00<?, ?it/s]  0%|          | 0/25 [00:09<?, ?it/s]
[I 2024-05-26 02:03:56,519] Trial 38 pruned. 
  0%|          | 0/25 [00:00<?, ?it/s]  0%|          | 0/25 [00:04<?, ?it/s]
[I 2024-05-26 02:04:01,252] Trial 39 pruned. 
  0%|          | 0/25 [00:00<?, ?it/s]  0%|          | 0/25 [00:09<?, ?it/s]
[I 2024-05-26 02:04:11,056] Trial 40 pruned. 
  0%|          | 0/25 [00:00<?, ?it/s]  0%|          | 0/25 [00:09<?, ?it/s]
[I 2024-05-26 02:04:20,825] Trial 41 pruned. 
  0%|          | 0/25 [00:00<?, ?it/s]  0%|          | 0/25 [00:09<?, ?it/s]
[I 2024-05-26 02:04:30,642] Trial 42 pruned. 
  0%|          | 0/25 [00:00<?, ?it/s]  4%|▍         | 1/25 [00:04<01:53,  4.72s/it]  4%|▍         | 1/25 [00:09<03:46,  9.43s/it]
[I 2024-05-26 02:04:40,179] Trial 43 pruned. 
  0%|          | 0/25 [00:00<?, ?it/s]  4%|▍         | 1/25 [00:07<03:09,  7.88s/it]  8%|▊         | 2/25 [00:15<03:01,  7.91s/it] 12%|█▏        | 3/25 [00:23<02:53,  7.90s/it] 16%|█▌        | 4/25 [00:31<02:45,  7.90s/it] 20%|██        | 5/25 [00:39<02:38,  7.90s/it] 24%|██▍       | 6/25 [00:47<02:30,  7.91s/it] 28%|██▊       | 7/25 [00:55<02:22,  7.90s/it] 32%|███▏      | 8/25 [01:03<02:14,  7.90s/it] 36%|███▌      | 9/25 [01:11<02:06,  7.90s/it] 40%|████      | 10/25 [01:19<01:58,  7.91s/it] 44%|████▍     | 11/25 [01:26<01:50,  7.91s/it] 48%|████▊     | 12/25 [01:34<01:42,  7.91s/it] 52%|█████▏    | 13/25 [01:42<01:34,  7.91s/it] 56%|█████▌    | 14/25 [01:50<01:26,  7.90s/it] 60%|██████    | 15/25 [01:58<01:18,  7.89s/it] 64%|██████▍   | 16/25 [02:06<01:11,  7.90s/it] 68%|██████▊   | 17/25 [02:14<01:03,  7.90s/it] 72%|███████▏  | 18/25 [02:22<00:55,  7.90s/it] 76%|███████▌  | 19/25 [02:30<00:47,  7.90s/it] 80%|████████  | 20/25 [02:38<00:39,  7.90s/it] 84%|████████▍ | 21/25 [02:45<00:31,  7.90s/it] 88%|████████▊ | 22/25 [02:53<00:23,  7.90s/it] 92%|█████████▏| 23/25 [03:01<00:15,  7.90s/it] 96%|█████████▌| 24/25 [03:09<00:07,  7.90s/it]100%|██████████| 25/25 [03:17<00:00,  7.90s/it]100%|██████████| 25/25 [03:17<00:00,  7.90s/it]
[I 2024-05-26 02:07:57,839] Trial 44 finished with value: 0.011879991902969778 and parameters: {'d_model': 128, 'num_heads': 4, 'num_layers': 4, 'lr': 0.0004335825805285678, 'batch_size': 50, 'wd': 1.038330805951562e-06}. Best is trial 32 with value: 0.011010598274879158.
  0%|          | 0/25 [00:00<?, ?it/s]  4%|▍         | 1/25 [00:06<02:28,  6.20s/it]  8%|▊         | 2/25 [00:12<02:22,  6.20s/it] 12%|█▏        | 3/25 [00:18<02:16,  6.20s/it] 16%|█▌        | 4/25 [00:24<02:10,  6.21s/it] 20%|██        | 5/25 [00:31<02:03,  6.20s/it] 24%|██▍       | 6/25 [00:37<01:57,  6.19s/it] 24%|██▍       | 6/25 [00:43<02:17,  7.22s/it]
[I 2024-05-26 02:08:41,297] Trial 45 pruned. 
  0%|          | 0/25 [00:00<?, ?it/s]  0%|          | 0/25 [00:07<?, ?it/s]
[I 2024-05-26 02:08:49,284] Trial 46 pruned. 
  0%|          | 0/25 [00:00<?, ?it/s]  0%|          | 0/25 [00:03<?, ?it/s]
[I 2024-05-26 02:08:53,141] Trial 47 pruned. 
  0%|          | 0/25 [00:00<?, ?it/s]  4%|▍         | 1/25 [00:03<01:19,  3.30s/it]  4%|▍         | 1/25 [00:06<02:38,  6.60s/it]
[I 2024-05-26 02:08:59,822] Trial 48 pruned. 
  0%|          | 0/25 [00:00<?, ?it/s]  0%|          | 0/25 [00:04<?, ?it/s]
[I 2024-05-26 02:09:04,496] Trial 49 pruned. 
  0%|          | 0/25 [00:00<?, ?it/s]  0%|          | 0/25 [00:06<?, ?it/s]
[I 2024-05-26 02:09:10,808] Trial 50 pruned. 
  0%|          | 0/25 [00:00<?, ?it/s]  4%|▍         | 1/25 [00:09<03:51,  9.64s/it]  4%|▍         | 1/25 [00:19<07:42, 19.26s/it]
[I 2024-05-26 02:09:30,186] Trial 51 pruned. 
  0%|          | 0/25 [00:00<?, ?it/s]  4%|▍         | 1/25 [00:09<03:52,  9.69s/it]  8%|▊         | 2/25 [00:19<03:42,  9.69s/it] 12%|█▏        | 3/25 [00:29<03:32,  9.67s/it] 16%|█▌        | 4/25 [00:38<03:22,  9.66s/it] 20%|██        | 5/25 [00:48<03:13,  9.66s/it] 24%|██▍       | 6/25 [00:57<03:03,  9.66s/it] 28%|██▊       | 7/25 [01:07<02:53,  9.66s/it] 32%|███▏      | 8/25 [01:17<02:44,  9.66s/it] 36%|███▌      | 9/25 [01:26<02:34,  9.66s/it] 40%|████      | 10/25 [01:36<02:25,  9.67s/it] 44%|████▍     | 11/25 [01:46<02:15,  9.68s/it] 48%|████▊     | 12/25 [01:56<02:05,  9.67s/it] 52%|█████▏    | 13/25 [02:05<01:55,  9.66s/it] 56%|█████▌    | 14/25 [02:15<01:46,  9.66s/it] 60%|██████    | 15/25 [02:24<01:36,  9.66s/it] 64%|██████▍   | 16/25 [02:34<01:27,  9.67s/it] 68%|██████▊   | 17/25 [02:44<01:17,  9.66s/it] 72%|███████▏  | 18/25 [02:54<01:07,  9.67s/it] 76%|███████▌  | 19/25 [03:03<00:58,  9.68s/it] 80%|████████  | 20/25 [03:13<00:48,  9.67s/it] 84%|████████▍ | 21/25 [03:23<00:38,  9.68s/it] 88%|████████▊ | 22/25 [03:32<00:29,  9.68s/it] 92%|█████████▏| 23/25 [03:42<00:19,  9.68s/it] 96%|█████████▌| 24/25 [03:52<00:09,  9.67s/it]100%|██████████| 25/25 [04:01<00:00,  9.66s/it]100%|██████████| 25/25 [04:01<00:00,  9.67s/it]
[I 2024-05-26 02:13:32,021] Trial 52 finished with value: 0.013012566091492771 and parameters: {'d_model': 128, 'num_heads': 4, 'num_layers': 5, 'lr': 0.00030689155369037735, 'batch_size': 50, 'wd': 2.498538384678937e-06}. Best is trial 32 with value: 0.011010598274879158.
  0%|          | 0/25 [00:00<?, ?it/s]  4%|▍         | 1/25 [00:07<03:09,  7.90s/it]  4%|▍         | 1/25 [00:15<06:18, 15.78s/it]
[I 2024-05-26 02:13:47,912] Trial 53 pruned. 
  0%|          | 0/25 [00:00<?, ?it/s]  0%|          | 0/25 [00:03<?, ?it/s]
[I 2024-05-26 02:13:51,359] Trial 54 pruned. 
  0%|          | 0/25 [00:00<?, ?it/s]  4%|▍         | 1/25 [00:07<03:10,  7.93s/it]  4%|▍         | 1/25 [00:15<06:20, 15.85s/it]
[I 2024-05-26 02:14:07,330] Trial 55 pruned. 
  0%|          | 0/25 [00:00<?, ?it/s]  0%|          | 0/25 [00:13<?, ?it/s]
[I 2024-05-26 02:14:20,602] Trial 56 pruned. 
  0%|          | 0/25 [00:00<?, ?it/s]  4%|▍         | 1/25 [00:01<00:40,  1.67s/it]  4%|▍         | 1/25 [00:03<01:19,  3.32s/it]
[I 2024-05-26 02:14:23,998] Trial 57 pruned. 
  0%|          | 0/25 [00:00<?, ?it/s]  0%|          | 0/25 [00:09<?, ?it/s]
[I 2024-05-26 02:14:33,811] Trial 58 pruned. 
  0%|          | 0/25 [00:00<?, ?it/s]  0%|          | 0/25 [00:04<?, ?it/s]
[I 2024-05-26 02:14:38,738] Trial 59 pruned. 
  0%|          | 0/25 [00:00<?, ?it/s]  0%|          | 0/25 [00:03<?, ?it/s]
[I 2024-05-26 02:14:42,805] Trial 60 pruned. 
  0%|          | 0/25 [00:00<?, ?it/s]  0%|          | 0/25 [00:09<?, ?it/s]
[I 2024-05-26 02:14:52,607] Trial 61 pruned. 
  0%|          | 0/25 [00:00<?, ?it/s]  0%|          | 0/25 [00:09<?, ?it/s]
[I 2024-05-26 02:15:02,384] Trial 62 pruned. 
  0%|          | 0/25 [00:00<?, ?it/s]  4%|▍         | 1/25 [00:07<03:09,  7.88s/it]  4%|▍         | 1/25 [00:15<06:18, 15.75s/it]
[I 2024-05-26 02:15:18,246] Trial 63 pruned. 
  0%|          | 0/25 [00:00<?, ?it/s]  4%|▍         | 1/25 [00:07<03:10,  7.95s/it]  8%|▊         | 2/25 [00:15<03:02,  7.93s/it] 12%|█▏        | 3/25 [00:23<02:54,  7.94s/it] 16%|█▌        | 4/25 [00:31<02:46,  7.94s/it] 20%|██        | 5/25 [00:39<02:38,  7.94s/it] 24%|██▍       | 6/25 [00:47<02:30,  7.94s/it] 28%|██▊       | 7/25 [00:55<02:22,  7.94s/it] 32%|███▏      | 8/25 [01:03<02:14,  7.94s/it] 36%|███▌      | 9/25 [01:11<02:06,  7.93s/it] 40%|████      | 10/25 [01:19<01:59,  7.93s/it] 44%|████▍     | 11/25 [01:27<01:51,  7.94s/it] 48%|████▊     | 12/25 [01:35<01:43,  7.94s/it] 52%|█████▏    | 13/25 [01:43<01:35,  7.94s/it] 56%|█████▌    | 14/25 [01:51<01:27,  7.93s/it] 60%|██████    | 15/25 [01:59<01:19,  7.94s/it] 64%|██████▍   | 16/25 [02:07<01:11,  7.95s/it] 68%|██████▊   | 17/25 [02:14<01:03,  7.94s/it] 72%|███████▏  | 18/25 [02:22<00:55,  7.94s/it] 76%|███████▌  | 19/25 [02:30<00:47,  7.94s/it] 80%|████████  | 20/25 [02:38<00:39,  7.95s/it] 84%|████████▍ | 21/25 [02:46<00:31,  7.95s/it] 88%|████████▊ | 22/25 [02:54<00:23,  7.96s/it] 92%|█████████▏| 23/25 [03:02<00:15,  7.96s/it] 96%|█████████▌| 24/25 [03:10<00:07,  7.97s/it]100%|██████████| 25/25 [03:18<00:00,  7.95s/it]100%|██████████| 25/25 [03:18<00:00,  7.95s/it]
[I 2024-05-26 02:18:36,982] Trial 64 finished with value: 0.012874405039474368 and parameters: {'d_model': 128, 'num_heads': 4, 'num_layers': 4, 'lr': 0.0002482165376357376, 'batch_size': 50, 'wd': 2.2072139237825683e-06}. Best is trial 32 with value: 0.011010598274879158.
  0%|          | 0/25 [00:00<?, ?it/s]  0%|          | 0/25 [00:03<?, ?it/s]
[I 2024-05-26 02:18:40,696] Trial 65 pruned. 
  0%|          | 0/25 [00:00<?, ?it/s]  4%|▍         | 1/25 [00:07<03:10,  7.95s/it]  8%|▊         | 2/25 [00:15<03:02,  7.95s/it] 12%|█▏        | 3/25 [00:23<02:54,  7.93s/it] 16%|█▌        | 4/25 [00:31<02:46,  7.94s/it] 20%|██        | 5/25 [00:39<02:38,  7.94s/it] 24%|██▍       | 6/25 [00:47<02:30,  7.94s/it] 28%|██▊       | 7/25 [00:55<02:23,  7.95s/it] 32%|███▏      | 8/25 [01:03<02:15,  7.95s/it] 36%|███▌      | 9/25 [01:11<02:07,  7.96s/it] 40%|████      | 10/25 [01:19<01:59,  7.95s/it] 44%|████▍     | 11/25 [01:27<01:51,  7.95s/it] 48%|████▊     | 12/25 [01:35<01:43,  7.95s/it] 52%|█████▏    | 13/25 [01:43<01:35,  7.95s/it] 56%|█████▌    | 14/25 [01:51<01:27,  7.95s/it] 60%|██████    | 15/25 [01:59<01:19,  7.95s/it] 64%|██████▍   | 16/25 [02:07<01:11,  7.95s/it] 68%|██████▊   | 17/25 [02:15<01:03,  7.95s/it] 72%|███████▏  | 18/25 [02:23<00:55,  7.95s/it] 76%|███████▌  | 19/25 [02:31<00:47,  7.95s/it] 80%|████████  | 20/25 [02:38<00:39,  7.95s/it] 84%|████████▍ | 21/25 [02:46<00:31,  7.96s/it] 88%|████████▊ | 22/25 [02:54<00:23,  7.95s/it] 92%|█████████▏| 23/25 [03:02<00:15,  7.94s/it] 96%|█████████▌| 24/25 [03:10<00:07,  7.95s/it]100%|██████████| 25/25 [03:18<00:00,  7.95s/it]100%|██████████| 25/25 [03:18<00:00,  7.95s/it]
[I 2024-05-26 02:21:59,532] Trial 66 finished with value: 0.014063405944034458 and parameters: {'d_model': 128, 'num_heads': 4, 'num_layers': 4, 'lr': 0.000226559754876115, 'batch_size': 50, 'wd': 3.562017586032562e-06}. Best is trial 32 with value: 0.011010598274879158.
  0%|          | 0/25 [00:00<?, ?it/s]  0%|          | 0/25 [00:05<?, ?it/s]
[I 2024-05-26 02:22:05,301] Trial 67 pruned. 
  0%|          | 0/25 [00:00<?, ?it/s]  0%|          | 0/25 [00:06<?, ?it/s]
[I 2024-05-26 02:22:11,590] Trial 68 pruned. 
  0%|          | 0/25 [00:00<?, ?it/s]  0%|          | 0/25 [00:03<?, ?it/s]
[I 2024-05-26 02:22:14,967] Trial 69 pruned. 
  0%|          | 0/25 [00:00<?, ?it/s]  0%|          | 0/25 [00:06<?, ?it/s]
[I 2024-05-26 02:22:21,247] Trial 70 pruned. 
  0%|          | 0/25 [00:00<?, ?it/s]  0%|          | 0/25 [00:09<?, ?it/s]
[I 2024-05-26 02:22:30,993] Trial 71 pruned. 
  0%|          | 0/25 [00:00<?, ?it/s]  4%|▍         | 1/25 [00:07<03:09,  7.91s/it]  8%|▊         | 2/25 [00:15<03:02,  7.92s/it] 12%|█▏        | 3/25 [00:23<02:54,  7.93s/it] 16%|█▌        | 4/25 [00:31<02:46,  7.91s/it] 20%|██        | 5/25 [00:39<02:38,  7.92s/it] 24%|██▍       | 6/25 [00:47<02:30,  7.92s/it] 28%|██▊       | 7/25 [00:55<02:22,  7.91s/it] 32%|███▏      | 8/25 [01:03<02:14,  7.91s/it] 36%|███▌      | 9/25 [01:11<02:06,  7.91s/it] 40%|████      | 10/25 [01:19<01:58,  7.92s/it] 44%|████▍     | 11/25 [01:27<01:50,  7.92s/it] 48%|████▊     | 12/25 [01:34<01:42,  7.91s/it] 52%|█████▏    | 13/25 [01:42<01:34,  7.90s/it] 56%|█████▌    | 14/25 [01:50<01:27,  7.91s/it] 60%|██████    | 15/25 [01:58<01:19,  7.91s/it] 64%|██████▍   | 16/25 [02:06<01:11,  7.91s/it] 68%|██████▊   | 17/25 [02:14<01:03,  7.91s/it] 72%|███████▏  | 18/25 [02:22<00:55,  7.92s/it] 76%|███████▌  | 19/25 [02:30<00:47,  7.91s/it] 80%|████████  | 20/25 [02:38<00:39,  7.92s/it] 84%|████████▍ | 21/25 [02:46<00:31,  7.91s/it] 88%|████████▊ | 22/25 [02:54<00:23,  7.91s/it] 92%|█████████▏| 23/25 [03:01<00:15,  7.90s/it] 96%|█████████▌| 24/25 [03:09<00:07,  7.90s/it]100%|██████████| 25/25 [03:17<00:00,  7.90s/it]100%|██████████| 25/25 [03:17<00:00,  7.91s/it]
[I 2024-05-26 02:25:48,863] Trial 72 finished with value: 0.011507124034687876 and parameters: {'d_model': 128, 'num_heads': 4, 'num_layers': 4, 'lr': 0.00033061284543633616, 'batch_size': 50, 'wd': 5.969801104983978e-06}. Best is trial 32 with value: 0.011010598274879158.
  0%|          | 0/25 [00:00<?, ?it/s]  4%|▍         | 1/25 [00:07<03:10,  7.94s/it]  4%|▍         | 1/25 [00:15<06:20, 15.84s/it]
[I 2024-05-26 02:26:04,814] Trial 73 pruned. 
  0%|          | 0/25 [00:00<?, ?it/s]  0%|          | 0/25 [00:07<?, ?it/s]
[I 2024-05-26 02:26:12,863] Trial 74 pruned. 
  0%|          | 0/25 [00:00<?, ?it/s]  0%|          | 0/25 [00:07<?, ?it/s]
[I 2024-05-26 02:26:20,896] Trial 75 pruned. 
  0%|          | 0/25 [00:00<?, ?it/s]  0%|          | 0/25 [00:02<?, ?it/s]
[I 2024-05-26 02:26:23,777] Trial 76 pruned. 
  0%|          | 0/25 [00:00<?, ?it/s]  0%|          | 0/25 [00:06<?, ?it/s]
[I 2024-05-26 02:26:29,958] Trial 77 pruned. 
  0%|          | 0/25 [00:00<?, ?it/s]  0%|          | 0/25 [00:08<?, ?it/s]
[I 2024-05-26 02:26:38,073] Trial 78 pruned. 
  0%|          | 0/25 [00:00<?, ?it/s]  0%|          | 0/25 [00:03<?, ?it/s]
[I 2024-05-26 02:26:41,820] Trial 79 pruned. 
  0%|          | 0/25 [00:00<?, ?it/s]  0%|          | 0/25 [00:07<?, ?it/s]
[I 2024-05-26 02:26:49,881] Trial 80 pruned. 
  0%|          | 0/25 [00:00<?, ?it/s]  0%|          | 0/25 [00:09<?, ?it/s]
[I 2024-05-26 02:26:59,736] Trial 81 pruned. 
  0%|          | 0/25 [00:00<?, ?it/s]  0%|          | 0/25 [00:09<?, ?it/s]
[I 2024-05-26 02:27:09,565] Trial 82 pruned. 
  0%|          | 0/25 [00:00<?, ?it/s]  4%|▍         | 1/25 [00:11<04:34, 11.42s/it]  8%|▊         | 2/25 [00:22<04:22, 11.42s/it]  8%|▊         | 2/25 [00:34<06:34, 17.13s/it]
[I 2024-05-26 02:27:43,952] Trial 83 pruned. 
  0%|          | 0/25 [00:00<?, ?it/s]  4%|▍         | 1/25 [00:07<03:10,  7.94s/it]  8%|▊         | 2/25 [00:15<03:02,  7.94s/it] 12%|█▏        | 3/25 [00:23<02:56,  8.00s/it] 16%|█▌        | 4/25 [00:31<02:47,  7.98s/it] 20%|██        | 5/25 [00:39<02:39,  7.97s/it] 24%|██▍       | 6/25 [00:47<02:31,  7.96s/it] 28%|██▊       | 7/25 [00:55<02:23,  7.95s/it] 32%|███▏      | 8/25 [01:03<02:15,  7.95s/it] 36%|███▌      | 9/25 [01:11<02:07,  7.95s/it] 40%|████      | 10/25 [01:19<01:59,  7.95s/it] 44%|████▍     | 11/25 [01:27<01:51,  7.95s/it] 48%|████▊     | 12/25 [01:35<01:43,  7.95s/it] 52%|█████▏    | 13/25 [01:43<01:35,  7.95s/it] 56%|█████▌    | 14/25 [01:51<01:27,  7.95s/it] 60%|██████    | 15/25 [01:59<01:19,  7.96s/it] 64%|██████▍   | 16/25 [02:07<01:11,  7.96s/it] 68%|██████▊   | 17/25 [02:15<01:03,  7.96s/it] 72%|███████▏  | 18/25 [02:23<00:55,  7.96s/it] 76%|███████▌  | 19/25 [02:31<00:47,  7.96s/it] 80%|████████  | 20/25 [02:39<00:39,  7.96s/it] 84%|████████▍ | 21/25 [02:47<00:31,  7.96s/it] 88%|████████▊ | 22/25 [02:55<00:23,  7.95s/it] 92%|█████████▏| 23/25 [03:03<00:15,  7.95s/it] 96%|█████████▌| 24/25 [03:10<00:07,  7.96s/it]100%|██████████| 25/25 [03:18<00:00,  7.95s/it]100%|██████████| 25/25 [03:18<00:00,  7.96s/it]
[I 2024-05-26 02:31:02,981] Trial 84 finished with value: 0.012478852039203047 and parameters: {'d_model': 128, 'num_heads': 4, 'num_layers': 4, 'lr': 0.000198266336406893, 'batch_size': 50, 'wd': 7.5725592641620964e-06}. Best is trial 32 with value: 0.011010598274879158.
  0%|          | 0/25 [00:00<?, ?it/s]  0%|          | 0/25 [00:05<?, ?it/s]
[I 2024-05-26 02:31:08,768] Trial 85 pruned. 
  0%|          | 0/25 [00:00<?, ?it/s]  4%|▍         | 1/25 [00:07<03:10,  7.92s/it]  8%|▊         | 2/25 [00:15<03:02,  7.93s/it]  8%|▊         | 2/25 [00:23<04:33, 11.89s/it]
[I 2024-05-26 02:31:32,667] Trial 86 pruned. 
  0%|          | 0/25 [00:00<?, ?it/s]  4%|▍         | 1/25 [00:06<02:29,  6.22s/it]  8%|▊         | 2/25 [00:12<02:23,  6.22s/it]  8%|▊         | 2/25 [00:18<03:34,  9.33s/it]
[I 2024-05-26 02:31:51,430] Trial 87 pruned. 
  0%|          | 0/25 [00:00<?, ?it/s]  0%|          | 0/25 [00:03<?, ?it/s]
[I 2024-05-26 02:31:54,854] Trial 88 pruned. 
  0%|          | 0/25 [00:00<?, ?it/s]  4%|▍         | 1/25 [00:07<03:10,  7.94s/it]  8%|▊         | 2/25 [00:15<03:02,  7.92s/it] 12%|█▏        | 3/25 [00:23<02:54,  7.92s/it] 16%|█▌        | 4/25 [00:31<02:46,  7.95s/it] 16%|█▌        | 4/25 [00:39<03:28,  9.92s/it]
[I 2024-05-26 02:32:34,636] Trial 89 pruned. 
  0%|          | 0/25 [00:00<?, ?it/s]  4%|▍         | 1/25 [00:02<00:51,  2.16s/it]  4%|▍         | 1/25 [00:04<01:43,  4.32s/it]
[I 2024-05-26 02:32:39,044] Trial 90 pruned. 
  0%|          | 0/25 [00:00<?, ?it/s]  4%|▍         | 1/25 [00:09<03:52,  9.70s/it]  4%|▍         | 1/25 [00:19<07:46, 19.42s/it]
