[I 2024-05-26 02:32:58,600] Trial 91 pruned. 
  0%|          | 0/25 [00:00<?, ?it/s]  0%|          | 0/25 [00:09<?, ?it/s]
[I 2024-05-26 02:33:08,410] Trial 92 pruned. 
  0%|          | 0/25 [00:00<?, ?it/s]  4%|▍         | 1/25 [00:07<03:09,  7.91s/it]  8%|▊         | 2/25 [00:15<03:02,  7.94s/it] 12%|█▏        | 3/25 [00:23<02:54,  7.92s/it] 16%|█▌        | 4/25 [00:31<02:46,  7.92s/it] 20%|██        | 5/25 [00:39<02:38,  7.93s/it] 24%|██▍       | 6/25 [00:47<02:30,  7.93s/it] 28%|██▊       | 7/25 [00:55<02:22,  7.93s/it] 32%|███▏      | 8/25 [01:03<02:14,  7.93s/it] 36%|███▌      | 9/25 [01:11<02:06,  7.92s/it] 40%|████      | 10/25 [01:19<01:58,  7.93s/it] 44%|████▍     | 11/25 [01:27<01:50,  7.93s/it] 48%|████▊     | 12/25 [01:35<01:42,  7.92s/it] 52%|█████▏    | 13/25 [01:43<01:35,  7.92s/it] 56%|█████▌    | 14/25 [01:50<01:26,  7.91s/it] 60%|██████    | 15/25 [01:58<01:19,  7.90s/it] 64%|██████▍   | 16/25 [02:06<01:11,  7.90s/it] 68%|██████▊   | 17/25 [02:14<01:03,  7.91s/it] 72%|███████▏  | 18/25 [02:22<00:55,  7.90s/it] 76%|███████▌  | 19/25 [02:30<00:47,  7.91s/it] 80%|████████  | 20/25 [02:38<00:39,  7.91s/it] 84%|████████▍ | 21/25 [02:46<00:31,  7.92s/it] 88%|████████▊ | 22/25 [02:54<00:23,  7.92s/it] 92%|█████████▏| 23/25 [03:02<00:15,  7.91s/it] 96%|█████████▌| 24/25 [03:09<00:07,  7.91s/it]100%|██████████| 25/25 [03:17<00:00,  7.91s/it]100%|██████████| 25/25 [03:17<00:00,  7.92s/it]
[I 2024-05-26 02:36:26,429] Trial 93 finished with value: 0.011146988649852575 and parameters: {'d_model': 128, 'num_heads': 4, 'num_layers': 4, 'lr': 0.0003492955929776336, 'batch_size': 50, 'wd': 7.109353295842641e-06}. Best is trial 32 with value: 0.011010598274879158.
  0%|          | 0/25 [00:00<?, ?it/s]  0%|          | 0/25 [00:07<?, ?it/s]
[I 2024-05-26 02:36:34,501] Trial 94 pruned. 
  0%|          | 0/25 [00:00<?, ?it/s]  4%|▍         | 1/25 [00:07<03:09,  7.91s/it]  8%|▊         | 2/25 [00:15<03:02,  7.91s/it] 12%|█▏        | 3/25 [00:23<02:54,  7.92s/it] 16%|█▌        | 4/25 [00:31<02:46,  7.91s/it] 20%|██        | 5/25 [00:39<02:38,  7.90s/it] 24%|██▍       | 6/25 [00:47<02:30,  7.91s/it] 28%|██▊       | 7/25 [00:55<02:22,  7.91s/it] 32%|███▏      | 8/25 [01:03<02:14,  7.91s/it] 36%|███▌      | 9/25 [01:11<02:06,  7.91s/it] 40%|████      | 10/25 [01:19<01:58,  7.91s/it] 44%|████▍     | 11/25 [01:27<01:50,  7.91s/it] 48%|████▊     | 12/25 [01:34<01:42,  7.91s/it] 52%|█████▏    | 13/25 [01:42<01:34,  7.90s/it] 56%|█████▌    | 14/25 [01:50<01:27,  7.91s/it] 60%|██████    | 15/25 [01:58<01:19,  7.91s/it] 64%|██████▍   | 16/25 [02:06<01:11,  7.91s/it] 68%|██████▊   | 17/25 [02:14<01:03,  7.90s/it] 72%|███████▏  | 18/25 [02:22<00:55,  7.91s/it] 76%|███████▌  | 19/25 [02:30<00:47,  7.91s/it] 80%|████████  | 20/25 [02:38<00:39,  7.91s/it] 84%|████████▍ | 21/25 [02:46<00:31,  7.92s/it] 88%|████████▊ | 22/25 [02:54<00:23,  7.92s/it] 92%|█████████▏| 23/25 [03:01<00:15,  7.91s/it] 96%|█████████▌| 24/25 [03:09<00:07,  7.91s/it]100%|██████████| 25/25 [03:17<00:00,  7.92s/it]100%|██████████| 25/25 [03:17<00:00,  7.91s/it]
[I 2024-05-26 02:39:52,398] Trial 95 finished with value: 0.011577382148243488 and parameters: {'d_model': 128, 'num_heads': 4, 'num_layers': 4, 'lr': 0.00040815137023185477, 'batch_size': 50, 'wd': 4.36620054004035e-06}. Best is trial 32 with value: 0.011010598274879158.
  0%|          | 0/25 [00:00<?, ?it/s]  0%|          | 0/25 [00:07<?, ?it/s]
[I 2024-05-26 02:40:00,510] Trial 96 pruned. 
  0%|          | 0/25 [00:00<?, ?it/s]  0%|          | 0/25 [00:04<?, ?it/s]
[I 2024-05-26 02:40:05,405] Trial 97 pruned. 
  0%|          | 0/25 [00:00<?, ?it/s]  0%|          | 0/25 [00:06<?, ?it/s]
[I 2024-05-26 02:40:11,731] Trial 98 pruned. 
  0%|          | 0/25 [00:00<?, ?it/s]  0%|          | 0/25 [00:04<?, ?it/s]
[I 2024-05-26 02:40:16,468] Trial 99 pruned. 
10 False
Number of finished trials:  100
Best hyperparameters:  {'d_model': 128, 'num_heads': 4, 'num_layers': 4, 'lr': 0.00035045954963081673, 'batch_size': 50, 'wd': 2.3389690449134356e-06}
Best validation loss:  0.011010598274879158

JOB STATISTICS
==============
Job ID: 6384552
Cluster: snellius
User/Group: igardner/igardner
State: COMPLETED (exit code 0)
Nodes: 1
Cores per node: 18
CPU Utilized: 18:56:56
CPU Efficiency: 99.23% of 19:05:42 core-walltime
Job Wall-clock time: 01:03:39
Memory Utilized: 6.47 GB
Memory Efficiency: 5.39% of 120.00 GB
