============================================================================================== 
Warning! Mixing Conda and module environments may lead to corruption of the
user environment. 
We do not recommend users mixing those two environments unless absolutely
necessary. Note that 
SURF does not provide any support for Conda environment.
For more information, please refer to our software policy page:
https://servicedesk.surf.nl/wiki/display/WIKI/Software+policy+Snellius#SoftwarepolicySnellius-UseofAnacondaandMinicondaenvironmentsonSnellius 

Remember that many packages have already been installed on the system and can
be loaded using 
the 'module load <package__name>' command. If you are uncertain if a package is
already available 
on the system, please use 'module avail' or 'module spider' to search for it.
============================================================================================== 
[I 2024-05-26 01:36:56,034] A new study created in memory with name: no-name-4362b388-8d84-4eaf-85f6-550f9c7da75b
  0%|          | 0/25 [00:00<?, ?it/s]  4%|▍         | 1/25 [00:02<00:54,  2.29s/it]  8%|▊         | 2/25 [00:04<00:47,  2.06s/it] 12%|█▏        | 3/25 [00:06<00:43,  1.99s/it] 16%|█▌        | 4/25 [00:07<00:40,  1.95s/it] 20%|██        | 5/25 [00:09<00:38,  1.93s/it] 24%|██▍       | 6/25 [00:11<00:36,  1.93s/it] 28%|██▊       | 7/25 [00:13<00:34,  1.92s/it] 32%|███▏      | 8/25 [00:15<00:32,  1.92s/it] 36%|███▌      | 9/25 [00:17<00:30,  1.93s/it] 40%|████      | 10/25 [00:19<00:28,  1.92s/it] 44%|████▍     | 11/25 [00:21<00:26,  1.91s/it] 48%|████▊     | 12/25 [00:23<00:24,  1.91s/it] 52%|█████▏    | 13/25 [00:25<00:22,  1.91s/it] 56%|█████▌    | 14/25 [00:27<00:20,  1.91s/it] 60%|██████    | 15/25 [00:28<00:19,  1.91s/it] 64%|██████▍   | 16/25 [00:30<00:17,  1.92s/it] 68%|██████▊   | 17/25 [00:32<00:15,  1.91s/it] 72%|███████▏  | 18/25 [00:34<00:13,  1.91s/it] 76%|███████▌  | 19/25 [00:36<00:11,  1.92s/it] 80%|████████  | 20/25 [00:38<00:09,  1.91s/it] 84%|████████▍ | 21/25 [00:40<00:07,  1.92s/it] 88%|████████▊ | 22/25 [00:42<00:05,  1.91s/it] 92%|█████████▏| 23/25 [00:44<00:03,  1.92s/it] 96%|█████████▌| 24/25 [00:46<00:01,  1.91s/it]100%|██████████| 25/25 [00:48<00:00,  1.90s/it]100%|██████████| 25/25 [00:48<00:00,  1.92s/it]
[I 2024-05-26 01:37:44,847] Trial 0 finished with value: 0.0284271914511919 and parameters: {'d_model': 64, 'num_heads': 16, 'num_layers': 3, 'lr': 0.0003327183170363903, 'batch_size': 200, 'wd': 2.291965160259425e-05}. Best is trial 0 with value: 0.0284271914511919.
  0%|          | 0/25 [00:00<?, ?it/s]  4%|▍         | 1/25 [00:01<00:42,  1.76s/it]  8%|▊         | 2/25 [00:03<00:40,  1.75s/it] 12%|█▏        | 3/25 [00:05<00:38,  1.75s/it] 16%|█▌        | 4/25 [00:07<00:36,  1.75s/it] 20%|██        | 5/25 [00:08<00:35,  1.75s/it] 24%|██▍       | 6/25 [00:10<00:33,  1.76s/it] 28%|██▊       | 7/25 [00:12<00:31,  1.75s/it] 32%|███▏      | 8/25 [00:14<00:29,  1.75s/it] 36%|███▌      | 9/25 [00:15<00:27,  1.75s/it] 40%|████      | 10/25 [00:17<00:26,  1.75s/it] 44%|████▍     | 11/25 [00:19<00:24,  1.74s/it] 48%|████▊     | 12/25 [00:20<00:22,  1.74s/it] 52%|█████▏    | 13/25 [00:22<00:20,  1.74s/it] 56%|█████▌    | 14/25 [00:24<00:19,  1.74s/it] 60%|██████    | 15/25 [00:26<00:17,  1.75s/it] 64%|██████▍   | 16/25 [00:27<00:15,  1.75s/it] 68%|██████▊   | 17/25 [00:29<00:13,  1.75s/it] 72%|███████▏  | 18/25 [00:31<00:12,  1.75s/it] 76%|███████▌  | 19/25 [00:33<00:10,  1.74s/it] 80%|████████  | 20/25 [00:34<00:08,  1.74s/it] 84%|████████▍ | 21/25 [00:36<00:06,  1.75s/it] 88%|████████▊ | 22/25 [00:38<00:05,  1.75s/it] 92%|█████████▏| 23/25 [00:40<00:03,  1.75s/it] 96%|█████████▌| 24/25 [00:41<00:01,  1.75s/it]100%|██████████| 25/25 [00:43<00:00,  1.75s/it]100%|██████████| 25/25 [00:43<00:00,  1.75s/it]
[I 2024-05-26 01:38:28,696] Trial 1 finished with value: 0.018837046809494495 and parameters: {'d_model': 64, 'num_heads': 8, 'num_layers': 2, 'lr': 0.00045976120182678287, 'batch_size': 100, 'wd': 0.00018670026178905366}. Best is trial 1 with value: 0.018837046809494495.
  0%|          | 0/25 [00:00<?, ?it/s]  4%|▍         | 1/25 [00:01<00:37,  1.58s/it]  8%|▊         | 2/25 [00:03<00:36,  1.58s/it] 12%|█▏        | 3/25 [00:04<00:34,  1.57s/it] 16%|█▌        | 4/25 [00:06<00:32,  1.57s/it] 20%|██        | 5/25 [00:07<00:31,  1.57s/it] 24%|██▍       | 6/25 [00:09<00:29,  1.58s/it] 28%|██▊       | 7/25 [00:11<00:28,  1.58s/it] 32%|███▏      | 8/25 [00:12<00:26,  1.57s/it] 36%|███▌      | 9/25 [00:14<00:25,  1.57s/it] 40%|████      | 10/25 [00:15<00:23,  1.57s/it] 44%|████▍     | 11/25 [00:17<00:21,  1.57s/it] 48%|████▊     | 12/25 [00:18<00:20,  1.57s/it] 52%|█████▏    | 13/25 [00:20<00:18,  1.57s/it] 56%|█████▌    | 14/25 [00:21<00:17,  1.57s/it] 60%|██████    | 15/25 [00:23<00:15,  1.57s/it] 64%|██████▍   | 16/25 [00:25<00:14,  1.57s/it] 68%|██████▊   | 17/25 [00:26<00:12,  1.57s/it] 72%|███████▏  | 18/25 [00:28<00:10,  1.57s/it] 76%|███████▌  | 19/25 [00:29<00:09,  1.57s/it] 80%|████████  | 20/25 [00:31<00:07,  1.57s/it] 84%|████████▍ | 21/25 [00:32<00:06,  1.57s/it] 88%|████████▊ | 22/25 [00:34<00:04,  1.57s/it] 92%|█████████▏| 23/25 [00:36<00:03,  1.57s/it] 96%|█████████▌| 24/25 [00:37<00:01,  1.57s/it]100%|██████████| 25/25 [00:39<00:00,  1.57s/it]100%|██████████| 25/25 [00:39<00:00,  1.57s/it]
[I 2024-05-26 01:39:08,049] Trial 2 finished with value: 0.022972116013988853 and parameters: {'d_model': 64, 'num_heads': 4, 'num_layers': 1, 'lr': 0.00024133160763652515, 'batch_size': 50, 'wd': 1.5915099159911954e-06}. Best is trial 1 with value: 0.018837046809494495.
  0%|          | 0/25 [00:00<?, ?it/s]  4%|▍         | 1/25 [00:01<00:27,  1.17s/it]  8%|▊         | 2/25 [00:02<00:26,  1.16s/it] 12%|█▏        | 3/25 [00:03<00:25,  1.16s/it] 16%|█▌        | 4/25 [00:04<00:24,  1.16s/it] 20%|██        | 5/25 [00:05<00:23,  1.16s/it] 24%|██▍       | 6/25 [00:06<00:21,  1.16s/it] 28%|██▊       | 7/25 [00:08<00:20,  1.16s/it] 32%|███▏      | 8/25 [00:09<00:19,  1.16s/it] 36%|███▌      | 9/25 [00:10<00:18,  1.16s/it] 40%|████      | 10/25 [00:11<00:17,  1.16s/it] 44%|████▍     | 11/25 [00:12<00:16,  1.16s/it] 48%|████▊     | 12/25 [00:13<00:15,  1.16s/it] 52%|█████▏    | 13/25 [00:15<00:13,  1.16s/it] 56%|█████▌    | 14/25 [00:16<00:12,  1.16s/it] 60%|██████    | 15/25 [00:17<00:11,  1.16s/it] 64%|██████▍   | 16/25 [00:18<00:10,  1.16s/it] 68%|██████▊   | 17/25 [00:19<00:09,  1.16s/it] 72%|███████▏  | 18/25 [00:20<00:08,  1.16s/it] 76%|███████▌  | 19/25 [00:21<00:06,  1.16s/it] 80%|████████  | 20/25 [00:23<00:05,  1.16s/it] 84%|████████▍ | 21/25 [00:24<00:04,  1.16s/it] 88%|████████▊ | 22/25 [00:25<00:03,  1.16s/it] 92%|█████████▏| 23/25 [00:26<00:02,  1.16s/it] 96%|█████████▌| 24/25 [00:27<00:01,  1.16s/it]100%|██████████| 25/25 [00:28<00:00,  1.16s/it]100%|██████████| 25/25 [00:28<00:00,  1.16s/it]
[I 2024-05-26 01:39:37,063] Trial 3 finished with value: 0.0371418052486011 and parameters: {'d_model': 32, 'num_heads': 8, 'num_layers': 3, 'lr': 0.00033033702380602095, 'batch_size': 150, 'wd': 1.4232324028269394e-05}. Best is trial 1 with value: 0.018837046809494495.
  0%|          | 0/25 [00:00<?, ?it/s]  4%|▍         | 1/25 [00:02<01:01,  2.55s/it]  8%|▊         | 2/25 [00:05<00:58,  2.55s/it] 12%|█▏        | 3/25 [00:07<00:56,  2.55s/it] 16%|█▌        | 4/25 [00:10<00:53,  2.55s/it] 20%|██        | 5/25 [00:12<00:50,  2.55s/it] 24%|██▍       | 6/25 [00:15<00:48,  2.55s/it] 28%|██▊       | 7/25 [00:17<00:45,  2.55s/it] 32%|███▏      | 8/25 [00:20<00:43,  2.55s/it] 36%|███▌      | 9/25 [00:22<00:40,  2.55s/it] 40%|████      | 10/25 [00:25<00:38,  2.55s/it] 44%|████▍     | 11/25 [00:28<00:35,  2.55s/it] 48%|████▊     | 12/25 [00:30<00:33,  2.57s/it] 52%|█████▏    | 13/25 [00:33<00:30,  2.56s/it] 56%|█████▌    | 14/25 [00:35<00:28,  2.55s/it] 60%|██████    | 15/25 [00:38<00:25,  2.55s/it] 64%|██████▍   | 16/25 [00:40<00:22,  2.55s/it] 68%|██████▊   | 17/25 [00:43<00:20,  2.54s/it] 72%|███████▏  | 18/25 [00:45<00:17,  2.55s/it] 76%|███████▌  | 19/25 [00:48<00:15,  2.55s/it] 80%|████████  | 20/25 [00:50<00:12,  2.54s/it] 84%|████████▍ | 21/25 [00:53<00:10,  2.54s/it] 88%|████████▊ | 22/25 [00:56<00:07,  2.54s/it] 92%|█████████▏| 23/25 [00:58<00:05,  2.54s/it] 96%|█████████▌| 24/25 [01:01<00:02,  2.54s/it]100%|██████████| 25/25 [01:03<00:00,  2.54s/it]100%|██████████| 25/25 [01:03<00:00,  2.55s/it]
[I 2024-05-26 01:40:40,780] Trial 4 finished with value: 0.05471773594617844 and parameters: {'d_model': 32, 'num_heads': 16, 'num_layers': 5, 'lr': 2.174582916836253e-05, 'batch_size': 100, 'wd': 0.0005758357288134598}. Best is trial 1 with value: 0.018837046809494495.
  0%|          | 0/25 [00:00<?, ?it/s]  0%|          | 0/25 [00:01<?, ?it/s]
[I 2024-05-26 01:40:42,660] Trial 5 pruned. 
  0%|          | 0/25 [00:00<?, ?it/s]  0%|          | 0/25 [00:02<?, ?it/s]
[I 2024-05-26 01:40:44,867] Trial 6 pruned. 
  0%|          | 0/25 [00:00<?, ?it/s]  0%|          | 0/25 [00:01<?, ?it/s]
[I 2024-05-26 01:40:46,761] Trial 7 pruned. 
  0%|          | 0/25 [00:00<?, ?it/s]  0%|          | 0/25 [00:08<?, ?it/s]
[I 2024-05-26 01:40:55,223] Trial 8 pruned. 
  0%|          | 0/25 [00:00<?, ?it/s]  0%|          | 0/25 [00:03<?, ?it/s]
[I 2024-05-26 01:40:58,334] Trial 9 pruned. 
  0%|          | 0/25 [00:00<?, ?it/s]  0%|          | 0/25 [00:01<?, ?it/s]
[I 2024-05-26 01:40:59,501] Trial 10 pruned. 
  0%|          | 0/25 [00:00<?, ?it/s]  4%|▍         | 1/25 [00:01<00:38,  1.59s/it]  8%|▊         | 2/25 [00:03<00:36,  1.59s/it] 12%|█▏        | 3/25 [00:04<00:35,  1.59s/it] 16%|█▌        | 4/25 [00:06<00:33,  1.59s/it] 20%|██        | 5/25 [00:07<00:31,  1.60s/it] 24%|██▍       | 6/25 [00:09<00:30,  1.59s/it] 28%|██▊       | 7/25 [00:11<00:28,  1.59s/it] 32%|███▏      | 8/25 [00:12<00:27,  1.60s/it] 36%|███▌      | 9/25 [00:14<00:25,  1.60s/it] 40%|████      | 10/25 [00:15<00:23,  1.60s/it] 44%|████▍     | 11/25 [00:17<00:22,  1.59s/it] 48%|████▊     | 12/25 [00:19<00:20,  1.59s/it] 52%|█████▏    | 13/25 [00:20<00:19,  1.59s/it] 56%|█████▌    | 14/25 [00:22<00:17,  1.59s/it] 60%|██████    | 15/25 [00:23<00:15,  1.59s/it] 64%|██████▍   | 16/25 [00:25<00:14,  1.59s/it] 68%|██████▊   | 17/25 [00:27<00:12,  1.59s/it] 72%|███████▏  | 18/25 [00:28<00:11,  1.59s/it] 76%|███████▌  | 19/25 [00:30<00:09,  1.59s/it] 80%|████████  | 20/25 [00:31<00:07,  1.59s/it] 84%|████████▍ | 21/25 [00:33<00:06,  1.59s/it] 88%|████████▊ | 22/25 [00:35<00:04,  1.59s/it] 92%|█████████▏| 23/25 [00:36<00:03,  1.59s/it] 96%|█████████▌| 24/25 [00:38<00:01,  1.59s/it]100%|██████████| 25/25 [00:39<00:00,  1.59s/it]100%|██████████| 25/25 [00:39<00:00,  1.59s/it]
[I 2024-05-26 01:41:39,363] Trial 11 finished with value: 0.01959863188676536 and parameters: {'d_model': 64, 'num_heads': 4, 'num_layers': 1, 'lr': 0.00027844197256820033, 'batch_size': 50, 'wd': 2.1516860201647617e-06}. Best is trial 1 with value: 0.018837046809494495.
  0%|          | 0/25 [00:00<?, ?it/s]  4%|▍         | 1/25 [00:02<01:01,  2.58s/it]  8%|▊         | 2/25 [00:05<00:59,  2.58s/it] 12%|█▏        | 3/25 [00:07<00:56,  2.58s/it] 16%|█▌        | 4/25 [00:10<00:54,  2.58s/it] 20%|██        | 5/25 [00:12<00:51,  2.58s/it] 24%|██▍       | 6/25 [00:15<00:49,  2.58s/it] 28%|██▊       | 7/25 [00:18<00:46,  2.58s/it] 32%|███▏      | 8/25 [00:20<00:43,  2.58s/it] 36%|███▌      | 9/25 [00:23<00:41,  2.58s/it] 40%|████      | 10/25 [00:25<00:38,  2.58s/it] 44%|████▍     | 11/25 [00:28<00:36,  2.58s/it] 48%|████▊     | 12/25 [00:30<00:33,  2.58s/it] 52%|█████▏    | 13/25 [00:33<00:30,  2.58s/it] 56%|█████▌    | 14/25 [00:36<00:28,  2.58s/it] 60%|██████    | 15/25 [00:38<00:25,  2.58s/it] 64%|██████▍   | 16/25 [00:41<00:23,  2.58s/it] 68%|██████▊   | 17/25 [00:43<00:20,  2.58s/it] 72%|███████▏  | 18/25 [00:46<00:18,  2.58s/it] 76%|███████▌  | 19/25 [00:48<00:15,  2.58s/it] 80%|████████  | 20/25 [00:51<00:12,  2.58s/it] 84%|████████▍ | 21/25 [00:54<00:10,  2.58s/it] 88%|████████▊ | 22/25 [00:56<00:07,  2.58s/it] 92%|█████████▏| 23/25 [00:59<00:05,  2.58s/it] 96%|█████████▌| 24/25 [01:01<00:02,  2.58s/it]100%|██████████| 25/25 [01:04<00:00,  2.57s/it]100%|██████████| 25/25 [01:04<00:00,  2.58s/it]
[I 2024-05-26 01:42:43,897] Trial 12 finished with value: 0.01534743090160191 and parameters: {'d_model': 64, 'num_heads': 4, 'num_layers': 2, 'lr': 0.00014970743803293806, 'batch_size': 50, 'wd': 1.41380725434411e-06}. Best is trial 12 with value: 0.01534743090160191.
  0%|          | 0/25 [00:00<?, ?it/s]  4%|▍         | 1/25 [00:02<01:01,  2.57s/it]  8%|▊         | 2/25 [00:05<00:59,  2.57s/it]  8%|▊         | 2/25 [00:07<01:28,  3.86s/it]
[I 2024-05-26 01:42:51,689] Trial 13 pruned. 
  0%|          | 0/25 [00:00<?, ?it/s]  4%|▍         | 1/25 [00:04<01:46,  4.43s/it]  8%|▊         | 2/25 [00:08<01:41,  4.41s/it]  8%|▊         | 2/25 [00:13<02:32,  6.62s/it]
[I 2024-05-26 01:43:05,021] Trial 14 pruned. 
  0%|          | 0/25 [00:00<?, ?it/s]  0%|          | 0/25 [00:03<?, ?it/s]
[I 2024-05-26 01:43:08,190] Trial 15 pruned. 
  0%|          | 0/25 [00:00<?, ?it/s]  0%|          | 0/25 [00:01<?, ?it/s]
[I 2024-05-26 01:43:09,628] Trial 16 pruned. 
  0%|          | 0/25 [00:00<?, ?it/s]  0%|          | 0/25 [00:04<?, ?it/s]
[I 2024-05-26 01:43:13,722] Trial 17 pruned. 
  0%|          | 0/25 [00:00<?, ?it/s]  4%|▍         | 1/25 [00:02<01:06,  2.76s/it]  8%|▊         | 2/25 [00:05<01:03,  2.76s/it]  8%|▊         | 2/25 [00:08<01:35,  4.15s/it]
[I 2024-05-26 01:43:22,091] Trial 18 pruned. 
  0%|          | 0/25 [00:00<?, ?it/s]  0%|          | 0/25 [00:03<?, ?it/s]
[I 2024-05-26 01:43:25,362] Trial 19 pruned. 
  0%|          | 0/25 [00:00<?, ?it/s]  4%|▍         | 1/25 [00:02<00:58,  2.42s/it]  8%|▊         | 2/25 [00:04<00:55,  2.42s/it]  8%|▊         | 2/25 [00:07<01:23,  3.63s/it]
[I 2024-05-26 01:43:32,702] Trial 20 pruned. 
  0%|          | 0/25 [00:00<?, ?it/s]  0%|          | 0/25 [00:01<?, ?it/s]
[I 2024-05-26 01:43:34,368] Trial 21 pruned. 
  0%|          | 0/25 [00:00<?, ?it/s]  4%|▍         | 1/25 [00:01<00:38,  1.59s/it]  8%|▊         | 2/25 [00:03<00:36,  1.59s/it] 12%|█▏        | 3/25 [00:04<00:34,  1.59s/it] 16%|█▌        | 4/25 [00:06<00:33,  1.59s/it] 20%|██        | 5/25 [00:07<00:31,  1.59s/it] 24%|██▍       | 6/25 [00:09<00:30,  1.59s/it] 28%|██▊       | 7/25 [00:11<00:28,  1.59s/it] 32%|███▏      | 8/25 [00:12<00:27,  1.59s/it] 36%|███▌      | 9/25 [00:14<00:25,  1.59s/it] 40%|████      | 10/25 [00:15<00:23,  1.59s/it] 44%|████▍     | 11/25 [00:17<00:22,  1.60s/it] 48%|████▊     | 12/25 [00:19<00:20,  1.60s/it] 52%|█████▏    | 13/25 [00:20<00:19,  1.60s/it] 56%|█████▌    | 14/25 [00:22<00:17,  1.59s/it] 60%|██████    | 15/25 [00:23<00:15,  1.60s/it] 64%|██████▍   | 16/25 [00:25<00:14,  1.59s/it] 68%|██████▊   | 17/25 [00:27<00:12,  1.59s/it] 72%|███████▏  | 18/25 [00:28<00:11,  1.59s/it] 76%|███████▌  | 19/25 [00:30<00:09,  1.59s/it] 80%|████████  | 20/25 [00:31<00:07,  1.59s/it] 84%|████████▍ | 21/25 [00:33<00:06,  1.59s/it] 88%|████████▊ | 22/25 [00:35<00:04,  1.59s/it] 92%|█████████▏| 23/25 [00:36<00:03,  1.60s/it] 96%|█████████▌| 24/25 [00:38<00:01,  1.60s/it]100%|██████████| 25/25 [00:39<00:00,  1.60s/it]100%|██████████| 25/25 [00:39<00:00,  1.59s/it]
[I 2024-05-26 01:44:14,289] Trial 22 finished with value: 0.019970556255429983 and parameters: {'d_model': 64, 'num_heads': 4, 'num_layers': 1, 'lr': 0.00044590493721099664, 'batch_size': 50, 'wd': 2.903443234248621e-06}. Best is trial 12 with value: 0.01534743090160191.
  0%|          | 0/25 [00:00<?, ?it/s]  4%|▍         | 1/25 [00:02<01:01,  2.58s/it]  8%|▊         | 2/25 [00:05<00:59,  2.58s/it] 12%|█▏        | 3/25 [00:07<00:56,  2.59s/it] 16%|█▌        | 4/25 [00:10<00:54,  2.58s/it] 20%|██        | 5/25 [00:12<00:51,  2.58s/it] 24%|██▍       | 6/25 [00:15<00:49,  2.58s/it] 28%|██▊       | 7/25 [00:18<00:46,  2.58s/it] 32%|███▏      | 8/25 [00:20<00:43,  2.58s/it] 36%|███▌      | 9/25 [00:23<00:41,  2.58s/it] 40%|████      | 10/25 [00:25<00:38,  2.58s/it] 44%|████▍     | 11/25 [00:28<00:36,  2.58s/it] 48%|████▊     | 12/25 [00:30<00:33,  2.58s/it] 52%|█████▏    | 13/25 [00:33<00:30,  2.58s/it] 56%|█████▌    | 14/25 [00:36<00:28,  2.58s/it] 60%|██████    | 15/25 [00:38<00:25,  2.59s/it] 64%|██████▍   | 16/25 [00:41<00:23,  2.58s/it] 68%|██████▊   | 17/25 [00:43<00:20,  2.58s/it] 72%|███████▏  | 18/25 [00:46<00:18,  2.58s/it] 76%|███████▌  | 19/25 [00:49<00:15,  2.58s/it] 80%|████████  | 20/25 [00:51<00:12,  2.58s/it] 84%|████████▍ | 21/25 [00:54<00:10,  2.58s/it] 88%|████████▊ | 22/25 [00:56<00:07,  2.58s/it] 92%|█████████▏| 23/25 [00:59<00:05,  2.58s/it] 96%|█████████▌| 24/25 [01:01<00:02,  2.58s/it]100%|██████████| 25/25 [01:04<00:00,  2.58s/it]100%|██████████| 25/25 [01:04<00:00,  2.58s/it]
[I 2024-05-26 01:45:18,903] Trial 23 finished with value: 0.014624465396627784 and parameters: {'d_model': 64, 'num_heads': 4, 'num_layers': 2, 'lr': 0.00021805974546421086, 'batch_size': 50, 'wd': 2.2648971980880253e-06}. Best is trial 23 with value: 0.014624465396627784.
  0%|          | 0/25 [00:00<?, ?it/s]  4%|▍         | 1/25 [00:02<01:02,  2.60s/it]  4%|▍         | 1/25 [00:05<02:04,  5.17s/it]
[I 2024-05-26 01:45:24,148] Trial 24 pruned. 
  0%|          | 0/25 [00:00<?, ?it/s]  4%|▍         | 1/25 [00:04<01:49,  4.56s/it]  4%|▍         | 1/25 [00:09<03:38,  9.12s/it]
[I 2024-05-26 01:45:33,343] Trial 25 pruned. 
  0%|          | 0/25 [00:00<?, ?it/s]  0%|          | 0/25 [00:01<?, ?it/s]
[I 2024-05-26 01:45:35,313] Trial 26 pruned. 
  0%|          | 0/25 [00:00<?, ?it/s]  0%|          | 0/25 [00:00<?, ?it/s]
[I 2024-05-26 01:45:35,989] Trial 27 pruned. 
  0%|          | 0/25 [00:00<?, ?it/s]  4%|▍         | 1/25 [00:07<03:09,  7.88s/it]  8%|▊         | 2/25 [00:15<03:01,  7.87s/it] 12%|█▏        | 3/25 [00:23<02:52,  7.86s/it] 16%|█▌        | 4/25 [00:31<02:45,  7.87s/it] 20%|██        | 5/25 [00:39<02:37,  7.86s/it] 24%|██▍       | 6/25 [00:47<02:29,  7.85s/it] 28%|██▊       | 7/25 [00:55<02:21,  7.86s/it] 32%|███▏      | 8/25 [01:02<02:13,  7.86s/it] 36%|███▌      | 9/25 [01:10<02:05,  7.85s/it] 40%|████      | 10/25 [01:18<01:57,  7.86s/it] 44%|████▍     | 11/25 [01:26<01:49,  7.86s/it] 48%|████▊     | 12/25 [01:34<01:42,  7.85s/it] 52%|█████▏    | 13/25 [01:42<01:34,  7.85s/it] 56%|█████▌    | 14/25 [01:50<01:26,  7.86s/it] 60%|██████    | 15/25 [01:57<01:18,  7.85s/it] 64%|██████▍   | 16/25 [02:05<01:10,  7.85s/it] 68%|██████▊   | 17/25 [02:13<01:02,  7.85s/it] 72%|███████▏  | 18/25 [02:21<00:54,  7.86s/it] 76%|███████▌  | 19/25 [02:29<00:47,  7.86s/it] 80%|████████  | 20/25 [02:37<00:39,  7.86s/it] 84%|████████▍ | 21/25 [02:44<00:31,  7.85s/it] 88%|████████▊ | 22/25 [02:52<00:23,  7.85s/it] 92%|█████████▏| 23/25 [03:00<00:15,  7.85s/it] 96%|█████████▌| 24/25 [03:08<00:07,  7.84s/it]100%|██████████| 25/25 [03:16<00:00,  7.85s/it]100%|██████████| 25/25 [03:16<00:00,  7.85s/it]
[I 2024-05-26 01:48:52,440] Trial 28 finished with value: 0.011794728925451636 and parameters: {'d_model': 128, 'num_heads': 4, 'num_layers': 4, 'lr': 0.0003450583827280288, 'batch_size': 50, 'wd': 1.038894762443424e-06}. Best is trial 28 with value: 0.011794728925451636.
  0%|          | 0/25 [00:00<?, ?it/s]  4%|▍         | 1/25 [00:11<04:32, 11.35s/it]  4%|▍         | 1/25 [00:22<09:04, 22.69s/it]
[I 2024-05-26 01:49:15,261] Trial 29 pruned. 
  0%|          | 0/25 [00:00<?, ?it/s]  0%|          | 0/25 [00:06<?, ?it/s]
[I 2024-05-26 01:49:21,598] Trial 30 pruned. 
  0%|          | 0/25 [00:00<?, ?it/s]  4%|▍         | 1/25 [00:07<03:08,  7.85s/it]  8%|▊         | 2/25 [00:15<03:00,  7.86s/it] 12%|█▏        | 3/25 [00:23<02:52,  7.86s/it] 16%|█▌        | 4/25 [00:31<02:45,  7.87s/it] 20%|██        | 5/25 [00:39<02:37,  7.86s/it] 24%|██▍       | 6/25 [00:47<02:29,  7.86s/it] 28%|██▊       | 7/25 [00:55<02:21,  7.86s/it] 32%|███▏      | 8/25 [01:02<02:13,  7.86s/it] 36%|███▌      | 9/25 [01:10<02:05,  7.86s/it] 40%|████      | 10/25 [01:18<01:57,  7.85s/it] 44%|████▍     | 11/25 [01:26<01:49,  7.84s/it] 48%|████▊     | 12/25 [01:34<01:42,  7.85s/it] 52%|█████▏    | 13/25 [01:42<01:34,  7.85s/it] 56%|█████▌    | 14/25 [01:49<01:26,  7.84s/it] 60%|██████    | 15/25 [01:57<01:18,  7.85s/it] 64%|██████▍   | 16/25 [02:05<01:10,  7.84s/it] 68%|██████▊   | 17/25 [02:13<01:02,  7.85s/it] 72%|███████▏  | 18/25 [02:21<00:54,  7.85s/it] 76%|███████▌  | 19/25 [02:29<00:47,  7.85s/it] 80%|████████  | 20/25 [02:37<00:39,  7.86s/it] 84%|████████▍ | 21/25 [02:44<00:31,  7.86s/it] 88%|████████▊ | 22/25 [02:52<00:23,  7.86s/it] 92%|█████████▏| 23/25 [03:00<00:15,  7.86s/it] 96%|█████████▌| 24/25 [03:08<00:07,  7.86s/it]100%|██████████| 25/25 [03:16<00:00,  7.87s/it]100%|██████████| 25/25 [03:16<00:00,  7.86s/it]
