============================================================================================== 
Warning! Mixing Conda and module environments may lead to corruption of the
user environment. 
We do not recommend users mixing those two environments unless absolutely
necessary. Note that 
SURF does not provide any support for Conda environment.
For more information, please refer to our software policy page:
https://servicedesk.surf.nl/wiki/display/WIKI/Software+policy+Snellius#SoftwarepolicySnellius-UseofAnacondaandMinicondaenvironmentsonSnellius 

Remember that many packages have already been installed on the system and can
be loaded using 
the 'module load <package__name>' command. If you are uncertain if a package is
already available 
on the system, please use 'module avail' or 'module spider' to search for it.
============================================================================================== 
[I 2024-05-25 00:33:32,217] A new study created in memory with name: no-name-17482fca-a93c-48bb-8bbc-051f2f0bf861
  0%|          | 0/25 [00:00<?, ?it/s]  4%|▍         | 1/25 [00:01<00:32,  1.35s/it]  8%|▊         | 2/25 [00:02<00:29,  1.27s/it] 12%|█▏        | 3/25 [00:03<00:26,  1.22s/it] 16%|█▌        | 4/25 [00:04<00:25,  1.19s/it] 20%|██        | 5/25 [00:06<00:23,  1.18s/it] 24%|██▍       | 6/25 [00:07<00:22,  1.17s/it] 28%|██▊       | 7/25 [00:08<00:20,  1.16s/it] 32%|███▏      | 8/25 [00:09<00:19,  1.16s/it] 36%|███▌      | 9/25 [00:10<00:18,  1.16s/it] 40%|████      | 10/25 [00:11<00:17,  1.16s/it] 44%|████▍     | 11/25 [00:12<00:16,  1.15s/it] 48%|████▊     | 12/25 [00:14<00:14,  1.15s/it] 52%|█████▏    | 13/25 [00:15<00:13,  1.15s/it] 56%|█████▌    | 14/25 [00:16<00:12,  1.15s/it] 60%|██████    | 15/25 [00:17<00:11,  1.15s/it] 64%|██████▍   | 16/25 [00:18<00:10,  1.16s/it] 68%|██████▊   | 17/25 [00:19<00:09,  1.17s/it] 72%|███████▏  | 18/25 [00:21<00:08,  1.17s/it] 76%|███████▌  | 19/25 [00:22<00:07,  1.18s/it] 80%|████████  | 20/25 [00:23<00:05,  1.19s/it] 84%|████████▍ | 21/25 [00:24<00:04,  1.18s/it] 88%|████████▊ | 22/25 [00:25<00:03,  1.17s/it] 92%|█████████▏| 23/25 [00:26<00:02,  1.17s/it] 96%|█████████▌| 24/25 [00:28<00:01,  1.16s/it]100%|██████████| 25/25 [00:29<00:00,  1.16s/it]100%|██████████| 25/25 [00:29<00:00,  1.17s/it]
[I 2024-05-25 00:34:01,887] Trial 0 finished with value: 0.022965290350839496 and parameters: {'d_model': 64, 'num_heads': 4, 'num_layers': 1, 'lr': 0.0002693361600923324, 'batch_size': 50, 'wd': 9.59188928640726e-06}. Best is trial 0 with value: 0.022965290350839496.
  0%|          | 0/25 [00:00<?, ?it/s]  4%|▍         | 1/25 [00:01<00:40,  1.67s/it]  8%|▊         | 2/25 [00:03<00:38,  1.66s/it] 12%|█▏        | 3/25 [00:04<00:36,  1.66s/it] 16%|█▌        | 4/25 [00:06<00:34,  1.66s/it] 20%|██        | 5/25 [00:08<00:33,  1.66s/it] 24%|██▍       | 6/25 [00:10<00:32,  1.69s/it] 28%|██▊       | 7/25 [00:11<00:30,  1.68s/it] 32%|███▏      | 8/25 [00:13<00:28,  1.67s/it] 36%|███▌      | 9/25 [00:15<00:26,  1.66s/it] 40%|████      | 10/25 [00:16<00:24,  1.66s/it] 44%|████▍     | 11/25 [00:18<00:23,  1.67s/it] 48%|████▊     | 12/25 [00:20<00:22,  1.71s/it] 52%|█████▏    | 13/25 [00:21<00:20,  1.70s/it] 56%|█████▌    | 14/25 [00:23<00:18,  1.68s/it] 60%|██████    | 15/25 [00:25<00:16,  1.68s/it] 64%|██████▍   | 16/25 [00:26<00:15,  1.67s/it] 68%|██████▊   | 17/25 [00:28<00:13,  1.67s/it] 72%|███████▏  | 18/25 [00:30<00:11,  1.67s/it] 76%|███████▌  | 19/25 [00:31<00:10,  1.67s/it] 80%|████████  | 20/25 [00:33<00:08,  1.67s/it] 84%|████████▍ | 21/25 [00:35<00:06,  1.67s/it] 88%|████████▊ | 22/25 [00:36<00:05,  1.67s/it] 92%|█████████▏| 23/25 [00:38<00:03,  1.66s/it] 96%|█████████▌| 24/25 [00:40<00:01,  1.69s/it]100%|██████████| 25/25 [00:41<00:00,  1.68s/it]100%|██████████| 25/25 [00:41<00:00,  1.67s/it]
[I 2024-05-25 00:34:43,848] Trial 1 finished with value: 0.018764449935406446 and parameters: {'d_model': 64, 'num_heads': 8, 'num_layers': 3, 'lr': 0.0002595909282375762, 'batch_size': 100, 'wd': 1.496541304828425e-06}. Best is trial 1 with value: 0.018764449935406446.
  0%|          | 0/25 [00:00<?, ?it/s]  4%|▍         | 1/25 [00:02<00:54,  2.29s/it]  8%|▊         | 2/25 [00:04<00:52,  2.27s/it] 12%|█▏        | 3/25 [00:06<00:49,  2.26s/it] 16%|█▌        | 4/25 [00:09<00:47,  2.25s/it] 20%|██        | 5/25 [00:11<00:44,  2.24s/it] 24%|██▍       | 6/25 [00:13<00:42,  2.25s/it] 28%|██▊       | 7/25 [00:16<00:47,  2.64s/it] 32%|███▏      | 8/25 [00:19<00:43,  2.57s/it] 36%|███▌      | 9/25 [00:21<00:39,  2.47s/it] 40%|████      | 10/25 [00:23<00:36,  2.42s/it] 44%|████▍     | 11/25 [00:26<00:33,  2.39s/it] 48%|████▊     | 12/25 [00:29<00:32,  2.53s/it] 52%|█████▏    | 13/25 [00:31<00:31,  2.62s/it] 56%|█████▌    | 14/25 [00:34<00:28,  2.57s/it] 60%|██████    | 15/25 [00:36<00:24,  2.49s/it] 64%|██████▍   | 16/25 [00:38<00:21,  2.40s/it] 68%|██████▊   | 17/25 [00:41<00:18,  2.34s/it] 72%|███████▏  | 18/25 [00:43<00:16,  2.29s/it] 76%|███████▌  | 19/25 [00:45<00:13,  2.25s/it] 80%|████████  | 20/25 [00:47<00:11,  2.24s/it] 84%|████████▍ | 21/25 [00:49<00:08,  2.22s/it] 88%|████████▊ | 22/25 [00:51<00:06,  2.21s/it] 92%|█████████▏| 23/25 [00:54<00:04,  2.20s/it] 96%|█████████▌| 24/25 [00:56<00:02,  2.21s/it]100%|██████████| 25/25 [00:58<00:00,  2.20s/it]100%|██████████| 25/25 [00:58<00:00,  2.34s/it]
[I 2024-05-25 00:35:42,517] Trial 2 finished with value: 0.038396913558244705 and parameters: {'d_model': 64, 'num_heads': 8, 'num_layers': 7, 'lr': 6.916600761987932e-05, 'batch_size': 200, 'wd': 0.001063803354362225}. Best is trial 1 with value: 0.018764449935406446.
  0%|          | 0/25 [00:00<?, ?it/s]  4%|▍         | 1/25 [00:04<01:42,  4.27s/it]  8%|▊         | 2/25 [00:08<01:38,  4.30s/it] 12%|█▏        | 3/25 [00:12<01:34,  4.29s/it] 16%|█▌        | 4/25 [00:17<01:29,  4.28s/it] 20%|██        | 5/25 [00:21<01:25,  4.28s/it] 24%|██▍       | 6/25 [00:25<01:21,  4.28s/it] 28%|██▊       | 7/25 [00:29<01:17,  4.28s/it] 32%|███▏      | 8/25 [00:34<01:12,  4.28s/it] 36%|███▌      | 9/25 [00:38<01:08,  4.28s/it] 40%|████      | 10/25 [00:42<01:04,  4.28s/it] 44%|████▍     | 11/25 [00:47<00:59,  4.28s/it] 48%|████▊     | 12/25 [00:51<00:55,  4.28s/it] 52%|█████▏    | 13/25 [00:55<00:51,  4.28s/it] 56%|█████▌    | 14/25 [00:59<00:47,  4.28s/it] 60%|██████    | 15/25 [01:04<00:42,  4.28s/it] 64%|██████▍   | 16/25 [01:08<00:38,  4.28s/it] 68%|██████▊   | 17/25 [01:12<00:34,  4.28s/it] 72%|███████▏  | 18/25 [01:17<00:29,  4.28s/it] 76%|███████▌  | 19/25 [01:21<00:25,  4.28s/it] 80%|████████  | 20/25 [01:25<00:21,  4.28s/it] 84%|████████▍ | 21/25 [01:29<00:17,  4.28s/it] 88%|████████▊ | 22/25 [01:34<00:12,  4.27s/it] 92%|█████████▏| 23/25 [01:38<00:08,  4.27s/it] 96%|█████████▌| 24/25 [01:42<00:04,  4.26s/it]100%|██████████| 25/25 [01:46<00:00,  4.26s/it]100%|██████████| 25/25 [01:46<00:00,  4.28s/it]
[I 2024-05-25 00:37:29,503] Trial 3 finished with value: 0.024595174007117748 and parameters: {'d_model': 64, 'num_heads': 16, 'num_layers': 5, 'lr': 0.00013875392234995748, 'batch_size': 50, 'wd': 1.6193613327391815e-06}. Best is trial 1 with value: 0.018764449935406446.
  0%|          | 0/25 [00:00<?, ?it/s]  4%|▍         | 1/25 [00:01<00:39,  1.63s/it]  8%|▊         | 2/25 [00:03<00:37,  1.62s/it] 12%|█▏        | 3/25 [00:04<00:35,  1.61s/it] 16%|█▌        | 4/25 [00:06<00:33,  1.61s/it] 20%|██        | 5/25 [00:08<00:31,  1.60s/it] 24%|██▍       | 6/25 [00:09<00:30,  1.59s/it] 28%|██▊       | 7/25 [00:11<00:28,  1.59s/it] 32%|███▏      | 8/25 [00:12<00:26,  1.58s/it] 36%|███▌      | 9/25 [00:14<00:25,  1.58s/it] 40%|████      | 10/25 [00:15<00:23,  1.57s/it] 44%|████▍     | 11/25 [00:17<00:21,  1.57s/it] 48%|████▊     | 12/25 [00:18<00:20,  1.56s/it] 52%|█████▏    | 13/25 [00:20<00:18,  1.56s/it] 56%|█████▌    | 14/25 [00:22<00:17,  1.56s/it] 60%|██████    | 15/25 [00:23<00:15,  1.56s/it] 64%|██████▍   | 16/25 [00:25<00:13,  1.55s/it] 68%|██████▊   | 17/25 [00:26<00:12,  1.55s/it] 72%|███████▏  | 18/25 [00:28<00:10,  1.55s/it] 76%|███████▌  | 19/25 [00:29<00:09,  1.54s/it] 80%|████████  | 20/25 [00:31<00:07,  1.55s/it] 84%|████████▍ | 21/25 [00:32<00:06,  1.54s/it] 88%|████████▊ | 22/25 [00:34<00:04,  1.54s/it] 92%|█████████▏| 23/25 [00:35<00:03,  1.54s/it] 96%|█████████▌| 24/25 [00:37<00:01,  1.54s/it]100%|██████████| 25/25 [00:39<00:00,  1.54s/it]100%|██████████| 25/25 [00:39<00:00,  1.56s/it]
[I 2024-05-25 00:38:08,658] Trial 4 finished with value: 0.0473309313878417 and parameters: {'d_model': 16, 'num_heads': 16, 'num_layers': 3, 'lr': 5.666479770821733e-05, 'batch_size': 50, 'wd': 0.0037276853869045758}. Best is trial 1 with value: 0.018764449935406446.
  0%|          | 0/25 [00:00<?, ?it/s]  4%|▍         | 1/25 [00:10<04:20, 10.87s/it]  8%|▊         | 2/25 [00:21<04:09, 10.83s/it]  8%|▊         | 2/25 [00:32<06:13, 16.24s/it]
[I 2024-05-25 00:38:41,250] Trial 5 pruned. 
  0%|          | 0/25 [00:00<?, ?it/s]  0%|          | 0/25 [00:02<?, ?it/s]
[I 2024-05-25 00:38:43,987] Trial 6 pruned. 
  0%|          | 0/25 [00:00<?, ?it/s]  0%|          | 0/25 [00:01<?, ?it/s]
[I 2024-05-25 00:38:45,182] Trial 7 pruned. 
  0%|          | 0/25 [00:00<?, ?it/s]  0%|          | 0/25 [00:02<?, ?it/s]
[I 2024-05-25 00:38:48,247] Trial 8 pruned. 
  0%|          | 0/25 [00:00<?, ?it/s]  4%|▍         | 1/25 [00:01<00:44,  1.87s/it]  8%|▊         | 2/25 [00:03<00:42,  1.87s/it] 12%|█▏        | 3/25 [00:05<00:40,  1.86s/it] 16%|█▌        | 4/25 [00:07<00:39,  1.86s/it] 20%|██        | 5/25 [00:09<00:37,  1.86s/it] 24%|██▍       | 6/25 [00:11<00:35,  1.85s/it] 28%|██▊       | 7/25 [00:13<00:33,  1.86s/it] 32%|███▏      | 8/25 [00:14<00:31,  1.86s/it] 36%|███▌      | 9/25 [00:16<00:29,  1.85s/it] 40%|████      | 10/25 [00:18<00:27,  1.85s/it] 44%|████▍     | 11/25 [00:20<00:25,  1.85s/it] 48%|████▊     | 12/25 [00:22<00:24,  1.86s/it] 52%|█████▏    | 13/25 [00:24<00:22,  1.86s/it] 56%|█████▌    | 14/25 [00:26<00:20,  1.86s/it] 60%|██████    | 15/25 [00:27<00:18,  1.87s/it] 64%|██████▍   | 16/25 [00:29<00:16,  1.87s/it] 68%|██████▊   | 17/25 [00:31<00:14,  1.86s/it] 72%|███████▏  | 18/25 [00:33<00:13,  1.87s/it] 76%|███████▌  | 19/25 [00:35<00:11,  1.86s/it] 80%|████████  | 20/25 [00:37<00:09,  1.86s/it] 84%|████████▍ | 21/25 [00:39<00:07,  1.87s/it] 88%|████████▊ | 22/25 [00:40<00:05,  1.87s/it] 92%|█████████▏| 23/25 [00:42<00:03,  1.87s/it] 96%|█████████▌| 24/25 [00:44<00:01,  1.87s/it]100%|██████████| 25/25 [00:46<00:00,  1.87s/it]100%|██████████| 25/25 [00:46<00:00,  1.86s/it]
[I 2024-05-25 00:39:34,899] Trial 9 finished with value: 0.015784275066107512 and parameters: {'d_model': 128, 'num_heads': 16, 'num_layers': 1, 'lr': 0.0008073175708048735, 'batch_size': 50, 'wd': 8.76611169145e-06}. Best is trial 9 with value: 0.015784275066107512.
  0%|          | 0/25 [00:00<?, ?it/s]  4%|▍         | 1/25 [00:00<00:12,  1.91it/s]  4%|▍         | 1/25 [00:01<00:25,  1.05s/it]
[I 2024-05-25 00:39:36,054] Trial 10 pruned. 
  0%|          | 0/25 [00:00<?, ?it/s]  0%|          | 0/25 [00:02<?, ?it/s]
[I 2024-05-25 00:39:38,827] Trial 11 pruned. 
  0%|          | 0/25 [00:00<?, ?it/s]  4%|▍         | 1/25 [00:01<00:28,  1.21s/it]  4%|▍         | 1/25 [00:02<00:57,  2.41s/it]
[I 2024-05-25 00:39:41,325] Trial 12 pruned. 
  0%|          | 0/25 [00:00<?, ?it/s]  0%|          | 0/25 [00:01<?, ?it/s]
[I 2024-05-25 00:39:43,301] Trial 13 pruned. 
  0%|          | 0/25 [00:00<?, ?it/s]  4%|▍         | 1/25 [00:01<00:45,  1.90s/it]  8%|▊         | 2/25 [00:03<00:43,  1.90s/it] 12%|█▏        | 3/25 [00:05<00:41,  1.90s/it] 16%|█▌        | 4/25 [00:07<00:39,  1.90s/it] 20%|██        | 5/25 [00:09<00:37,  1.90s/it] 24%|██▍       | 6/25 [00:11<00:36,  1.90s/it] 28%|██▊       | 7/25 [00:13<00:34,  1.90s/it] 32%|███▏      | 8/25 [00:15<00:32,  1.90s/it] 36%|███▌      | 9/25 [00:17<00:30,  1.90s/it] 40%|████      | 10/25 [00:18<00:28,  1.90s/it] 44%|████▍     | 11/25 [00:20<00:26,  1.90s/it] 48%|████▊     | 12/25 [00:22<00:24,  1.90s/it] 52%|█████▏    | 13/25 [00:24<00:22,  1.90s/it] 56%|█████▌    | 14/25 [00:26<00:20,  1.90s/it] 60%|██████    | 15/25 [00:28<00:18,  1.89s/it] 64%|██████▍   | 16/25 [00:30<00:17,  1.89s/it] 68%|██████▊   | 17/25 [00:32<00:15,  1.89s/it] 72%|███████▏  | 18/25 [00:34<00:13,  1.89s/it] 76%|███████▌  | 19/25 [00:36<00:11,  1.89s/it] 80%|████████  | 20/25 [00:37<00:09,  1.89s/it] 84%|████████▍ | 21/25 [00:39<00:07,  1.89s/it] 88%|████████▊ | 22/25 [00:41<00:05,  1.88s/it] 92%|█████████▏| 23/25 [00:43<00:03,  1.88s/it] 96%|█████████▌| 24/25 [00:45<00:01,  1.88s/it]100%|██████████| 25/25 [00:47<00:00,  1.88s/it]100%|██████████| 25/25 [00:47<00:00,  1.89s/it]
[I 2024-05-25 00:40:30,695] Trial 14 finished with value: 0.013834894960746169 and parameters: {'d_model': 64, 'num_heads': 4, 'num_layers': 2, 'lr': 0.0004996566980958387, 'batch_size': 50, 'wd': 3.64304430019335e-05}. Best is trial 14 with value: 0.013834894960746169.
  0%|          | 0/25 [00:00<?, ?it/s]  0%|          | 0/25 [00:01<?, ?it/s]
[I 2024-05-25 00:40:32,639] Trial 15 pruned. 
  0%|          | 0/25 [00:00<?, ?it/s]  0%|          | 0/25 [00:01<?, ?it/s]
[I 2024-05-25 00:40:34,094] Trial 16 pruned. 
  0%|          | 0/25 [00:00<?, ?it/s]  4%|▍         | 1/25 [00:02<00:48,  2.03s/it]  4%|▍         | 1/25 [00:04<01:37,  4.05s/it]
[I 2024-05-25 00:40:38,221] Trial 17 pruned. 
  0%|          | 0/25 [00:00<?, ?it/s]  4%|▍         | 1/25 [00:03<01:16,  3.21s/it]  8%|▊         | 2/25 [00:06<01:13,  3.20s/it] 12%|█▏        | 3/25 [00:09<01:10,  3.19s/it] 16%|█▌        | 4/25 [00:12<01:07,  3.20s/it] 20%|██        | 5/25 [00:15<01:03,  3.20s/it] 24%|██▍       | 6/25 [00:19<01:00,  3.20s/it] 28%|██▊       | 7/25 [00:22<00:57,  3.20s/it] 32%|███▏      | 8/25 [00:25<00:54,  3.20s/it] 36%|███▌      | 9/25 [00:28<00:51,  3.21s/it] 40%|████      | 10/25 [00:32<00:48,  3.20s/it] 44%|████▍     | 11/25 [00:35<00:44,  3.20s/it] 48%|████▊     | 12/25 [00:38<00:41,  3.20s/it] 52%|█████▏    | 13/25 [00:41<00:38,  3.20s/it] 56%|█████▌    | 14/25 [00:44<00:35,  3.21s/it] 60%|██████    | 15/25 [00:48<00:32,  3.20s/it] 64%|██████▍   | 16/25 [00:51<00:28,  3.19s/it] 68%|██████▊   | 17/25 [00:54<00:25,  3.21s/it] 72%|███████▏  | 18/25 [00:57<00:22,  3.20s/it] 76%|███████▌  | 19/25 [01:00<00:19,  3.20s/it] 80%|████████  | 20/25 [01:04<00:15,  3.20s/it] 84%|████████▍ | 21/25 [01:07<00:12,  3.19s/it] 88%|████████▊ | 22/25 [01:10<00:09,  3.19s/it] 92%|█████████▏| 23/25 [01:13<00:06,  3.19s/it] 96%|█████████▌| 24/25 [01:16<00:03,  3.19s/it]100%|██████████| 25/25 [01:19<00:00,  3.19s/it]100%|██████████| 25/25 [01:19<00:00,  3.20s/it]
[I 2024-05-25 00:41:58,309] Trial 18 finished with value: 0.01666802801191807 and parameters: {'d_model': 128, 'num_heads': 16, 'num_layers': 2, 'lr': 0.00013117527715396805, 'batch_size': 50, 'wd': 0.00026490689455183726}. Best is trial 14 with value: 0.013834894960746169.
  0%|          | 0/25 [00:00<?, ?it/s]  0%|          | 0/25 [00:01<?, ?it/s]
[I 2024-05-25 00:41:59,780] Trial 19 pruned. 
  0%|          | 0/25 [00:00<?, ?it/s]  0%|          | 0/25 [00:01<?, ?it/s]
[I 2024-05-25 00:42:01,301] Trial 20 pruned. 
  0%|          | 0/25 [00:00<?, ?it/s]  4%|▍         | 1/25 [00:03<01:16,  3.20s/it]  8%|▊         | 2/25 [00:06<01:13,  3.20s/it] 12%|█▏        | 3/25 [00:09<01:10,  3.19s/it] 16%|█▌        | 4/25 [00:12<01:06,  3.19s/it] 20%|██        | 5/25 [00:15<01:03,  3.19s/it] 24%|██▍       | 6/25 [00:19<01:00,  3.19s/it] 28%|██▊       | 7/25 [00:22<00:57,  3.19s/it] 32%|███▏      | 8/25 [00:25<00:54,  3.20s/it] 36%|███▌      | 9/25 [00:28<00:51,  3.20s/it] 40%|████      | 10/25 [00:31<00:47,  3.20s/it] 44%|████▍     | 11/25 [00:35<00:44,  3.20s/it] 48%|████▊     | 12/25 [00:38<00:41,  3.20s/it] 52%|█████▏    | 13/25 [00:41<00:38,  3.20s/it] 56%|█████▌    | 14/25 [00:44<00:35,  3.20s/it] 60%|██████    | 15/25 [00:47<00:31,  3.19s/it] 64%|██████▍   | 16/25 [00:51<00:28,  3.19s/it] 68%|██████▊   | 17/25 [00:54<00:25,  3.19s/it] 72%|███████▏  | 18/25 [00:57<00:22,  3.19s/it] 76%|███████▌  | 19/25 [01:00<00:19,  3.20s/it] 80%|████████  | 20/25 [01:03<00:15,  3.19s/it] 84%|████████▍ | 21/25 [01:07<00:12,  3.20s/it] 88%|████████▊ | 22/25 [01:10<00:09,  3.19s/it] 92%|█████████▏| 23/25 [01:13<00:06,  3.19s/it] 96%|█████████▌| 24/25 [01:16<00:03,  3.20s/it]100%|██████████| 25/25 [01:19<00:00,  3.20s/it]100%|██████████| 25/25 [01:19<00:00,  3.19s/it]
[I 2024-05-25 00:43:21,276] Trial 21 finished with value: 0.016018098080530764 and parameters: {'d_model': 128, 'num_heads': 16, 'num_layers': 2, 'lr': 0.0006782648136394335, 'batch_size': 50, 'wd': 0.0003077174177317194}. Best is trial 14 with value: 0.013834894960746169.
  0%|          | 0/25 [00:00<?, ?it/s]  0%|          | 0/25 [00:01<?, ?it/s]
[I 2024-05-25 00:43:23,280] Trial 22 pruned. 
  0%|          | 0/25 [00:00<?, ?it/s]  0%|          | 0/25 [00:03<?, ?it/s]
[I 2024-05-25 00:43:26,612] Trial 23 pruned. 
  0%|          | 0/25 [00:00<?, ?it/s]  4%|▍         | 1/25 [00:01<00:45,  1.89s/it]  8%|▊         | 2/25 [00:03<00:43,  1.90s/it]  8%|▊         | 2/25 [00:05<01:05,  2.84s/it]
[I 2024-05-25 00:43:32,396] Trial 24 pruned. 
  0%|          | 0/25 [00:00<?, ?it/s]  4%|▍         | 1/25 [00:03<01:24,  3.53s/it]  8%|▊         | 2/25 [00:07<01:20,  3.52s/it] 12%|█▏        | 3/25 [00:10<01:17,  3.52s/it] 16%|█▌        | 4/25 [00:14<01:13,  3.52s/it] 20%|██        | 5/25 [00:17<01:10,  3.51s/it] 24%|██▍       | 6/25 [00:21<01:06,  3.51s/it] 28%|██▊       | 7/25 [00:24<01:03,  3.51s/it] 32%|███▏      | 8/25 [00:28<00:59,  3.51s/it] 36%|███▌      | 9/25 [00:31<00:56,  3.52s/it] 40%|████      | 10/25 [00:35<00:52,  3.52s/it] 44%|████▍     | 11/25 [00:38<00:49,  3.51s/it] 48%|████▊     | 12/25 [00:42<00:45,  3.51s/it] 52%|█████▏    | 13/25 [00:45<00:42,  3.52s/it] 56%|█████▌    | 14/25 [00:49<00:38,  3.51s/it] 60%|██████    | 15/25 [00:52<00:35,  3.51s/it] 64%|██████▍   | 16/25 [00:56<00:31,  3.51s/it] 68%|██████▊   | 17/25 [00:59<00:28,  3.52s/it] 72%|███████▏  | 18/25 [01:03<00:24,  3.52s/it] 76%|███████▌  | 19/25 [01:06<00:21,  3.52s/it] 80%|████████  | 20/25 [01:10<00:17,  3.52s/it] 84%|████████▍ | 21/25 [01:13<00:14,  3.51s/it] 88%|████████▊ | 22/25 [01:17<00:10,  3.52s/it] 92%|█████████▏| 23/25 [01:20<00:07,  3.51s/it] 96%|█████████▌| 24/25 [01:24<00:03,  3.51s/it]100%|██████████| 25/25 [01:27<00:00,  3.51s/it]100%|██████████| 25/25 [01:27<00:00,  3.51s/it]
[I 2024-05-25 00:45:00,360] Trial 25 finished with value: 0.012904404383152723 and parameters: {'d_model': 64, 'num_heads': 4, 'num_layers': 4, 'lr': 0.0006019428790529013, 'batch_size': 50, 'wd': 3.862588594878684e-05}. Best is trial 25 with value: 0.012904404383152723.
  0%|          | 0/25 [00:00<?, ?it/s]  4%|▍         | 1/25 [00:03<01:24,  3.53s/it]  8%|▊         | 2/25 [00:07<01:20,  3.52s/it] 12%|█▏        | 3/25 [00:10<01:17,  3.51s/it] 16%|█▌        | 4/25 [00:14<01:13,  3.52s/it] 20%|██        | 5/25 [00:17<01:10,  3.51s/it] 24%|██▍       | 6/25 [00:21<01:06,  3.51s/it] 28%|██▊       | 7/25 [00:24<01:03,  3.51s/it] 32%|███▏      | 8/25 [00:28<00:59,  3.51s/it] 36%|███▌      | 9/25 [00:31<00:56,  3.51s/it] 40%|████      | 10/25 [00:35<00:52,  3.51s/it] 44%|████▍     | 11/25 [00:38<00:49,  3.51s/it] 48%|████▊     | 12/25 [00:42<00:45,  3.51s/it] 52%|█████▏    | 13/25 [00:45<00:42,  3.51s/it] 56%|█████▌    | 14/25 [00:49<00:38,  3.51s/it] 60%|██████    | 15/25 [00:52<00:35,  3.51s/it] 64%|██████▍   | 16/25 [00:56<00:31,  3.52s/it] 68%|██████▊   | 17/25 [00:59<00:28,  3.52s/it] 72%|███████▏  | 18/25 [01:03<00:24,  3.52s/it] 76%|███████▌  | 19/25 [01:06<00:21,  3.52s/it] 80%|████████  | 20/25 [01:10<00:17,  3.51s/it] 84%|████████▍ | 21/25 [01:13<00:14,  3.52s/it] 88%|████████▊ | 22/25 [01:17<00:10,  3.51s/it] 92%|█████████▏| 23/25 [01:20<00:07,  3.51s/it] 96%|█████████▌| 24/25 [01:24<00:03,  3.51s/it]100%|██████████| 25/25 [01:27<00:00,  3.52s/it]100%|██████████| 25/25 [01:27<00:00,  3.51s/it]
[I 2024-05-25 00:46:28,345] Trial 26 finished with value: 0.01579335150308907 and parameters: {'d_model': 64, 'num_heads': 4, 'num_layers': 4, 'lr': 0.0004107477650273007, 'batch_size': 50, 'wd': 4.577730063625712e-05}. Best is trial 25 with value: 0.012904404383152723.
  0%|          | 0/25 [00:00<?, ?it/s]  4%|▍         | 1/25 [00:05<02:02,  5.09s/it]  8%|▊         | 2/25 [00:10<01:57,  5.09s/it]  8%|▊         | 2/25 [00:15<02:55,  7.63s/it]
[I 2024-05-25 00:46:43,719] Trial 27 pruned. 
  0%|          | 0/25 [00:00<?, ?it/s]  0%|          | 0/25 [00:01<?, ?it/s]
[I 2024-05-25 00:46:44,943] Trial 28 pruned. 
  0%|          | 0/25 [00:00<?, ?it/s]  4%|▍         | 1/25 [00:01<00:28,  1.17s/it]  4%|▍         | 1/25 [00:02<00:55,  2.33s/it]
[I 2024-05-25 00:46:47,360] Trial 29 pruned. 
  0%|          | 0/25 [00:00<?, ?it/s]  0%|          | 0/25 [00:02<?, ?it/s]
[I 2024-05-25 00:46:49,479] Trial 30 pruned. 
  0%|          | 0/25 [00:00<?, ?it/s]  4%|▍         | 1/25 [00:03<01:24,  3.52s/it]  4%|▍         | 1/25 [00:07<02:48,  7.02s/it]
