[I 2024-05-25 14:36:27,629] Trial 87 pruned. 
  0%|          | 0/25 [00:00<?, ?it/s]  0%|          | 0/25 [00:04<?, ?it/s]
[I 2024-05-25 14:36:32,075] Trial 88 pruned. 
  0%|          | 0/25 [00:00<?, ?it/s]  0%|          | 0/25 [00:00<?, ?it/s]
[I 2024-05-25 14:36:33,073] Trial 89 pruned. 
  0%|          | 0/25 [00:00<?, ?it/s]  0%|          | 0/25 [00:01<?, ?it/s]
[I 2024-05-25 14:36:34,736] Trial 90 pruned. 
  0%|          | 0/25 [00:00<?, ?it/s]  0%|          | 0/25 [00:06<?, ?it/s]
[I 2024-05-25 14:36:40,926] Trial 91 pruned. 
  0%|          | 0/25 [00:00<?, ?it/s]  0%|          | 0/25 [00:02<?, ?it/s]
[I 2024-05-25 14:36:43,578] Trial 92 pruned. 
  0%|          | 0/25 [00:00<?, ?it/s]  0%|          | 0/25 [00:11<?, ?it/s]
[I 2024-05-25 14:36:55,028] Trial 93 pruned. 
  0%|          | 0/25 [00:00<?, ?it/s]  4%|▍         | 1/25 [00:01<00:44,  1.85s/it]  4%|▍         | 1/25 [00:03<01:28,  3.69s/it]
[I 2024-05-25 14:36:58,798] Trial 94 pruned. 
  0%|          | 0/25 [00:00<?, ?it/s]  0%|          | 0/25 [00:04<?, ?it/s]
[I 2024-05-25 14:37:03,364] Trial 95 pruned. 
  0%|          | 0/25 [00:00<?, ?it/s]  0%|          | 0/25 [00:03<?, ?it/s]
[I 2024-05-25 14:37:07,030] Trial 96 pruned. 
  0%|          | 0/25 [00:00<?, ?it/s]  0%|          | 0/25 [00:09<?, ?it/s]
[I 2024-05-25 14:37:16,802] Trial 97 pruned. 
  0%|          | 0/25 [00:00<?, ?it/s]  0%|          | 0/25 [00:02<?, ?it/s]
[I 2024-05-25 14:37:19,548] Trial 98 pruned. 
  0%|          | 0/25 [00:00<?, ?it/s]  0%|          | 0/25 [00:02<?, ?it/s]
[I 2024-05-25 14:37:22,206] Trial 99 pruned. 
10 True
Number of finished trials:  100
Best hyperparameters:  {'d_model': 128, 'num_heads': 4, 'num_layers': 2, 'lr': 0.0006817318613002887, 'batch_size': 50, 'wd': 7.042115836815013e-06}
Best validation loss:  0.010693129058927298

JOB STATISTICS
==============
Job ID: 6382384
Cluster: snellius
User/Group: igardner/igardner
State: RUNNING
Nodes: 1
Cores per node: 18
CPU Utilized: 00:00:00
CPU Efficiency: 0.00% of 14:37:12 core-walltime
Job Wall-clock time: 00:48:44
Memory Utilized: 0.00 MB (estimated maximum)
Memory Efficiency: 0.00% of 120.00 GB (120.00 GB/node)
WARNING: Efficiency statistics may be misleading for RUNNING jobs.
