============================================================================================== 
Warning! Mixing Conda and module environments may lead to corruption of the
user environment. 
We do not recommend users mixing those two environments unless absolutely
necessary. Note that 
SURF does not provide any support for Conda environment.
For more information, please refer to our software policy page:
https://servicedesk.surf.nl/wiki/display/WIKI/Software+policy+Snellius#SoftwarepolicySnellius-UseofAnacondaandMinicondaenvironmentsonSnellius 

Remember that many packages have already been installed on the system and can
be loaded using 
the 'module load <package__name>' command. If you are uncertain if a package is
already available 
on the system, please use 'module avail' or 'module spider' to search for it.
============================================================================================== 
[I 2024-05-25 13:48:55,582] A new study created in memory with name: no-name-1aeaf840-1174-4544-9a70-5de4a71b1ff1
  0%|          | 0/25 [00:00<?, ?it/s]  4%|▍         | 1/25 [00:00<00:18,  1.30it/s]  8%|▊         | 2/25 [00:01<00:14,  1.59it/s] 12%|█▏        | 3/25 [00:01<00:12,  1.71it/s] 16%|█▌        | 4/25 [00:02<00:11,  1.79it/s] 20%|██        | 5/25 [00:02<00:10,  1.82it/s] 24%|██▍       | 6/25 [00:03<00:10,  1.85it/s] 28%|██▊       | 7/25 [00:03<00:09,  1.87it/s] 32%|███▏      | 8/25 [00:04<00:08,  1.89it/s] 36%|███▌      | 9/25 [00:04<00:08,  1.88it/s] 40%|████      | 10/25 [00:05<00:08,  1.87it/s] 44%|████▍     | 11/25 [00:06<00:07,  1.87it/s] 48%|████▊     | 12/25 [00:06<00:07,  1.82it/s] 52%|█████▏    | 13/25 [00:07<00:06,  1.83it/s] 56%|█████▌    | 14/25 [00:07<00:05,  1.85it/s] 60%|██████    | 15/25 [00:08<00:05,  1.86it/s] 64%|██████▍   | 16/25 [00:08<00:04,  1.88it/s] 68%|██████▊   | 17/25 [00:09<00:04,  1.88it/s] 72%|███████▏  | 18/25 [00:09<00:03,  1.88it/s] 76%|███████▌  | 19/25 [00:10<00:03,  1.88it/s] 80%|████████  | 20/25 [00:10<00:02,  1.89it/s] 84%|████████▍ | 21/25 [00:11<00:02,  1.88it/s] 88%|████████▊ | 22/25 [00:11<00:01,  1.89it/s] 92%|█████████▏| 23/25 [00:12<00:01,  1.89it/s] 96%|█████████▌| 24/25 [00:12<00:00,  1.90it/s]100%|██████████| 25/25 [00:13<00:00,  1.90it/s]100%|██████████| 25/25 [00:13<00:00,  1.85it/s]
[I 2024-05-25 13:49:10,020] Trial 0 finished with value: 0.03370967613799231 and parameters: {'d_model': 32, 'num_heads': 16, 'num_layers': 1, 'lr': 0.00031247058312609474, 'batch_size': 150, 'wd': 0.0003530118367164938}. Best is trial 0 with value: 0.03370967613799231.
  0%|          | 0/25 [00:00<?, ?it/s]  4%|▍         | 1/25 [00:01<00:45,  1.91s/it]  8%|▊         | 2/25 [00:03<00:42,  1.84s/it] 12%|█▏        | 3/25 [00:05<00:39,  1.81s/it] 16%|█▌        | 4/25 [00:07<00:37,  1.80s/it] 20%|██        | 5/25 [00:09<00:36,  1.81s/it] 24%|██▍       | 6/25 [00:10<00:34,  1.80s/it] 28%|██▊       | 7/25 [00:12<00:32,  1.79s/it] 32%|███▏      | 8/25 [00:14<00:30,  1.79s/it] 36%|███▌      | 9/25 [00:16<00:28,  1.79s/it] 40%|████      | 10/25 [00:17<00:26,  1.79s/it] 44%|████▍     | 11/25 [00:19<00:24,  1.78s/it] 48%|████▊     | 12/25 [00:21<00:23,  1.78s/it] 52%|█████▏    | 13/25 [00:23<00:21,  1.77s/it] 56%|█████▌    | 14/25 [00:25<00:19,  1.77s/it] 60%|██████    | 15/25 [00:26<00:17,  1.76s/it] 64%|██████▍   | 16/25 [00:28<00:15,  1.76s/it] 68%|██████▊   | 17/25 [00:30<00:14,  1.77s/it] 72%|███████▏  | 18/25 [00:32<00:12,  1.77s/it] 76%|███████▌  | 19/25 [00:33<00:10,  1.77s/it] 80%|████████  | 20/25 [00:35<00:08,  1.77s/it] 84%|████████▍ | 21/25 [00:37<00:07,  1.78s/it] 88%|████████▊ | 22/25 [00:39<00:05,  1.78s/it] 92%|█████████▏| 23/25 [00:41<00:03,  1.80s/it] 96%|█████████▌| 24/25 [00:42<00:01,  1.82s/it]100%|██████████| 25/25 [00:44<00:00,  1.80s/it]100%|██████████| 25/25 [00:44<00:00,  1.79s/it]
[I 2024-05-25 13:49:54,845] Trial 1 finished with value: 0.037102408707141876 and parameters: {'d_model': 32, 'num_heads': 16, 'num_layers': 5, 'lr': 0.00010457890221140712, 'batch_size': 200, 'wd': 0.00015607981726157796}. Best is trial 0 with value: 0.03370967613799231.
  0%|          | 0/25 [00:00<?, ?it/s]  4%|▍         | 1/25 [00:02<01:04,  2.68s/it]  8%|▊         | 2/25 [00:05<01:01,  2.68s/it] 12%|█▏        | 3/25 [00:08<00:58,  2.68s/it] 16%|█▌        | 4/25 [00:10<00:56,  2.68s/it] 20%|██        | 5/25 [00:13<00:53,  2.68s/it] 24%|██▍       | 6/25 [00:16<00:50,  2.68s/it] 28%|██▊       | 7/25 [00:18<00:48,  2.68s/it] 32%|███▏      | 8/25 [00:21<00:45,  2.68s/it] 36%|███▌      | 9/25 [00:24<00:42,  2.68s/it] 40%|████      | 10/25 [00:26<00:40,  2.68s/it] 44%|████▍     | 11/25 [00:29<00:37,  2.68s/it] 48%|████▊     | 12/25 [00:32<00:34,  2.68s/it] 52%|█████▏    | 13/25 [00:34<00:32,  2.68s/it] 56%|█████▌    | 14/25 [00:37<00:29,  2.69s/it] 60%|██████    | 15/25 [00:40<00:26,  2.68s/it] 64%|██████▍   | 16/25 [00:42<00:24,  2.68s/it] 68%|██████▊   | 17/25 [00:45<00:21,  2.68s/it] 72%|███████▏  | 18/25 [00:48<00:18,  2.68s/it] 76%|███████▌  | 19/25 [00:50<00:16,  2.68s/it] 80%|████████  | 20/25 [00:53<00:13,  2.68s/it] 84%|████████▍ | 21/25 [00:56<00:10,  2.69s/it] 88%|████████▊ | 22/25 [00:59<00:08,  2.70s/it] 92%|█████████▏| 23/25 [01:01<00:05,  2.69s/it] 96%|█████████▌| 24/25 [01:04<00:02,  2.69s/it]100%|██████████| 25/25 [01:07<00:00,  2.69s/it]100%|██████████| 25/25 [01:07<00:00,  2.69s/it]
[I 2024-05-25 13:51:02,057] Trial 2 finished with value: 0.021355411130934955 and parameters: {'d_model': 16, 'num_heads': 8, 'num_layers': 4, 'lr': 0.00045365088362252904, 'batch_size': 50, 'wd': 3.084824910056122e-05}. Best is trial 2 with value: 0.021355411130934955.
  0%|          | 0/25 [00:00<?, ?it/s]  4%|▍         | 1/25 [00:01<00:43,  1.81s/it]  8%|▊         | 2/25 [00:03<00:41,  1.80s/it] 12%|█▏        | 3/25 [00:05<00:39,  1.79s/it] 16%|█▌        | 4/25 [00:07<00:37,  1.79s/it] 20%|██        | 5/25 [00:08<00:35,  1.79s/it] 24%|██▍       | 6/25 [00:10<00:33,  1.79s/it] 28%|██▊       | 7/25 [00:12<00:32,  1.78s/it] 32%|███▏      | 8/25 [00:14<00:30,  1.81s/it] 36%|███▌      | 9/25 [00:16<00:28,  1.80s/it] 40%|████      | 10/25 [00:17<00:26,  1.79s/it] 44%|████▍     | 11/25 [00:19<00:25,  1.79s/it] 48%|████▊     | 12/25 [00:21<00:23,  1.79s/it] 52%|█████▏    | 13/25 [00:23<00:21,  1.78s/it] 56%|█████▌    | 14/25 [00:25<00:19,  1.78s/it] 60%|██████    | 15/25 [00:26<00:17,  1.78s/it] 64%|██████▍   | 16/25 [00:28<00:15,  1.78s/it] 68%|██████▊   | 17/25 [00:30<00:14,  1.78s/it] 72%|███████▏  | 18/25 [00:32<00:12,  1.78s/it] 76%|███████▌  | 19/25 [00:33<00:10,  1.78s/it] 80%|████████  | 20/25 [00:35<00:08,  1.78s/it] 84%|████████▍ | 21/25 [00:37<00:07,  1.78s/it] 88%|████████▊ | 22/25 [00:39<00:05,  1.78s/it] 92%|█████████▏| 23/25 [00:41<00:03,  1.78s/it] 96%|█████████▌| 24/25 [00:42<00:01,  1.78s/it]100%|██████████| 25/25 [00:44<00:00,  1.78s/it]100%|██████████| 25/25 [00:44<00:00,  1.78s/it]
[I 2024-05-25 13:51:46,745] Trial 3 finished with value: 0.041966029575892856 and parameters: {'d_model': 16, 'num_heads': 8, 'num_layers': 7, 'lr': 0.0002271631980249138, 'batch_size': 150, 'wd': 0.0011221317667947238}. Best is trial 2 with value: 0.021355411130934955.
  0%|          | 0/25 [00:00<?, ?it/s]  4%|▍         | 1/25 [00:04<01:51,  4.64s/it]  8%|▊         | 2/25 [00:09<01:44,  4.56s/it] 12%|█▏        | 3/25 [00:13<01:40,  4.55s/it] 16%|█▌        | 4/25 [00:18<01:35,  4.53s/it] 20%|██        | 5/25 [00:22<01:30,  4.52s/it] 24%|██▍       | 6/25 [00:27<01:26,  4.54s/it] 28%|██▊       | 7/25 [00:31<01:22,  4.56s/it] 32%|███▏      | 8/25 [00:36<01:18,  4.60s/it] 36%|███▌      | 9/25 [00:41<01:13,  4.56s/it] 40%|████      | 10/25 [00:45<01:08,  4.53s/it] 44%|████▍     | 11/25 [00:50<01:03,  4.56s/it] 48%|████▊     | 12/25 [00:54<00:59,  4.58s/it] 52%|█████▏    | 13/25 [00:59<00:55,  4.60s/it] 56%|█████▌    | 14/25 [01:04<00:50,  4.61s/it] 60%|██████    | 15/25 [01:08<00:45,  4.58s/it] 64%|██████▍   | 16/25 [01:13<00:41,  4.56s/it] 68%|██████▊   | 17/25 [01:17<00:36,  4.57s/it] 72%|███████▏  | 18/25 [01:22<00:31,  4.55s/it] 76%|███████▌  | 19/25 [01:26<00:27,  4.54s/it] 80%|████████  | 20/25 [01:31<00:22,  4.52s/it] 84%|████████▍ | 21/25 [01:35<00:18,  4.51s/it] 88%|████████▊ | 22/25 [01:40<00:13,  4.51s/it] 92%|█████████▏| 23/25 [01:44<00:09,  4.50s/it] 96%|█████████▌| 24/25 [01:49<00:04,  4.52s/it]100%|██████████| 25/25 [01:53<00:00,  4.52s/it]100%|██████████| 25/25 [01:53<00:00,  4.55s/it]
[I 2024-05-25 13:53:40,541] Trial 4 finished with value: 0.02877551397042615 and parameters: {'d_model': 128, 'num_heads': 4, 'num_layers': 4, 'lr': 0.00023046253397705158, 'batch_size': 150, 'wd': 0.008583638018120773}. Best is trial 2 with value: 0.021355411130934955.
  0%|          | 0/25 [00:00<?, ?it/s]  0%|          | 0/25 [00:01<?, ?it/s]
[I 2024-05-25 13:53:42,389] Trial 5 pruned. 
  0%|          | 0/25 [00:00<?, ?it/s]  4%|▍         | 1/25 [00:08<03:21,  8.39s/it]  8%|▊         | 2/25 [00:16<03:12,  8.38s/it] 12%|█▏        | 3/25 [00:25<03:04,  8.38s/it] 16%|█▌        | 4/25 [00:33<02:55,  8.38s/it] 20%|██        | 5/25 [00:41<02:47,  8.39s/it] 24%|██▍       | 6/25 [00:50<02:39,  8.38s/it] 28%|██▊       | 7/25 [00:58<02:31,  8.39s/it] 32%|███▏      | 8/25 [01:07<02:22,  8.39s/it] 36%|███▌      | 9/25 [01:15<02:14,  8.38s/it] 40%|████      | 10/25 [01:23<02:05,  8.37s/it] 44%|████▍     | 11/25 [01:32<01:57,  8.37s/it] 48%|████▊     | 12/25 [01:40<01:48,  8.38s/it] 52%|█████▏    | 13/25 [01:48<01:40,  8.38s/it] 56%|█████▌    | 14/25 [01:57<01:32,  8.38s/it] 60%|██████    | 15/25 [02:05<01:23,  8.39s/it] 64%|██████▍   | 16/25 [02:14<01:15,  8.39s/it] 68%|██████▊   | 17/25 [02:22<01:07,  8.40s/it] 72%|███████▏  | 18/25 [02:31<00:59,  8.44s/it] 76%|███████▌  | 19/25 [02:39<00:50,  8.44s/it] 80%|████████  | 20/25 [02:47<00:42,  8.44s/it] 84%|████████▍ | 21/25 [02:56<00:33,  8.44s/it] 88%|████████▊ | 22/25 [03:04<00:25,  8.43s/it] 92%|█████████▏| 23/25 [03:13<00:16,  8.43s/it] 96%|█████████▌| 24/25 [03:21<00:08,  8.43s/it]100%|██████████| 25/25 [03:30<00:00,  8.42s/it]100%|██████████| 25/25 [03:30<00:00,  8.40s/it]
[I 2024-05-25 13:57:12,545] Trial 6 finished with value: 0.01580129051581025 and parameters: {'d_model': 64, 'num_heads': 4, 'num_layers': 8, 'lr': 0.0002663470353537298, 'batch_size': 50, 'wd': 0.00020604380946461452}. Best is trial 6 with value: 0.01580129051581025.
  0%|          | 0/25 [00:00<?, ?it/s]  0%|          | 0/25 [00:00<?, ?it/s]
[I 2024-05-25 13:57:13,356] Trial 7 pruned. 
  0%|          | 0/25 [00:00<?, ?it/s]  0%|          | 0/25 [00:00<?, ?it/s]
[I 2024-05-25 13:57:13,921] Trial 8 pruned. 
  0%|          | 0/25 [00:00<?, ?it/s]  0%|          | 0/25 [00:06<?, ?it/s]
[I 2024-05-25 13:57:20,748] Trial 9 pruned. 
  0%|          | 0/25 [00:00<?, ?it/s]  4%|▍         | 1/25 [00:08<03:24,  8.53s/it]  8%|▊         | 2/25 [00:17<03:15,  8.51s/it] 12%|█▏        | 3/25 [00:25<03:06,  8.49s/it] 16%|█▌        | 4/25 [00:33<02:58,  8.49s/it] 20%|██        | 5/25 [00:42<02:49,  8.49s/it] 24%|██▍       | 6/25 [00:51<02:42,  8.54s/it] 28%|██▊       | 7/25 [00:59<02:33,  8.54s/it] 32%|███▏      | 8/25 [01:08<02:24,  8.53s/it] 36%|███▌      | 9/25 [01:16<02:16,  8.53s/it] 40%|████      | 10/25 [01:25<02:07,  8.53s/it] 44%|████▍     | 11/25 [01:33<01:59,  8.54s/it] 48%|████▊     | 12/25 [01:42<01:50,  8.54s/it] 52%|█████▏    | 13/25 [01:50<01:42,  8.53s/it] 56%|█████▌    | 14/25 [01:59<01:33,  8.54s/it] 60%|██████    | 15/25 [02:07<01:25,  8.54s/it] 64%|██████▍   | 16/25 [02:16<01:16,  8.53s/it] 68%|██████▊   | 17/25 [02:24<01:08,  8.53s/it] 72%|███████▏  | 18/25 [02:33<00:59,  8.52s/it] 76%|███████▌  | 19/25 [02:42<00:51,  8.54s/it] 80%|████████  | 20/25 [02:50<00:42,  8.55s/it] 84%|████████▍ | 21/25 [02:59<00:34,  8.53s/it] 88%|████████▊ | 22/25 [03:07<00:25,  8.53s/it] 92%|█████████▏| 23/25 [03:16<00:17,  8.52s/it] 96%|█████████▌| 24/25 [03:24<00:08,  8.52s/it]100%|██████████| 25/25 [03:33<00:00,  8.52s/it]100%|██████████| 25/25 [03:33<00:00,  8.53s/it]
[I 2024-05-25 14:00:54,010] Trial 10 finished with value: 0.01443866491317749 and parameters: {'d_model': 64, 'num_heads': 4, 'num_layers': 8, 'lr': 0.0009861666731546964, 'batch_size': 50, 'wd': 1.2246398671675037e-06}. Best is trial 10 with value: 0.01443866491317749.
  0%|          | 0/25 [00:00<?, ?it/s]  0%|          | 0/25 [00:08<?, ?it/s]
[I 2024-05-25 14:01:02,686] Trial 11 pruned. 
  0%|          | 0/25 [00:00<?, ?it/s]  4%|▍         | 1/25 [00:08<03:24,  8.51s/it]  8%|▊         | 2/25 [00:17<03:15,  8.51s/it] 12%|█▏        | 3/25 [00:25<03:07,  8.51s/it] 16%|█▌        | 4/25 [00:34<02:58,  8.50s/it] 20%|██        | 5/25 [00:42<02:49,  8.49s/it] 24%|██▍       | 6/25 [00:51<02:41,  8.51s/it] 28%|██▊       | 7/25 [00:59<02:33,  8.53s/it] 32%|███▏      | 8/25 [01:08<02:24,  8.52s/it] 36%|███▌      | 9/25 [01:16<02:16,  8.52s/it] 40%|████      | 10/25 [01:25<02:07,  8.52s/it] 44%|████▍     | 11/25 [01:33<01:59,  8.51s/it] 48%|████▊     | 12/25 [01:42<01:50,  8.50s/it] 52%|█████▏    | 13/25 [01:50<01:42,  8.51s/it] 56%|█████▌    | 14/25 [01:59<01:33,  8.51s/it] 60%|██████    | 15/25 [02:07<01:25,  8.51s/it] 64%|██████▍   | 16/25 [02:16<01:16,  8.52s/it] 68%|██████▊   | 17/25 [02:24<01:08,  8.52s/it] 72%|███████▏  | 18/25 [02:33<00:59,  8.51s/it] 76%|███████▌  | 19/25 [02:41<00:50,  8.49s/it] 80%|████████  | 20/25 [02:50<00:42,  8.48s/it] 84%|████████▍ | 21/25 [02:58<00:33,  8.47s/it] 88%|████████▊ | 22/25 [03:07<00:25,  8.48s/it] 92%|█████████▏| 23/25 [03:15<00:16,  8.47s/it] 96%|█████████▌| 24/25 [03:24<00:08,  8.48s/it]100%|██████████| 25/25 [03:32<00:00,  8.47s/it]100%|██████████| 25/25 [03:32<00:00,  8.50s/it]
[I 2024-05-25 14:04:35,259] Trial 12 finished with value: 0.011861093086190521 and parameters: {'d_model': 64, 'num_heads': 4, 'num_layers': 8, 'lr': 0.0009982016153768606, 'batch_size': 50, 'wd': 1.0371173197502332e-06}. Best is trial 12 with value: 0.011861093086190521.
  0%|          | 0/25 [00:00<?, ?it/s]  0%|          | 0/25 [00:06<?, ?it/s]
[I 2024-05-25 14:04:41,903] Trial 13 pruned. 
  0%|          | 0/25 [00:00<?, ?it/s]  0%|          | 0/25 [00:08<?, ?it/s]
[I 2024-05-25 14:04:50,483] Trial 14 pruned. 
  0%|          | 0/25 [00:00<?, ?it/s]  0%|          | 0/25 [00:02<?, ?it/s]
[I 2024-05-25 14:04:52,967] Trial 15 pruned. 
  0%|          | 0/25 [00:00<?, ?it/s]  4%|▍         | 1/25 [00:07<03:02,  7.61s/it]  8%|▊         | 2/25 [00:15<02:54,  7.60s/it] 12%|█▏        | 3/25 [00:22<02:47,  7.61s/it] 16%|█▌        | 4/25 [00:30<02:40,  7.62s/it] 20%|██        | 5/25 [00:38<02:32,  7.61s/it] 24%|██▍       | 6/25 [00:45<02:24,  7.61s/it] 28%|██▊       | 7/25 [00:53<02:16,  7.60s/it] 32%|███▏      | 8/25 [01:00<02:09,  7.60s/it] 36%|███▌      | 9/25 [01:08<02:01,  7.59s/it] 40%|████      | 10/25 [01:16<01:53,  7.59s/it] 44%|████▍     | 11/25 [01:23<01:46,  7.59s/it] 48%|████▊     | 12/25 [01:31<01:38,  7.60s/it] 52%|█████▏    | 13/25 [01:38<01:31,  7.59s/it] 56%|█████▌    | 14/25 [01:46<01:23,  7.59s/it] 60%|██████    | 15/25 [01:53<01:15,  7.59s/it] 64%|██████▍   | 16/25 [02:01<01:08,  7.59s/it] 68%|██████▊   | 17/25 [02:09<01:00,  7.60s/it] 72%|███████▏  | 18/25 [02:16<00:53,  7.60s/it] 76%|███████▌  | 19/25 [02:24<00:45,  7.60s/it] 80%|████████  | 20/25 [02:31<00:37,  7.60s/it] 84%|████████▍ | 21/25 [02:39<00:30,  7.59s/it] 88%|████████▊ | 22/25 [02:47<00:22,  7.59s/it] 92%|█████████▏| 23/25 [02:54<00:15,  7.59s/it] 96%|█████████▌| 24/25 [03:02<00:07,  7.59s/it]100%|██████████| 25/25 [03:09<00:00,  7.59s/it]100%|██████████| 25/25 [03:09<00:00,  7.60s/it]
[I 2024-05-25 14:08:02,961] Trial 16 finished with value: 0.020178156811743973 and parameters: {'d_model': 64, 'num_heads': 16, 'num_layers': 7, 'lr': 0.00010582395448438799, 'batch_size': 50, 'wd': 3.289170222924788e-06}. Best is trial 12 with value: 0.011861093086190521.
  0%|          | 0/25 [00:00<?, ?it/s]  4%|▍         | 1/25 [00:06<02:36,  6.52s/it]  8%|▊         | 2/25 [00:13<02:29,  6.51s/it] 12%|█▏        | 3/25 [00:19<02:23,  6.51s/it] 16%|█▌        | 4/25 [00:26<02:16,  6.50s/it] 20%|██        | 5/25 [00:32<02:09,  6.49s/it] 24%|██▍       | 6/25 [00:38<02:03,  6.49s/it] 28%|██▊       | 7/25 [00:45<01:56,  6.49s/it] 32%|███▏      | 8/25 [00:51<01:50,  6.49s/it] 32%|███▏      | 8/25 [00:58<02:04,  7.30s/it]
[I 2024-05-25 14:09:01,486] Trial 17 pruned. 
  0%|          | 0/25 [00:00<?, ?it/s]  4%|▍         | 1/25 [00:05<02:12,  5.52s/it]  8%|▊         | 2/25 [00:11<02:06,  5.51s/it] 12%|█▏        | 3/25 [00:16<02:01,  5.51s/it] 16%|█▌        | 4/25 [00:22<01:55,  5.51s/it] 20%|██        | 5/25 [00:27<01:50,  5.51s/it] 24%|██▍       | 6/25 [00:33<01:44,  5.51s/it] 28%|██▊       | 7/25 [00:38<01:39,  5.50s/it] 32%|███▏      | 8/25 [00:44<01:33,  5.50s/it] 36%|███▌      | 9/25 [00:49<01:28,  5.53s/it] 40%|████      | 10/25 [00:55<01:23,  5.55s/it] 44%|████▍     | 11/25 [01:00<01:17,  5.54s/it] 48%|████▊     | 12/25 [01:06<01:12,  5.54s/it] 52%|█████▏    | 13/25 [01:11<01:06,  5.54s/it] 56%|█████▌    | 14/25 [01:17<01:00,  5.54s/it] 60%|██████    | 15/25 [01:22<00:55,  5.54s/it] 64%|██████▍   | 16/25 [01:28<00:49,  5.54s/it] 68%|██████▊   | 17/25 [01:33<00:44,  5.54s/it] 72%|███████▏  | 18/25 [01:39<00:38,  5.54s/it] 76%|███████▌  | 19/25 [01:45<00:33,  5.54s/it] 80%|████████  | 20/25 [01:50<00:27,  5.54s/it] 84%|████████▍ | 21/25 [01:56<00:22,  5.53s/it] 88%|████████▊ | 22/25 [02:01<00:16,  5.52s/it] 92%|█████████▏| 23/25 [02:07<00:11,  5.52s/it] 96%|█████████▌| 24/25 [02:12<00:05,  5.52s/it]100%|██████████| 25/25 [02:18<00:00,  5.52s/it]100%|██████████| 25/25 [02:18<00:00,  5.53s/it]
[I 2024-05-25 14:11:19,716] Trial 18 finished with value: 0.01322180749848485 and parameters: {'d_model': 64, 'num_heads': 4, 'num_layers': 5, 'lr': 0.0005555779485992854, 'batch_size': 50, 'wd': 1.9930287684478297e-06}. Best is trial 12 with value: 0.011861093086190521.
  0%|          | 0/25 [00:00<?, ?it/s]  4%|▍         | 1/25 [00:06<02:26,  6.09s/it]  8%|▊         | 2/25 [00:12<02:20,  6.09s/it] 12%|█▏        | 3/25 [00:18<02:13,  6.08s/it] 16%|█▌        | 4/25 [00:24<02:07,  6.08s/it] 20%|██        | 5/25 [00:30<02:01,  6.08s/it] 24%|██▍       | 6/25 [00:36<01:55,  6.08s/it] 28%|██▊       | 7/25 [00:42<01:49,  6.08s/it] 32%|███▏      | 8/25 [00:48<01:43,  6.09s/it] 36%|███▌      | 9/25 [00:54<01:37,  6.08s/it] 40%|████      | 10/25 [01:00<01:31,  6.08s/it] 44%|████▍     | 11/25 [01:06<01:25,  6.08s/it] 48%|████▊     | 12/25 [01:12<01:19,  6.08s/it] 52%|█████▏    | 13/25 [01:19<01:12,  6.08s/it] 56%|█████▌    | 14/25 [01:25<01:06,  6.07s/it] 60%|██████    | 15/25 [01:31<01:00,  6.07s/it] 64%|██████▍   | 16/25 [01:37<00:54,  6.07s/it] 68%|██████▊   | 17/25 [01:43<00:48,  6.08s/it] 72%|███████▏  | 18/25 [01:49<00:42,  6.08s/it] 76%|███████▌  | 19/25 [01:55<00:36,  6.08s/it] 80%|████████  | 20/25 [02:01<00:30,  6.08s/it] 84%|████████▍ | 21/25 [02:07<00:24,  6.08s/it] 88%|████████▊ | 22/25 [02:13<00:18,  6.07s/it] 92%|█████████▏| 23/25 [02:19<00:12,  6.08s/it] 96%|█████████▌| 24/25 [02:25<00:06,  6.07s/it]100%|██████████| 25/25 [02:31<00:00,  6.08s/it]100%|██████████| 25/25 [02:31<00:00,  6.08s/it]
[I 2024-05-25 14:13:51,834] Trial 19 finished with value: 0.011780118616297842 and parameters: {'d_model': 128, 'num_heads': 4, 'num_layers': 3, 'lr': 0.0005047949490844176, 'batch_size': 50, 'wd': 6.7666282964934415e-06}. Best is trial 19 with value: 0.011780118616297842.
  0%|          | 0/25 [00:00<?, ?it/s]  0%|          | 0/25 [00:04<?, ?it/s]
[I 2024-05-25 14:13:56,332] Trial 20 pruned. 
  0%|          | 0/25 [00:00<?, ?it/s]  0%|          | 0/25 [00:06<?, ?it/s]
[I 2024-05-25 14:14:02,545] Trial 21 pruned. 
  0%|          | 0/25 [00:00<?, ?it/s]  4%|▍         | 1/25 [00:04<01:44,  4.37s/it]  8%|▊         | 2/25 [00:08<01:40,  4.38s/it] 12%|█▏        | 3/25 [00:13<01:37,  4.42s/it] 16%|█▌        | 4/25 [00:17<01:32,  4.40s/it] 20%|██        | 5/25 [00:21<01:27,  4.38s/it] 24%|██▍       | 6/25 [00:26<01:22,  4.37s/it] 28%|██▊       | 7/25 [00:30<01:18,  4.36s/it] 32%|███▏      | 8/25 [00:34<01:14,  4.36s/it] 36%|███▌      | 9/25 [00:39<01:09,  4.36s/it] 40%|████      | 10/25 [00:43<01:05,  4.35s/it] 44%|████▍     | 11/25 [00:48<01:00,  4.35s/it] 48%|████▊     | 12/25 [00:52<00:56,  4.35s/it] 52%|█████▏    | 13/25 [00:56<00:52,  4.35s/it] 56%|█████▌    | 14/25 [01:01<00:47,  4.35s/it] 60%|██████    | 15/25 [01:05<00:43,  4.35s/it] 64%|██████▍   | 16/25 [01:09<00:39,  4.35s/it] 68%|██████▊   | 17/25 [01:14<00:34,  4.35s/it] 72%|███████▏  | 18/25 [01:18<00:30,  4.35s/it] 76%|███████▌  | 19/25 [01:22<00:26,  4.35s/it] 80%|████████  | 20/25 [01:27<00:21,  4.35s/it] 84%|████████▍ | 21/25 [01:31<00:17,  4.35s/it] 88%|████████▊ | 22/25 [01:35<00:13,  4.34s/it] 92%|█████████▏| 23/25 [01:40<00:08,  4.34s/it] 96%|█████████▌| 24/25 [01:44<00:04,  4.34s/it]100%|██████████| 25/25 [01:48<00:00,  4.35s/it]100%|██████████| 25/25 [01:48<00:00,  4.36s/it]
