[I 2024-05-25 14:15:51,550] Trial 22 finished with value: 0.012782873865216971 and parameters: {'d_model': 128, 'num_heads': 4, 'num_layers': 2, 'lr': 0.0003739242412014745, 'batch_size': 50, 'wd': 1.961930306393357e-06}. Best is trial 19 with value: 0.011780118616297842.
  0%|          | 0/25 [00:00<?, ?it/s]  4%|▍         | 1/25 [00:04<01:44,  4.36s/it]  8%|▊         | 2/25 [00:08<01:40,  4.36s/it] 12%|█▏        | 3/25 [00:13<01:35,  4.36s/it] 16%|█▌        | 4/25 [00:17<01:31,  4.36s/it] 20%|██        | 5/25 [00:21<01:27,  4.35s/it] 24%|██▍       | 6/25 [00:26<01:22,  4.35s/it] 28%|██▊       | 7/25 [00:30<01:18,  4.36s/it] 32%|███▏      | 8/25 [00:34<01:14,  4.36s/it] 36%|███▌      | 9/25 [00:39<01:09,  4.35s/it] 40%|████      | 10/25 [00:43<01:05,  4.35s/it] 44%|████▍     | 11/25 [00:47<01:00,  4.36s/it] 48%|████▊     | 12/25 [00:52<00:56,  4.35s/it] 52%|█████▏    | 13/25 [00:56<00:52,  4.35s/it] 56%|█████▌    | 14/25 [01:00<00:47,  4.36s/it] 60%|██████    | 15/25 [01:05<00:43,  4.36s/it] 64%|██████▍   | 16/25 [01:09<00:39,  4.35s/it] 68%|██████▊   | 17/25 [01:14<00:34,  4.35s/it] 72%|███████▏  | 18/25 [01:18<00:30,  4.35s/it] 76%|███████▌  | 19/25 [01:22<00:26,  4.35s/it] 80%|████████  | 20/25 [01:27<00:21,  4.36s/it] 84%|████████▍ | 21/25 [01:31<00:17,  4.36s/it] 88%|████████▊ | 22/25 [01:35<00:13,  4.36s/it] 92%|█████████▏| 23/25 [01:40<00:08,  4.36s/it] 96%|█████████▌| 24/25 [01:44<00:04,  4.36s/it]100%|██████████| 25/25 [01:48<00:00,  4.36s/it]100%|██████████| 25/25 [01:48<00:00,  4.36s/it]
[I 2024-05-25 14:17:40,539] Trial 23 finished with value: 0.013834632840007544 and parameters: {'d_model': 128, 'num_heads': 4, 'num_layers': 2, 'lr': 0.00015575437263161025, 'batch_size': 50, 'wd': 1.2534980992888929e-05}. Best is trial 19 with value: 0.011780118616297842.
  0%|          | 0/25 [00:00<?, ?it/s]  0%|          | 0/25 [00:04<?, ?it/s]
[I 2024-05-25 14:17:44,982] Trial 24 pruned. 
  0%|          | 0/25 [00:00<?, ?it/s]  4%|▍         | 1/25 [00:04<01:44,  4.37s/it]  8%|▊         | 2/25 [00:08<01:40,  4.35s/it] 12%|█▏        | 3/25 [00:13<01:35,  4.35s/it] 16%|█▌        | 4/25 [00:17<01:31,  4.35s/it] 20%|██        | 5/25 [00:21<01:26,  4.35s/it] 24%|██▍       | 6/25 [00:26<01:22,  4.34s/it] 28%|██▊       | 7/25 [00:30<01:18,  4.34s/it] 32%|███▏      | 8/25 [00:34<01:13,  4.35s/it] 36%|███▌      | 9/25 [00:39<01:09,  4.35s/it] 40%|████      | 10/25 [00:43<01:05,  4.35s/it] 44%|████▍     | 11/25 [00:47<01:00,  4.34s/it] 48%|████▊     | 12/25 [00:52<00:56,  4.34s/it] 52%|█████▏    | 13/25 [00:56<00:52,  4.34s/it] 56%|█████▌    | 14/25 [01:00<00:47,  4.35s/it] 60%|██████    | 15/25 [01:05<00:43,  4.35s/it] 64%|██████▍   | 16/25 [01:09<00:39,  4.35s/it] 68%|██████▊   | 17/25 [01:13<00:34,  4.35s/it] 72%|███████▏  | 18/25 [01:18<00:30,  4.35s/it] 76%|███████▌  | 19/25 [01:22<00:26,  4.34s/it] 80%|████████  | 20/25 [01:26<00:21,  4.35s/it] 84%|████████▍ | 21/25 [01:31<00:17,  4.35s/it] 88%|████████▊ | 22/25 [01:35<00:13,  4.35s/it] 92%|█████████▏| 23/25 [01:40<00:08,  4.35s/it] 96%|█████████▌| 24/25 [01:44<00:04,  4.35s/it]100%|██████████| 25/25 [01:48<00:00,  4.35s/it]100%|██████████| 25/25 [01:48<00:00,  4.35s/it]
[I 2024-05-25 14:19:33,797] Trial 25 finished with value: 0.010693129058927298 and parameters: {'d_model': 128, 'num_heads': 4, 'num_layers': 2, 'lr': 0.0006817318613002887, 'batch_size': 50, 'wd': 7.042115836815013e-06}. Best is trial 25 with value: 0.010693129058927298.
  0%|          | 0/25 [00:00<?, ?it/s]  0%|          | 0/25 [00:07<?, ?it/s]
[I 2024-05-25 14:19:41,707] Trial 26 pruned. 
  0%|          | 0/25 [00:00<?, ?it/s]  0%|          | 0/25 [00:04<?, ?it/s]
[I 2024-05-25 14:19:46,180] Trial 27 pruned. 
  0%|          | 0/25 [00:00<?, ?it/s]  0%|          | 0/25 [00:02<?, ?it/s]
[I 2024-05-25 14:19:48,941] Trial 28 pruned. 
  0%|          | 0/25 [00:00<?, ?it/s]  0%|          | 0/25 [00:00<?, ?it/s]
[I 2024-05-25 14:19:49,431] Trial 29 pruned. 
  0%|          | 0/25 [00:00<?, ?it/s]  4%|▍         | 1/25 [00:04<01:36,  4.04s/it]  8%|▊         | 2/25 [00:08<01:32,  4.03s/it]  8%|▊         | 2/25 [00:12<02:18,  6.04s/it]
[I 2024-05-25 14:20:01,588] Trial 30 pruned. 
  0%|          | 0/25 [00:00<?, ?it/s]  4%|▍         | 1/25 [00:04<01:44,  4.34s/it]  8%|▊         | 2/25 [00:08<01:39,  4.34s/it] 12%|█▏        | 3/25 [00:13<01:35,  4.34s/it] 16%|█▌        | 4/25 [00:17<01:31,  4.34s/it] 20%|██        | 5/25 [00:21<01:26,  4.34s/it] 24%|██▍       | 6/25 [00:26<01:22,  4.34s/it] 28%|██▊       | 7/25 [00:30<01:18,  4.34s/it] 32%|███▏      | 8/25 [00:34<01:13,  4.34s/it] 36%|███▌      | 9/25 [00:39<01:09,  4.34s/it] 40%|████      | 10/25 [00:43<01:05,  4.34s/it] 44%|████▍     | 11/25 [00:47<01:00,  4.34s/it] 48%|████▊     | 12/25 [00:52<00:56,  4.34s/it] 52%|█████▏    | 13/25 [00:56<00:52,  4.34s/it] 56%|█████▌    | 14/25 [01:00<00:47,  4.34s/it] 60%|██████    | 15/25 [01:05<00:43,  4.35s/it] 64%|██████▍   | 16/25 [01:09<00:39,  4.35s/it] 68%|██████▊   | 17/25 [01:13<00:34,  4.35s/it] 72%|███████▏  | 18/25 [01:18<00:30,  4.36s/it] 76%|███████▌  | 19/25 [01:22<00:26,  4.35s/it] 80%|████████  | 20/25 [01:26<00:21,  4.35s/it] 84%|████████▍ | 21/25 [01:31<00:17,  4.35s/it] 88%|████████▊ | 22/25 [01:35<00:13,  4.35s/it] 92%|█████████▏| 23/25 [01:39<00:08,  4.35s/it] 96%|█████████▌| 24/25 [01:44<00:04,  4.34s/it]100%|██████████| 25/25 [01:48<00:00,  4.35s/it]100%|██████████| 25/25 [01:48<00:00,  4.34s/it]
[I 2024-05-25 14:21:50,287] Trial 31 finished with value: 0.011442227941006421 and parameters: {'d_model': 128, 'num_heads': 4, 'num_layers': 2, 'lr': 0.00033145568704943105, 'batch_size': 50, 'wd': 2.6714418143163768e-06}. Best is trial 25 with value: 0.010693129058927298.
  0%|          | 0/25 [00:00<?, ?it/s]  0%|          | 0/25 [00:04<?, ?it/s]
[I 2024-05-25 14:21:54,706] Trial 32 pruned. 
  0%|          | 0/25 [00:00<?, ?it/s]  0%|          | 0/25 [00:06<?, ?it/s]
[I 2024-05-25 14:22:00,864] Trial 33 pruned. 
  0%|          | 0/25 [00:00<?, ?it/s]  0%|          | 0/25 [00:02<?, ?it/s]
[I 2024-05-25 14:22:03,560] Trial 34 pruned. 
  0%|          | 0/25 [00:00<?, ?it/s]  0%|          | 0/25 [00:04<?, ?it/s]
[I 2024-05-25 14:22:08,395] Trial 35 pruned. 
  0%|          | 0/25 [00:00<?, ?it/s]  0%|          | 0/25 [00:00<?, ?it/s]
[I 2024-05-25 14:22:09,122] Trial 36 pruned. 
  0%|          | 0/25 [00:00<?, ?it/s]  4%|▍         | 1/25 [00:06<02:26,  6.09s/it]  8%|▊         | 2/25 [00:12<02:20,  6.11s/it] 12%|█▏        | 3/25 [00:18<02:14,  6.09s/it] 16%|█▌        | 4/25 [00:24<02:07,  6.09s/it] 20%|██        | 5/25 [00:30<02:01,  6.09s/it] 24%|██▍       | 6/25 [00:36<01:55,  6.09s/it] 28%|██▊       | 7/25 [00:42<01:49,  6.09s/it] 32%|███▏      | 8/25 [00:48<01:43,  6.09s/it] 36%|███▌      | 9/25 [00:54<01:37,  6.10s/it] 40%|████      | 10/25 [01:00<01:31,  6.09s/it] 44%|████▍     | 11/25 [01:07<01:25,  6.10s/it] 48%|████▊     | 12/25 [01:13<01:19,  6.10s/it] 52%|█████▏    | 13/25 [01:19<01:13,  6.10s/it] 56%|█████▌    | 14/25 [01:25<01:07,  6.09s/it] 60%|██████    | 15/25 [01:31<01:00,  6.08s/it] 64%|██████▍   | 16/25 [01:37<00:54,  6.08s/it] 68%|██████▊   | 17/25 [01:43<00:48,  6.09s/it] 72%|███████▏  | 18/25 [01:49<00:42,  6.09s/it] 76%|███████▌  | 19/25 [01:55<00:36,  6.09s/it] 80%|████████  | 20/25 [02:01<00:30,  6.09s/it] 84%|████████▍ | 21/25 [02:07<00:24,  6.09s/it] 88%|████████▊ | 22/25 [02:14<00:18,  6.09s/it] 92%|█████████▏| 23/25 [02:20<00:12,  6.09s/it] 96%|█████████▌| 24/25 [02:26<00:06,  6.09s/it]100%|██████████| 25/25 [02:32<00:00,  6.09s/it]100%|██████████| 25/25 [02:32<00:00,  6.09s/it]
[I 2024-05-25 14:24:41,493] Trial 37 finished with value: 0.01235875878483057 and parameters: {'d_model': 128, 'num_heads': 4, 'num_layers': 3, 'lr': 0.0003052992991694433, 'batch_size': 50, 'wd': 1.7935047481928064e-05}. Best is trial 25 with value: 0.010693129058927298.
  0%|          | 0/25 [00:00<?, ?it/s]  4%|▍         | 1/25 [00:03<01:18,  3.29s/it]  8%|▊         | 2/25 [00:06<01:15,  3.29s/it] 12%|█▏        | 3/25 [00:09<01:12,  3.29s/it] 16%|█▌        | 4/25 [00:13<01:09,  3.29s/it] 16%|█▌        | 4/25 [00:16<01:26,  4.11s/it]
[I 2024-05-25 14:24:58,014] Trial 38 pruned. 
  0%|          | 0/25 [00:00<?, ?it/s]  0%|          | 0/25 [00:01<?, ?it/s]
[I 2024-05-25 14:24:59,424] Trial 39 pruned. 
  0%|          | 0/25 [00:00<?, ?it/s]  0%|          | 0/25 [00:04<?, ?it/s]
[I 2024-05-25 14:25:03,882] Trial 40 pruned. 
  0%|          | 0/25 [00:00<?, ?it/s]  0%|          | 0/25 [00:06<?, ?it/s]
[I 2024-05-25 14:25:10,069] Trial 41 pruned. 
  0%|          | 0/25 [00:00<?, ?it/s]  0%|          | 0/25 [00:06<?, ?it/s]
[I 2024-05-25 14:25:16,242] Trial 42 pruned. 
  0%|          | 0/25 [00:00<?, ?it/s]  4%|▍         | 1/25 [00:02<01:03,  2.64s/it]  4%|▍         | 1/25 [00:05<02:06,  5.27s/it]
[I 2024-05-25 14:25:21,598] Trial 43 pruned. 
  0%|          | 0/25 [00:00<?, ?it/s]  0%|          | 0/25 [00:04<?, ?it/s]
[I 2024-05-25 14:25:26,224] Trial 44 pruned. 
  0%|          | 0/25 [00:00<?, ?it/s]  4%|▍         | 1/25 [00:01<00:44,  1.85s/it]  8%|▊         | 2/25 [00:03<00:42,  1.85s/it] 12%|█▏        | 3/25 [00:05<00:40,  1.85s/it] 12%|█▏        | 3/25 [00:07<00:54,  2.47s/it]
[I 2024-05-25 14:25:33,693] Trial 45 pruned. 
  0%|          | 0/25 [00:00<?, ?it/s]  0%|          | 0/25 [00:04<?, ?it/s]
[I 2024-05-25 14:25:38,138] Trial 46 pruned. 
  0%|          | 0/25 [00:00<?, ?it/s]  0%|          | 0/25 [00:07<?, ?it/s]
[I 2024-05-25 14:25:45,823] Trial 47 pruned. 
  0%|          | 0/25 [00:00<?, ?it/s]  0%|          | 0/25 [00:00<?, ?it/s]
[I 2024-05-25 14:25:46,815] Trial 48 pruned. 
  0%|          | 0/25 [00:00<?, ?it/s]  0%|          | 0/25 [00:04<?, ?it/s]
[I 2024-05-25 14:25:51,472] Trial 49 pruned. 
  0%|          | 0/25 [00:00<?, ?it/s]  0%|          | 0/25 [00:03<?, ?it/s]
[I 2024-05-25 14:25:55,258] Trial 50 pruned. 
  0%|          | 0/25 [00:00<?, ?it/s]  0%|          | 0/25 [00:04<?, ?it/s]
[I 2024-05-25 14:25:59,735] Trial 51 pruned. 
  0%|          | 0/25 [00:00<?, ?it/s]  0%|          | 0/25 [00:04<?, ?it/s]
[I 2024-05-25 14:26:04,197] Trial 52 pruned. 
  0%|          | 0/25 [00:00<?, ?it/s]  0%|          | 0/25 [00:02<?, ?it/s]
[I 2024-05-25 14:26:06,919] Trial 53 pruned. 
  0%|          | 0/25 [00:00<?, ?it/s]  0%|          | 0/25 [00:04<?, ?it/s]
[I 2024-05-25 14:26:11,374] Trial 54 pruned. 
  0%|          | 0/25 [00:00<?, ?it/s]  4%|▍         | 1/25 [00:06<02:37,  6.54s/it]  4%|▍         | 1/25 [00:13<05:14, 13.10s/it]
[I 2024-05-25 14:26:24,558] Trial 55 pruned. 
  0%|          | 0/25 [00:00<?, ?it/s]  4%|▍         | 1/25 [00:06<02:26,  6.11s/it]  8%|▊         | 2/25 [00:12<02:20,  6.11s/it] 12%|█▏        | 3/25 [00:18<02:14,  6.10s/it] 16%|█▌        | 4/25 [00:24<02:08,  6.11s/it] 16%|█▌        | 4/25 [00:30<02:40,  7.63s/it]
[I 2024-05-25 14:26:55,178] Trial 56 pruned. 
  0%|          | 0/25 [00:00<?, ?it/s]  0%|          | 0/25 [00:03<?, ?it/s]
[I 2024-05-25 14:26:58,405] Trial 57 pruned. 
  0%|          | 0/25 [00:00<?, ?it/s]  0%|          | 0/25 [00:01<?, ?it/s]
[I 2024-05-25 14:26:59,676] Trial 58 pruned. 
  0%|          | 0/25 [00:00<?, ?it/s]  0%|          | 0/25 [00:08<?, ?it/s]
[I 2024-05-25 14:27:08,258] Trial 59 pruned. 
  0%|          | 0/25 [00:00<?, ?it/s]  0%|          | 0/25 [00:02<?, ?it/s]
[I 2024-05-25 14:27:10,990] Trial 60 pruned. 
  0%|          | 0/25 [00:00<?, ?it/s]  0%|          | 0/25 [00:07<?, ?it/s]
[I 2024-05-25 14:27:18,565] Trial 61 pruned. 
  0%|          | 0/25 [00:00<?, ?it/s]  0%|          | 0/25 [00:05<?, ?it/s]
[I 2024-05-25 14:27:24,172] Trial 62 pruned. 
  0%|          | 0/25 [00:00<?, ?it/s]  4%|▍         | 1/25 [00:02<01:01,  2.57s/it]  8%|▊         | 2/25 [00:05<00:59,  2.57s/it] 12%|█▏        | 3/25 [00:07<00:56,  2.57s/it] 16%|█▌        | 4/25 [00:10<00:53,  2.57s/it] 20%|██        | 5/25 [00:12<00:51,  2.57s/it] 24%|██▍       | 6/25 [00:15<00:48,  2.57s/it] 28%|██▊       | 7/25 [00:18<00:46,  2.57s/it] 32%|███▏      | 8/25 [00:20<00:43,  2.57s/it] 36%|███▌      | 9/25 [00:23<00:41,  2.57s/it] 40%|████      | 10/25 [00:25<00:38,  2.58s/it] 44%|████▍     | 11/25 [00:28<00:36,  2.57s/it] 48%|████▊     | 12/25 [00:30<00:33,  2.57s/it] 52%|█████▏    | 13/25 [00:33<00:30,  2.57s/it] 56%|█████▌    | 14/25 [00:36<00:28,  2.57s/it] 60%|██████    | 15/25 [00:38<00:25,  2.57s/it] 64%|██████▍   | 16/25 [00:41<00:23,  2.58s/it] 68%|██████▊   | 17/25 [00:43<00:20,  2.57s/it] 72%|███████▏  | 18/25 [00:46<00:18,  2.57s/it] 76%|███████▌  | 19/25 [00:48<00:15,  2.57s/it] 80%|████████  | 20/25 [00:51<00:12,  2.57s/it] 84%|████████▍ | 21/25 [00:54<00:10,  2.57s/it] 88%|████████▊ | 22/25 [00:56<00:07,  2.58s/it] 92%|█████████▏| 23/25 [00:59<00:05,  2.57s/it] 96%|█████████▌| 24/25 [01:01<00:02,  2.57s/it]100%|██████████| 25/25 [01:04<00:00,  2.57s/it]100%|██████████| 25/25 [01:04<00:00,  2.57s/it]
[I 2024-05-25 14:28:28,561] Trial 63 finished with value: 0.01374345258809626 and parameters: {'d_model': 64, 'num_heads': 4, 'num_layers': 2, 'lr': 0.0008361123843039075, 'batch_size': 50, 'wd': 1.0211670044595937e-06}. Best is trial 25 with value: 0.010693129058927298.
  0%|          | 0/25 [00:00<?, ?it/s]  0%|          | 0/25 [00:06<?, ?it/s]
[I 2024-05-25 14:28:35,171] Trial 64 pruned. 
  0%|          | 0/25 [00:00<?, ?it/s]  0%|          | 0/25 [00:04<?, ?it/s]
[I 2024-05-25 14:28:39,804] Trial 65 pruned. 
  0%|          | 0/25 [00:00<?, ?it/s]  0%|          | 0/25 [00:06<?, ?it/s]
[I 2024-05-25 14:28:45,992] Trial 66 pruned. 
  0%|          | 0/25 [00:00<?, ?it/s]  0%|          | 0/25 [00:06<?, ?it/s]
[I 2024-05-25 14:28:52,973] Trial 67 pruned. 
  0%|          | 0/25 [00:00<?, ?it/s]  0%|          | 0/25 [00:05<?, ?it/s]
[I 2024-05-25 14:28:58,184] Trial 68 pruned. 
  0%|          | 0/25 [00:00<?, ?it/s]  0%|          | 0/25 [00:02<?, ?it/s]
[I 2024-05-25 14:29:00,925] Trial 69 pruned. 
  0%|          | 0/25 [00:00<?, ?it/s]  0%|          | 0/25 [00:07<?, ?it/s]
[I 2024-05-25 14:29:08,518] Trial 70 pruned. 
  0%|          | 0/25 [00:00<?, ?it/s]  0%|          | 0/25 [00:02<?, ?it/s]
[I 2024-05-25 14:29:11,156] Trial 71 pruned. 
  0%|          | 0/25 [00:00<?, ?it/s]  0%|          | 0/25 [00:01<?, ?it/s]
[I 2024-05-25 14:29:12,798] Trial 72 pruned. 
  0%|          | 0/25 [00:00<?, ?it/s]  0%|          | 0/25 [00:02<?, ?it/s]
[I 2024-05-25 14:29:15,446] Trial 73 pruned. 
  0%|          | 0/25 [00:00<?, ?it/s]  4%|▍         | 1/25 [00:02<01:01,  2.57s/it]  8%|▊         | 2/25 [00:05<00:59,  2.58s/it] 12%|█▏        | 3/25 [00:07<00:56,  2.57s/it] 16%|█▌        | 4/25 [00:10<00:53,  2.56s/it] 20%|██        | 5/25 [00:12<00:52,  2.60s/it] 24%|██▍       | 6/25 [00:15<00:49,  2.59s/it] 28%|██▊       | 7/25 [00:18<00:46,  2.58s/it] 32%|███▏      | 8/25 [00:20<00:43,  2.57s/it] 36%|███▌      | 9/25 [00:23<00:41,  2.57s/it] 40%|████      | 10/25 [00:25<00:38,  2.57s/it] 44%|████▍     | 11/25 [00:28<00:35,  2.57s/it] 48%|████▊     | 12/25 [00:30<00:33,  2.57s/it] 52%|█████▏    | 13/25 [00:33<00:30,  2.57s/it] 56%|█████▌    | 14/25 [00:36<00:28,  2.57s/it] 60%|██████    | 15/25 [00:38<00:25,  2.57s/it] 64%|██████▍   | 16/25 [00:41<00:23,  2.56s/it] 68%|██████▊   | 17/25 [00:43<00:20,  2.56s/it] 72%|███████▏  | 18/25 [00:46<00:17,  2.56s/it] 76%|███████▌  | 19/25 [00:48<00:15,  2.55s/it] 80%|████████  | 20/25 [00:51<00:12,  2.55s/it] 84%|████████▍ | 21/25 [00:53<00:10,  2.55s/it] 88%|████████▊ | 22/25 [00:56<00:07,  2.55s/it] 92%|█████████▏| 23/25 [00:59<00:05,  2.55s/it] 96%|█████████▌| 24/25 [01:01<00:02,  2.55s/it]100%|██████████| 25/25 [01:04<00:00,  2.56s/it]100%|██████████| 25/25 [01:04<00:00,  2.57s/it]
[I 2024-05-25 14:30:19,659] Trial 74 finished with value: 0.012650473439134658 and parameters: {'d_model': 64, 'num_heads': 4, 'num_layers': 2, 'lr': 0.0005059184615994373, 'batch_size': 50, 'wd': 1.6913687800692789e-06}. Best is trial 25 with value: 0.010693129058927298.
  0%|          | 0/25 [00:00<?, ?it/s]  0%|          | 0/25 [00:01<?, ?it/s]
[I 2024-05-25 14:30:21,209] Trial 75 pruned. 
  0%|          | 0/25 [00:00<?, ?it/s]  0%|          | 0/25 [00:06<?, ?it/s]
[I 2024-05-25 14:30:27,395] Trial 76 pruned. 
  0%|          | 0/25 [00:00<?, ?it/s]  0%|          | 0/25 [00:01<?, ?it/s]
[I 2024-05-25 14:30:29,033] Trial 77 pruned. 
  0%|          | 0/25 [00:00<?, ?it/s]  4%|▍         | 1/25 [00:04<01:45,  4.38s/it]  8%|▊         | 2/25 [00:08<01:40,  4.37s/it] 12%|█▏        | 3/25 [00:13<01:36,  4.37s/it] 16%|█▌        | 4/25 [00:17<01:31,  4.36s/it] 20%|██        | 5/25 [00:21<01:27,  4.36s/it] 24%|██▍       | 6/25 [00:26<01:22,  4.35s/it] 28%|██▊       | 7/25 [00:30<01:18,  4.35s/it] 32%|███▏      | 8/25 [00:34<01:13,  4.35s/it] 36%|███▌      | 9/25 [00:39<01:09,  4.35s/it] 40%|████      | 10/25 [00:43<01:05,  4.35s/it] 44%|████▍     | 11/25 [00:47<01:00,  4.35s/it] 48%|████▊     | 12/25 [00:52<00:56,  4.36s/it] 52%|█████▏    | 13/25 [00:56<00:52,  4.36s/it] 56%|█████▌    | 14/25 [01:00<00:47,  4.35s/it] 60%|██████    | 15/25 [01:05<00:43,  4.35s/it] 64%|██████▍   | 16/25 [01:09<00:39,  4.36s/it] 68%|██████▊   | 17/25 [01:14<00:34,  4.35s/it] 72%|███████▏  | 18/25 [01:18<00:30,  4.36s/it] 76%|███████▌  | 19/25 [01:22<00:26,  4.36s/it] 80%|████████  | 20/25 [01:27<00:21,  4.36s/it] 84%|████████▍ | 21/25 [01:31<00:17,  4.36s/it] 88%|████████▊ | 22/25 [01:35<00:13,  4.36s/it] 92%|█████████▏| 23/25 [01:40<00:08,  4.36s/it] 96%|█████████▌| 24/25 [01:44<00:04,  4.36s/it]100%|██████████| 25/25 [01:48<00:00,  4.36s/it]100%|██████████| 25/25 [01:48<00:00,  4.36s/it]
[I 2024-05-25 14:32:18,057] Trial 78 finished with value: 0.011912810616195202 and parameters: {'d_model': 128, 'num_heads': 4, 'num_layers': 2, 'lr': 0.0003172439356905836, 'batch_size': 50, 'wd': 2.496796127747924e-06}. Best is trial 25 with value: 0.010693129058927298.
  0%|          | 0/25 [00:00<?, ?it/s]  4%|▍         | 1/25 [00:04<01:45,  4.38s/it]  8%|▊         | 2/25 [00:08<01:40,  4.37s/it] 12%|█▏        | 3/25 [00:13<01:36,  4.37s/it] 16%|█▌        | 4/25 [00:17<01:31,  4.36s/it] 20%|██        | 5/25 [00:21<01:27,  4.36s/it] 24%|██▍       | 6/25 [00:26<01:22,  4.36s/it] 28%|██▊       | 7/25 [00:30<01:18,  4.36s/it] 32%|███▏      | 8/25 [00:34<01:14,  4.37s/it] 36%|███▌      | 9/25 [00:39<01:09,  4.36s/it] 40%|████      | 10/25 [00:43<01:05,  4.36s/it] 44%|████▍     | 11/25 [00:48<01:01,  4.37s/it] 48%|████▊     | 12/25 [00:52<00:56,  4.37s/it] 52%|█████▏    | 13/25 [00:56<00:52,  4.37s/it] 56%|█████▌    | 14/25 [01:01<00:48,  4.37s/it] 60%|██████    | 15/25 [01:05<00:43,  4.37s/it] 64%|██████▍   | 16/25 [01:09<00:39,  4.37s/it] 68%|██████▊   | 17/25 [01:14<00:34,  4.37s/it] 72%|███████▏  | 18/25 [01:18<00:30,  4.37s/it] 76%|███████▌  | 19/25 [01:22<00:26,  4.37s/it] 80%|████████  | 20/25 [01:27<00:21,  4.36s/it] 84%|████████▍ | 21/25 [01:31<00:17,  4.37s/it] 88%|████████▊ | 22/25 [01:36<00:13,  4.37s/it] 92%|█████████▏| 23/25 [01:40<00:08,  4.37s/it] 96%|█████████▌| 24/25 [01:44<00:04,  4.37s/it]100%|██████████| 25/25 [01:49<00:00,  4.36s/it]100%|██████████| 25/25 [01:49<00:00,  4.37s/it]
[I 2024-05-25 14:34:07,330] Trial 79 finished with value: 0.013882699655368924 and parameters: {'d_model': 128, 'num_heads': 4, 'num_layers': 2, 'lr': 0.00022044963451189507, 'batch_size': 50, 'wd': 3.3197523533516743e-06}. Best is trial 25 with value: 0.010693129058927298.
  0%|          | 0/25 [00:00<?, ?it/s]  4%|▍         | 1/25 [00:04<01:45,  4.38s/it]  8%|▊         | 2/25 [00:08<01:40,  4.38s/it] 12%|█▏        | 3/25 [00:13<01:36,  4.38s/it] 16%|█▌        | 4/25 [00:17<01:31,  4.38s/it] 20%|██        | 5/25 [00:21<01:27,  4.38s/it] 24%|██▍       | 6/25 [00:26<01:23,  4.38s/it] 28%|██▊       | 7/25 [00:30<01:18,  4.38s/it] 32%|███▏      | 8/25 [00:35<01:14,  4.38s/it] 36%|███▌      | 9/25 [00:39<01:10,  4.38s/it] 40%|████      | 10/25 [00:43<01:05,  4.38s/it] 44%|████▍     | 11/25 [00:48<01:01,  4.38s/it] 48%|████▊     | 12/25 [00:52<00:56,  4.37s/it] 52%|█████▏    | 13/25 [00:56<00:52,  4.38s/it] 56%|█████▌    | 14/25 [01:01<00:48,  4.38s/it] 60%|██████    | 15/25 [01:05<00:43,  4.38s/it] 64%|██████▍   | 16/25 [01:10<00:39,  4.38s/it] 68%|██████▊   | 17/25 [01:14<00:35,  4.38s/it] 72%|███████▏  | 18/25 [01:18<00:30,  4.38s/it] 76%|███████▌  | 19/25 [01:23<00:26,  4.38s/it] 80%|████████  | 20/25 [01:27<00:21,  4.38s/it] 84%|████████▍ | 21/25 [01:31<00:17,  4.38s/it] 88%|████████▊ | 22/25 [01:36<00:13,  4.38s/it] 92%|█████████▏| 23/25 [01:40<00:08,  4.38s/it] 96%|█████████▌| 24/25 [01:45<00:04,  4.39s/it]100%|██████████| 25/25 [01:49<00:00,  4.38s/it]100%|██████████| 25/25 [01:49<00:00,  4.38s/it]
[I 2024-05-25 14:35:56,927] Trial 80 finished with value: 0.012326366966590285 and parameters: {'d_model': 128, 'num_heads': 16, 'num_layers': 2, 'lr': 0.0003232789212615082, 'batch_size': 50, 'wd': 2.292346785029115e-05}. Best is trial 25 with value: 0.010693129058927298.
  0%|          | 0/25 [00:00<?, ?it/s]  0%|          | 0/25 [00:04<?, ?it/s]
[I 2024-05-25 14:36:01,406] Trial 81 pruned. 
  0%|          | 0/25 [00:00<?, ?it/s]  0%|          | 0/25 [00:04<?, ?it/s]
[I 2024-05-25 14:36:05,881] Trial 82 pruned. 
  0%|          | 0/25 [00:00<?, ?it/s]  0%|          | 0/25 [00:04<?, ?it/s]
[I 2024-05-25 14:36:10,372] Trial 83 pruned. 
  0%|          | 0/25 [00:00<?, ?it/s]  0%|          | 0/25 [00:06<?, ?it/s]
[I 2024-05-25 14:36:16,608] Trial 84 pruned. 
  0%|          | 0/25 [00:00<?, ?it/s]  0%|          | 0/25 [00:02<?, ?it/s]
[I 2024-05-25 14:36:19,365] Trial 85 pruned. 
  0%|          | 0/25 [00:00<?, ?it/s]  0%|          | 0/25 [00:03<?, ?it/s]
[I 2024-05-25 14:36:23,167] Trial 86 pruned. 
  0%|          | 0/25 [00:00<?, ?it/s]  0%|          | 0/25 [00:04<?, ?it/s]
