[I 2024-05-25 01:01:51,310] Trial 73 finished with value: 0.01366054262034595 and parameters: {'d_model': 64, 'num_heads': 4, 'num_layers': 3, 'lr': 0.0006125061552013318, 'batch_size': 50, 'wd': 2.6900667075179447e-05}. Best is trial 25 with value: 0.012904404383152723.
  0%|          | 0/25 [00:00<?, ?it/s]  4%|▍         | 1/25 [00:01<00:45,  1.89s/it]  8%|▊         | 2/25 [00:03<00:43,  1.89s/it] 12%|█▏        | 3/25 [00:05<00:41,  1.89s/it] 16%|█▌        | 4/25 [00:07<00:39,  1.89s/it] 20%|██        | 5/25 [00:09<00:37,  1.89s/it] 24%|██▍       | 6/25 [00:11<00:35,  1.89s/it] 28%|██▊       | 7/25 [00:13<00:33,  1.89s/it] 32%|███▏      | 8/25 [00:15<00:32,  1.89s/it] 36%|███▌      | 9/25 [00:16<00:30,  1.89s/it] 40%|████      | 10/25 [00:18<00:28,  1.89s/it] 44%|████▍     | 11/25 [00:20<00:26,  1.89s/it] 48%|████▊     | 12/25 [00:22<00:24,  1.89s/it] 52%|█████▏    | 13/25 [00:24<00:22,  1.89s/it] 56%|█████▌    | 14/25 [00:26<00:20,  1.88s/it] 60%|██████    | 15/25 [00:28<00:18,  1.89s/it] 64%|██████▍   | 16/25 [00:30<00:16,  1.89s/it] 68%|██████▊   | 17/25 [00:32<00:15,  1.89s/it] 72%|███████▏  | 18/25 [00:33<00:13,  1.89s/it] 76%|███████▌  | 19/25 [00:35<00:11,  1.89s/it] 80%|████████  | 20/25 [00:37<00:09,  1.89s/it] 84%|████████▍ | 21/25 [00:39<00:07,  1.89s/it] 88%|████████▊ | 22/25 [00:41<00:05,  1.89s/it] 92%|█████████▏| 23/25 [00:43<00:03,  1.88s/it] 96%|█████████▌| 24/25 [00:45<00:01,  1.89s/it]100%|██████████| 25/25 [00:47<00:00,  1.89s/it]100%|██████████| 25/25 [00:47<00:00,  1.89s/it]
[I 2024-05-25 01:02:38,578] Trial 74 finished with value: 0.01364711793139577 and parameters: {'d_model': 64, 'num_heads': 4, 'num_layers': 2, 'lr': 0.0005232735017330547, 'batch_size': 50, 'wd': 8.703607840321697e-06}. Best is trial 25 with value: 0.012904404383152723.
  0%|          | 0/25 [00:00<?, ?it/s]  4%|▍         | 1/25 [00:01<00:45,  1.89s/it]  8%|▊         | 2/25 [00:03<00:43,  1.89s/it] 12%|█▏        | 3/25 [00:05<00:41,  1.89s/it] 16%|█▌        | 4/25 [00:07<00:39,  1.89s/it] 20%|██        | 5/25 [00:09<00:37,  1.89s/it] 24%|██▍       | 6/25 [00:11<00:35,  1.89s/it] 28%|██▊       | 7/25 [00:13<00:34,  1.89s/it] 32%|███▏      | 8/25 [00:15<00:32,  1.89s/it] 36%|███▌      | 9/25 [00:17<00:30,  1.89s/it] 40%|████      | 10/25 [00:18<00:28,  1.89s/it] 44%|████▍     | 11/25 [00:20<00:26,  1.89s/it] 48%|████▊     | 12/25 [00:22<00:24,  1.89s/it] 52%|█████▏    | 13/25 [00:24<00:22,  1.89s/it] 56%|█████▌    | 14/25 [00:26<00:20,  1.89s/it] 60%|██████    | 15/25 [00:28<00:18,  1.89s/it] 64%|██████▍   | 16/25 [00:30<00:17,  1.89s/it] 68%|██████▊   | 17/25 [00:32<00:15,  1.89s/it] 72%|███████▏  | 18/25 [00:34<00:13,  1.89s/it] 76%|███████▌  | 19/25 [00:35<00:11,  1.89s/it] 80%|████████  | 20/25 [00:37<00:09,  1.89s/it] 84%|████████▍ | 21/25 [00:39<00:07,  1.89s/it] 88%|████████▊ | 22/25 [00:41<00:05,  1.89s/it] 92%|█████████▏| 23/25 [00:43<00:03,  1.89s/it] 96%|█████████▌| 24/25 [00:45<00:01,  1.89s/it]100%|██████████| 25/25 [00:47<00:00,  1.89s/it]100%|██████████| 25/25 [00:47<00:00,  1.89s/it]
[I 2024-05-25 01:03:25,927] Trial 75 finished with value: 0.012558136694133281 and parameters: {'d_model': 64, 'num_heads': 4, 'num_layers': 2, 'lr': 0.0008669048376082868, 'batch_size': 50, 'wd': 9.918335068756377e-06}. Best is trial 75 with value: 0.012558136694133281.
  0%|          | 0/25 [00:00<?, ?it/s]  4%|▍         | 1/25 [00:01<00:32,  1.36s/it]  4%|▍         | 1/25 [00:02<01:05,  2.72s/it]
[I 2024-05-25 01:03:28,728] Trial 76 pruned. 
  0%|          | 0/25 [00:00<?, ?it/s]  0%|          | 0/25 [00:01<?, ?it/s]
[I 2024-05-25 01:03:29,942] Trial 77 pruned. 
  0%|          | 0/25 [00:00<?, ?it/s]  0%|          | 0/25 [00:05<?, ?it/s]
[I 2024-05-25 01:03:35,820] Trial 78 pruned. 
  0%|          | 0/25 [00:00<?, ?it/s]  0%|          | 0/25 [00:00<?, ?it/s]
[I 2024-05-25 01:03:36,649] Trial 79 pruned. 
  0%|          | 0/25 [00:00<?, ?it/s]  0%|          | 0/25 [00:01<?, ?it/s]
[I 2024-05-25 01:03:37,904] Trial 80 pruned. 
  0%|          | 0/25 [00:00<?, ?it/s]  4%|▍         | 1/25 [00:02<01:03,  2.66s/it]  8%|▊         | 2/25 [00:05<01:01,  2.66s/it] 12%|█▏        | 3/25 [00:07<00:58,  2.67s/it] 16%|█▌        | 4/25 [00:10<00:55,  2.67s/it] 20%|██        | 5/25 [00:13<00:53,  2.66s/it] 24%|██▍       | 6/25 [00:15<00:50,  2.66s/it] 28%|██▊       | 7/25 [00:18<00:47,  2.66s/it] 32%|███▏      | 8/25 [00:21<00:45,  2.66s/it] 36%|███▌      | 9/25 [00:23<00:42,  2.67s/it] 40%|████      | 10/25 [00:26<00:39,  2.67s/it] 44%|████▍     | 11/25 [00:29<00:37,  2.67s/it] 48%|████▊     | 12/25 [00:31<00:34,  2.67s/it] 52%|█████▏    | 13/25 [00:34<00:31,  2.66s/it] 56%|█████▌    | 14/25 [00:37<00:29,  2.66s/it] 60%|██████    | 15/25 [00:39<00:26,  2.66s/it] 64%|██████▍   | 16/25 [00:42<00:23,  2.66s/it] 68%|██████▊   | 17/25 [00:45<00:21,  2.66s/it] 72%|███████▏  | 18/25 [00:47<00:18,  2.67s/it] 76%|███████▌  | 19/25 [00:50<00:15,  2.67s/it] 80%|████████  | 20/25 [00:53<00:13,  2.67s/it] 84%|████████▍ | 21/25 [00:55<00:10,  2.67s/it] 88%|████████▊ | 22/25 [00:58<00:07,  2.66s/it] 92%|█████████▏| 23/25 [01:01<00:05,  2.67s/it] 96%|█████████▌| 24/25 [01:03<00:02,  2.66s/it]100%|██████████| 25/25 [01:06<00:00,  2.66s/it]100%|██████████| 25/25 [01:06<00:00,  2.66s/it]
[I 2024-05-25 01:04:44,605] Trial 81 finished with value: 0.014481262722983956 and parameters: {'d_model': 64, 'num_heads': 4, 'num_layers': 3, 'lr': 0.0005050561993000244, 'batch_size': 50, 'wd': 1.1559404838532564e-05}. Best is trial 75 with value: 0.012558136694133281.
  0%|          | 0/25 [00:00<?, ?it/s]  0%|          | 0/25 [00:01<?, ?it/s]
[I 2024-05-25 01:04:46,595] Trial 82 pruned. 
  0%|          | 0/25 [00:00<?, ?it/s]  0%|          | 0/25 [00:01<?, ?it/s]
[I 2024-05-25 01:04:47,808] Trial 83 pruned. 
  0%|          | 0/25 [00:00<?, ?it/s]  0%|          | 0/25 [00:02<?, ?it/s]
[I 2024-05-25 01:04:50,614] Trial 84 pruned. 
  0%|          | 0/25 [00:00<?, ?it/s]  0%|          | 0/25 [00:03<?, ?it/s]
[I 2024-05-25 01:04:53,850] Trial 85 pruned. 
  0%|          | 0/25 [00:00<?, ?it/s]  0%|          | 0/25 [00:02<?, ?it/s]
[I 2024-05-25 01:04:56,572] Trial 86 pruned. 
  0%|          | 0/25 [00:00<?, ?it/s]  0%|          | 0/25 [00:00<?, ?it/s]
[I 2024-05-25 01:04:57,455] Trial 87 pruned. 
  0%|          | 0/25 [00:00<?, ?it/s]  0%|          | 0/25 [00:00<?, ?it/s]
[I 2024-05-25 01:04:58,193] Trial 88 pruned. 
  0%|          | 0/25 [00:00<?, ?it/s]  0%|          | 0/25 [00:02<?, ?it/s]
[I 2024-05-25 01:05:00,931] Trial 89 pruned. 
  0%|          | 0/25 [00:00<?, ?it/s]  0%|          | 0/25 [00:01<?, ?it/s]
[I 2024-05-25 01:05:02,915] Trial 90 pruned. 
  0%|          | 0/25 [00:00<?, ?it/s]  0%|          | 0/25 [00:02<?, ?it/s]
[I 2024-05-25 01:05:05,631] Trial 91 pruned. 
  0%|          | 0/25 [00:00<?, ?it/s]  0%|          | 0/25 [00:02<?, ?it/s]
[I 2024-05-25 01:05:08,353] Trial 92 pruned. 
  0%|          | 0/25 [00:00<?, ?it/s]  4%|▍         | 1/25 [00:02<01:03,  2.64s/it]  8%|▊         | 2/25 [00:05<01:00,  2.64s/it] 12%|█▏        | 3/25 [00:07<00:58,  2.64s/it] 16%|█▌        | 4/25 [00:10<00:55,  2.64s/it] 20%|██        | 5/25 [00:13<00:52,  2.64s/it] 24%|██▍       | 6/25 [00:15<00:50,  2.64s/it] 28%|██▊       | 7/25 [00:18<00:47,  2.64s/it] 32%|███▏      | 8/25 [00:21<00:44,  2.64s/it] 36%|███▌      | 9/25 [00:23<00:42,  2.64s/it] 40%|████      | 10/25 [00:26<00:39,  2.64s/it] 44%|████▍     | 11/25 [00:29<00:36,  2.64s/it] 48%|████▊     | 12/25 [00:31<00:34,  2.64s/it] 52%|█████▏    | 13/25 [00:34<00:31,  2.64s/it] 56%|█████▌    | 14/25 [00:36<00:29,  2.64s/it] 60%|██████    | 15/25 [00:39<00:26,  2.64s/it] 64%|██████▍   | 16/25 [00:42<00:23,  2.64s/it] 68%|██████▊   | 17/25 [00:44<00:21,  2.64s/it] 72%|███████▏  | 18/25 [00:47<00:18,  2.64s/it] 76%|███████▌  | 19/25 [00:50<00:15,  2.64s/it] 80%|████████  | 20/25 [00:52<00:13,  2.64s/it] 84%|████████▍ | 21/25 [00:55<00:10,  2.64s/it] 88%|████████▊ | 22/25 [00:58<00:07,  2.64s/it] 92%|█████████▏| 23/25 [01:00<00:05,  2.64s/it] 96%|█████████▌| 24/25 [01:03<00:02,  2.64s/it]100%|██████████| 25/25 [01:05<00:00,  2.64s/it]100%|██████████| 25/25 [01:05<00:00,  2.64s/it]
[I 2024-05-25 01:06:14,386] Trial 93 finished with value: 0.01271577924489975 and parameters: {'d_model': 64, 'num_heads': 4, 'num_layers': 3, 'lr': 0.0008093883511855142, 'batch_size': 50, 'wd': 2.4111306227774336e-05}. Best is trial 75 with value: 0.012558136694133281.
  0%|          | 0/25 [00:00<?, ?it/s]  0%|          | 0/25 [00:02<?, ?it/s]
[I 2024-05-25 01:06:17,109] Trial 94 pruned. 
  0%|          | 0/25 [00:00<?, ?it/s]  4%|▍         | 1/25 [00:01<00:45,  1.89s/it]  8%|▊         | 2/25 [00:03<00:43,  1.89s/it] 12%|█▏        | 3/25 [00:05<00:41,  1.88s/it] 16%|█▌        | 4/25 [00:07<00:39,  1.89s/it] 20%|██        | 5/25 [00:09<00:37,  1.89s/it] 20%|██        | 5/25 [00:11<00:45,  2.27s/it]
[I 2024-05-25 01:06:28,528] Trial 95 pruned. 
  0%|          | 0/25 [00:00<?, ?it/s]  0%|          | 0/25 [00:01<?, ?it/s]
[I 2024-05-25 01:06:29,987] Trial 96 pruned. 
  0%|          | 0/25 [00:00<?, ?it/s]  0%|          | 0/25 [00:02<?, ?it/s]
[I 2024-05-25 01:06:32,705] Trial 97 pruned. 
  0%|          | 0/25 [00:00<?, ?it/s]  0%|          | 0/25 [00:02<?, ?it/s]
[I 2024-05-25 01:06:34,896] Trial 98 pruned. 
  0%|          | 0/25 [00:00<?, ?it/s]  0%|          | 0/25 [00:07<?, ?it/s]
[I 2024-05-25 01:06:42,014] Trial 99 pruned. 
0 False
Number of finished trials:  100
Best hyperparameters:  {'d_model': 64, 'num_heads': 4, 'num_layers': 2, 'lr': 0.0008669048376082868, 'batch_size': 50, 'wd': 9.918335068756377e-06}
Best validation loss:  0.012558136694133281

JOB STATISTICS
==============
Job ID: 6377398
Cluster: snellius
User/Group: igardner/igardner
State: RUNNING
Nodes: 1
Cores per node: 18
CPU Utilized: 00:00:00
CPU Efficiency: 0.00% of 10:08:24 core-walltime
Job Wall-clock time: 00:33:48
Memory Utilized: 0.00 MB (estimated maximum)
Memory Efficiency: 0.00% of 120.00 GB (120.00 GB/node)
WARNING: Efficiency statistics may be misleading for RUNNING jobs.
