[I 2024-05-25 00:46:56,601] Trial 31 pruned. 
  0%|          | 0/25 [00:00<?, ?it/s]  4%|▍         | 1/25 [00:04<01:42,  4.27s/it]  8%|▊         | 2/25 [00:08<01:38,  4.27s/it] 12%|█▏        | 3/25 [00:12<01:33,  4.26s/it] 16%|█▌        | 4/25 [00:17<01:29,  4.26s/it] 20%|██        | 5/25 [00:21<01:25,  4.26s/it] 24%|██▍       | 6/25 [00:25<01:20,  4.26s/it] 28%|██▊       | 7/25 [00:29<01:16,  4.26s/it] 32%|███▏      | 8/25 [00:34<01:12,  4.26s/it] 36%|███▌      | 9/25 [00:38<01:08,  4.27s/it] 40%|████      | 10/25 [00:42<01:03,  4.27s/it] 44%|████▍     | 11/25 [00:46<00:59,  4.26s/it] 48%|████▊     | 12/25 [00:51<00:55,  4.27s/it] 52%|█████▏    | 13/25 [00:55<00:51,  4.27s/it] 56%|█████▌    | 14/25 [00:59<00:46,  4.27s/it] 60%|██████    | 15/25 [01:03<00:42,  4.27s/it] 64%|██████▍   | 16/25 [01:08<00:38,  4.27s/it] 68%|██████▊   | 17/25 [01:12<00:34,  4.27s/it] 72%|███████▏  | 18/25 [01:16<00:29,  4.27s/it] 76%|███████▌  | 19/25 [01:21<00:25,  4.27s/it] 80%|████████  | 20/25 [01:25<00:21,  4.27s/it] 84%|████████▍ | 21/25 [01:29<00:17,  4.27s/it] 88%|████████▊ | 22/25 [01:33<00:12,  4.27s/it] 92%|█████████▏| 23/25 [01:38<00:08,  4.26s/it] 96%|█████████▌| 24/25 [01:42<00:04,  4.27s/it] 96%|█████████▌| 24/25 [01:46<00:04,  4.45s/it]
[I 2024-05-25 00:48:43,386] Trial 32 pruned. 
  0%|          | 0/25 [00:00<?, ?it/s]  4%|▍         | 1/25 [00:03<01:24,  3.51s/it]  8%|▊         | 2/25 [00:07<01:20,  3.51s/it] 12%|█▏        | 3/25 [00:10<01:17,  3.51s/it] 16%|█▌        | 4/25 [00:14<01:13,  3.51s/it] 20%|██        | 5/25 [00:17<01:10,  3.51s/it] 24%|██▍       | 6/25 [00:21<01:06,  3.51s/it] 28%|██▊       | 7/25 [00:24<01:03,  3.51s/it] 32%|███▏      | 8/25 [00:28<00:59,  3.51s/it] 36%|███▌      | 9/25 [00:31<00:56,  3.50s/it] 40%|████      | 10/25 [00:35<00:52,  3.50s/it] 44%|████▍     | 11/25 [00:38<00:48,  3.50s/it] 48%|████▊     | 12/25 [00:42<00:45,  3.50s/it] 52%|█████▏    | 13/25 [00:45<00:41,  3.50s/it] 56%|█████▌    | 14/25 [00:49<00:38,  3.50s/it] 60%|██████    | 15/25 [00:52<00:34,  3.50s/it] 64%|██████▍   | 16/25 [00:56<00:31,  3.50s/it] 68%|██████▊   | 17/25 [00:59<00:27,  3.50s/it] 72%|███████▏  | 18/25 [01:03<00:24,  3.50s/it] 76%|███████▌  | 19/25 [01:06<00:20,  3.49s/it] 80%|████████  | 20/25 [01:10<00:17,  3.49s/it] 84%|████████▍ | 21/25 [01:13<00:13,  3.49s/it] 88%|████████▊ | 22/25 [01:17<00:10,  3.50s/it] 92%|█████████▏| 23/25 [01:20<00:06,  3.50s/it] 96%|█████████▌| 24/25 [01:24<00:03,  3.50s/it]100%|██████████| 25/25 [01:27<00:00,  3.50s/it]100%|██████████| 25/25 [01:27<00:00,  3.50s/it]
[I 2024-05-25 00:50:11,015] Trial 33 finished with value: 0.017272679880261422 and parameters: {'d_model': 64, 'num_heads': 4, 'num_layers': 4, 'lr': 0.0004755655536011313, 'batch_size': 50, 'wd': 8.388223909988476e-05}. Best is trial 25 with value: 0.012904404383152723.
  0%|          | 0/25 [00:00<?, ?it/s]  4%|▍         | 1/25 [00:02<01:05,  2.73s/it]  8%|▊         | 2/25 [00:05<01:02,  2.73s/it] 12%|█▏        | 3/25 [00:08<00:59,  2.73s/it] 16%|█▌        | 4/25 [00:10<00:57,  2.73s/it] 20%|██        | 5/25 [00:13<00:54,  2.72s/it] 24%|██▍       | 6/25 [00:16<00:51,  2.70s/it] 28%|██▊       | 7/25 [00:18<00:48,  2.69s/it] 32%|███▏      | 8/25 [00:21<00:45,  2.68s/it] 36%|███▌      | 9/25 [00:24<00:42,  2.67s/it] 40%|████      | 10/25 [00:26<00:40,  2.67s/it] 44%|████▍     | 11/25 [00:29<00:37,  2.67s/it] 48%|████▊     | 12/25 [00:32<00:34,  2.67s/it] 52%|█████▏    | 13/25 [00:34<00:31,  2.66s/it] 56%|█████▌    | 14/25 [00:37<00:29,  2.66s/it] 60%|██████    | 15/25 [00:40<00:26,  2.66s/it] 64%|██████▍   | 16/25 [00:42<00:23,  2.66s/it] 68%|██████▊   | 17/25 [00:45<00:21,  2.66s/it] 72%|███████▏  | 18/25 [00:48<00:18,  2.66s/it] 76%|███████▌  | 19/25 [00:50<00:15,  2.66s/it] 80%|████████  | 20/25 [00:53<00:13,  2.66s/it] 84%|████████▍ | 21/25 [00:56<00:10,  2.66s/it] 88%|████████▊ | 22/25 [00:58<00:07,  2.66s/it] 92%|█████████▏| 23/25 [01:01<00:05,  2.66s/it] 96%|█████████▌| 24/25 [01:04<00:02,  2.66s/it]100%|██████████| 25/25 [01:06<00:00,  2.66s/it]100%|██████████| 25/25 [01:06<00:00,  2.67s/it]
[I 2024-05-25 00:51:17,925] Trial 34 finished with value: 0.014622241072356702 and parameters: {'d_model': 64, 'num_heads': 4, 'num_layers': 3, 'lr': 0.0006488156654460912, 'batch_size': 50, 'wd': 3.034961968891913e-05}. Best is trial 25 with value: 0.012904404383152723.
  0%|          | 0/25 [00:00<?, ?it/s]  0%|          | 0/25 [00:02<?, ?it/s]
[I 2024-05-25 00:51:20,686] Trial 35 pruned. 
  0%|          | 0/25 [00:00<?, ?it/s]  0%|          | 0/25 [00:01<?, ?it/s]
[I 2024-05-25 00:51:22,337] Trial 36 pruned. 
  0%|          | 0/25 [00:00<?, ?it/s]  0%|          | 0/25 [00:00<?, ?it/s]
[I 2024-05-25 00:51:23,179] Trial 37 pruned. 
  0%|          | 0/25 [00:00<?, ?it/s]  0%|          | 0/25 [00:01<?, ?it/s]
[I 2024-05-25 00:51:24,396] Trial 38 pruned. 
  0%|          | 0/25 [00:00<?, ?it/s]  4%|▍         | 1/25 [00:01<00:46,  1.93s/it]  4%|▍         | 1/25 [00:03<01:32,  3.85s/it]
[I 2024-05-25 00:51:28,322] Trial 39 pruned. 
  0%|          | 0/25 [00:00<?, ?it/s]  0%|          | 0/25 [00:01<?, ?it/s]
[I 2024-05-25 00:51:29,456] Trial 40 pruned. 
  0%|          | 0/25 [00:00<?, ?it/s]  4%|▍         | 1/25 [00:03<01:22,  3.42s/it]  8%|▊         | 2/25 [00:06<01:18,  3.41s/it] 12%|█▏        | 3/25 [00:10<01:15,  3.41s/it] 16%|█▌        | 4/25 [00:13<01:11,  3.41s/it] 20%|██        | 5/25 [00:17<01:08,  3.41s/it] 24%|██▍       | 6/25 [00:20<01:04,  3.41s/it] 28%|██▊       | 7/25 [00:23<01:01,  3.41s/it] 32%|███▏      | 8/25 [00:27<00:57,  3.41s/it] 36%|███▌      | 9/25 [00:30<00:54,  3.41s/it] 40%|████      | 10/25 [00:34<00:51,  3.41s/it] 44%|████▍     | 11/25 [00:37<00:47,  3.41s/it] 48%|████▊     | 12/25 [00:40<00:44,  3.41s/it] 52%|█████▏    | 13/25 [00:44<00:40,  3.41s/it] 56%|█████▌    | 14/25 [00:47<00:37,  3.41s/it] 60%|██████    | 15/25 [00:51<00:34,  3.41s/it] 64%|██████▍   | 16/25 [00:54<00:30,  3.41s/it] 68%|██████▊   | 17/25 [00:57<00:27,  3.41s/it] 72%|███████▏  | 18/25 [01:01<00:23,  3.41s/it] 76%|███████▌  | 19/25 [01:04<00:20,  3.41s/it] 80%|████████  | 20/25 [01:08<00:17,  3.41s/it] 80%|████████  | 20/25 [01:11<00:17,  3.58s/it]
[I 2024-05-25 00:52:41,157] Trial 41 pruned. 
  0%|          | 0/25 [00:00<?, ?it/s]  4%|▍         | 1/25 [00:03<01:22,  3.42s/it]  8%|▊         | 2/25 [00:06<01:18,  3.42s/it] 12%|█▏        | 3/25 [00:10<01:15,  3.41s/it] 16%|█▌        | 4/25 [00:13<01:11,  3.41s/it] 20%|██        | 5/25 [00:17<01:08,  3.41s/it] 24%|██▍       | 6/25 [00:20<01:05,  3.43s/it] 28%|██▊       | 7/25 [00:23<01:01,  3.43s/it] 32%|███▏      | 8/25 [00:27<00:58,  3.44s/it] 36%|███▌      | 9/25 [00:30<00:55,  3.44s/it] 40%|████      | 10/25 [00:34<00:51,  3.45s/it] 44%|████▍     | 11/25 [00:37<00:48,  3.45s/it] 48%|████▊     | 12/25 [00:41<00:44,  3.44s/it] 52%|█████▏    | 13/25 [00:44<00:41,  3.43s/it] 56%|█████▌    | 14/25 [00:48<00:37,  3.42s/it] 60%|██████    | 15/25 [00:51<00:34,  3.42s/it] 64%|██████▍   | 16/25 [00:54<00:30,  3.42s/it] 68%|██████▊   | 17/25 [00:58<00:27,  3.42s/it] 72%|███████▏  | 18/25 [01:01<00:23,  3.41s/it] 76%|███████▌  | 19/25 [01:05<00:20,  3.41s/it] 80%|████████  | 20/25 [01:08<00:17,  3.41s/it] 84%|████████▍ | 21/25 [01:11<00:13,  3.41s/it] 88%|████████▊ | 22/25 [01:15<00:10,  3.41s/it] 92%|█████████▏| 23/25 [01:18<00:06,  3.41s/it] 96%|█████████▌| 24/25 [01:22<00:03,  3.41s/it]100%|██████████| 25/25 [01:25<00:00,  3.41s/it]100%|██████████| 25/25 [01:25<00:00,  3.42s/it]
[I 2024-05-25 00:54:06,801] Trial 42 finished with value: 0.014536895463243127 and parameters: {'d_model': 64, 'num_heads': 4, 'num_layers': 4, 'lr': 0.0005842867233845643, 'batch_size': 50, 'wd': 7.739348884547042e-05}. Best is trial 25 with value: 0.012904404383152723.
  0%|          | 0/25 [00:00<?, ?it/s]  4%|▍         | 1/25 [00:02<01:03,  2.65s/it]  8%|▊         | 2/25 [00:05<01:00,  2.65s/it] 12%|█▏        | 3/25 [00:07<00:58,  2.65s/it] 16%|█▌        | 4/25 [00:10<00:55,  2.65s/it] 20%|██        | 5/25 [00:13<00:53,  2.65s/it] 24%|██▍       | 6/25 [00:15<00:50,  2.65s/it] 28%|██▊       | 7/25 [00:18<00:47,  2.65s/it] 32%|███▏      | 8/25 [00:21<00:45,  2.65s/it] 36%|███▌      | 9/25 [00:23<00:42,  2.65s/it] 40%|████      | 10/25 [00:26<00:39,  2.65s/it] 44%|████▍     | 11/25 [00:29<00:37,  2.65s/it] 48%|████▊     | 12/25 [00:31<00:34,  2.65s/it] 52%|█████▏    | 13/25 [00:34<00:31,  2.65s/it] 56%|█████▌    | 14/25 [00:37<00:29,  2.65s/it] 60%|██████    | 15/25 [00:39<00:26,  2.65s/it] 64%|██████▍   | 16/25 [00:42<00:23,  2.65s/it] 68%|██████▊   | 17/25 [00:45<00:21,  2.66s/it] 72%|███████▏  | 18/25 [00:47<00:18,  2.65s/it] 76%|███████▌  | 19/25 [00:50<00:15,  2.65s/it] 80%|████████  | 20/25 [00:53<00:13,  2.65s/it] 84%|████████▍ | 21/25 [00:55<00:10,  2.64s/it] 88%|████████▊ | 22/25 [00:58<00:07,  2.64s/it] 92%|█████████▏| 23/25 [01:00<00:05,  2.64s/it] 96%|█████████▌| 24/25 [01:03<00:02,  2.64s/it]100%|██████████| 25/25 [01:06<00:00,  2.64s/it]100%|██████████| 25/25 [01:06<00:00,  2.65s/it]
[I 2024-05-25 00:55:13,126] Trial 43 finished with value: 0.014432650897651911 and parameters: {'d_model': 64, 'num_heads': 4, 'num_layers': 3, 'lr': 0.0005688131686706732, 'batch_size': 50, 'wd': 8.999783828341111e-05}. Best is trial 25 with value: 0.012904404383152723.
  0%|          | 0/25 [00:00<?, ?it/s]  0%|          | 0/25 [00:02<?, ?it/s]
[I 2024-05-25 00:55:15,862] Trial 44 pruned. 
  0%|          | 0/25 [00:00<?, ?it/s]  0%|          | 0/25 [00:02<?, ?it/s]
[I 2024-05-25 00:55:18,514] Trial 45 pruned. 
  0%|          | 0/25 [00:00<?, ?it/s]  0%|          | 0/25 [00:03<?, ?it/s]
[I 2024-05-25 00:55:22,010] Trial 46 pruned. 
  0%|          | 0/25 [00:00<?, ?it/s]  0%|          | 0/25 [00:01<?, ?it/s]
[I 2024-05-25 00:55:23,114] Trial 47 pruned. 
  0%|          | 0/25 [00:00<?, ?it/s]  0%|          | 0/25 [00:04<?, ?it/s]
[I 2024-05-25 00:55:27,368] Trial 48 pruned. 
  0%|          | 0/25 [00:00<?, ?it/s]  0%|          | 0/25 [00:01<?, ?it/s]
[I 2024-05-25 00:55:29,080] Trial 49 pruned. 
  0%|          | 0/25 [00:00<?, ?it/s]  4%|▍         | 1/25 [00:02<00:58,  2.46s/it]  4%|▍         | 1/25 [00:04<01:57,  4.89s/it]
[I 2024-05-25 00:55:34,056] Trial 50 pruned. 
  0%|          | 0/25 [00:00<?, ?it/s]  4%|▍         | 1/25 [00:01<00:45,  1.90s/it]  8%|▊         | 2/25 [00:03<00:43,  1.90s/it] 12%|█▏        | 3/25 [00:05<00:41,  1.90s/it] 16%|█▌        | 4/25 [00:07<00:39,  1.90s/it] 20%|██        | 5/25 [00:09<00:37,  1.90s/it] 24%|██▍       | 6/25 [00:11<00:36,  1.90s/it] 28%|██▊       | 7/25 [00:13<00:34,  1.90s/it] 32%|███▏      | 8/25 [00:15<00:32,  1.90s/it] 36%|███▌      | 9/25 [00:17<00:30,  1.90s/it] 40%|████      | 10/25 [00:18<00:28,  1.90s/it] 44%|████▍     | 11/25 [00:20<00:26,  1.90s/it] 48%|████▊     | 12/25 [00:22<00:24,  1.90s/it] 52%|█████▏    | 13/25 [00:24<00:22,  1.90s/it] 56%|█████▌    | 14/25 [00:26<00:20,  1.90s/it] 60%|██████    | 15/25 [00:28<00:18,  1.90s/it] 64%|██████▍   | 16/25 [00:30<00:17,  1.90s/it] 68%|██████▊   | 17/25 [00:32<00:15,  1.90s/it] 72%|███████▏  | 18/25 [00:34<00:13,  1.90s/it] 76%|███████▌  | 19/25 [00:36<00:11,  1.90s/it] 80%|████████  | 20/25 [00:37<00:09,  1.90s/it] 84%|████████▍ | 21/25 [00:39<00:07,  1.90s/it] 88%|████████▊ | 22/25 [00:41<00:05,  1.90s/it] 92%|█████████▏| 23/25 [00:43<00:03,  1.90s/it] 96%|█████████▌| 24/25 [00:45<00:01,  1.90s/it]100%|██████████| 25/25 [00:47<00:00,  1.90s/it]100%|██████████| 25/25 [00:47<00:00,  1.90s/it]
[I 2024-05-25 00:56:21,598] Trial 51 finished with value: 0.01418946161866188 and parameters: {'d_model': 64, 'num_heads': 16, 'num_layers': 2, 'lr': 0.0007976703225593957, 'batch_size': 50, 'wd': 1.3747437721460122e-05}. Best is trial 25 with value: 0.012904404383152723.
  0%|          | 0/25 [00:00<?, ?it/s]  4%|▍         | 1/25 [00:01<00:45,  1.91s/it]  8%|▊         | 2/25 [00:03<00:43,  1.91s/it]  8%|▊         | 2/25 [00:05<01:05,  2.86s/it]
[I 2024-05-25 00:56:27,408] Trial 52 pruned. 
  0%|          | 0/25 [00:00<?, ?it/s]  4%|▍         | 1/25 [00:02<01:03,  2.66s/it]  8%|▊         | 2/25 [00:05<01:01,  2.66s/it] 12%|█▏        | 3/25 [00:07<00:58,  2.65s/it] 16%|█▌        | 4/25 [00:10<00:55,  2.65s/it] 20%|██        | 5/25 [00:13<00:52,  2.65s/it] 24%|██▍       | 6/25 [00:15<00:50,  2.65s/it] 28%|██▊       | 7/25 [00:18<00:47,  2.65s/it] 32%|███▏      | 8/25 [00:21<00:45,  2.65s/it] 36%|███▌      | 9/25 [00:23<00:42,  2.65s/it] 40%|████      | 10/25 [00:26<00:39,  2.65s/it] 44%|████▍     | 11/25 [00:29<00:37,  2.65s/it] 48%|████▊     | 12/25 [00:31<00:34,  2.65s/it] 52%|█████▏    | 13/25 [00:34<00:31,  2.65s/it] 56%|█████▌    | 14/25 [00:37<00:29,  2.65s/it] 60%|██████    | 15/25 [00:39<00:26,  2.65s/it] 64%|██████▍   | 16/25 [00:42<00:23,  2.65s/it] 68%|██████▊   | 17/25 [00:45<00:21,  2.65s/it] 72%|███████▏  | 18/25 [00:47<00:18,  2.65s/it] 76%|███████▌  | 19/25 [00:50<00:15,  2.65s/it] 80%|████████  | 20/25 [00:52<00:13,  2.65s/it] 84%|████████▍ | 21/25 [00:55<00:10,  2.65s/it] 88%|████████▊ | 22/25 [00:58<00:07,  2.65s/it] 92%|█████████▏| 23/25 [01:00<00:05,  2.65s/it] 96%|█████████▌| 24/25 [01:03<00:02,  2.65s/it]100%|██████████| 25/25 [01:06<00:00,  2.65s/it]100%|██████████| 25/25 [01:06<00:00,  2.65s/it]
[I 2024-05-25 00:57:33,719] Trial 53 finished with value: 0.014244169183075427 and parameters: {'d_model': 64, 'num_heads': 4, 'num_layers': 3, 'lr': 0.000564801576164708, 'batch_size': 50, 'wd': 3.1033127933323026e-05}. Best is trial 25 with value: 0.012904404383152723.
  0%|          | 0/25 [00:00<?, ?it/s]  4%|▍         | 1/25 [00:01<00:45,  1.89s/it]  8%|▊         | 2/25 [00:03<00:43,  1.89s/it]  8%|▊         | 2/25 [00:05<01:05,  2.83s/it]
[I 2024-05-25 00:57:39,459] Trial 54 pruned. 
  0%|          | 0/25 [00:00<?, ?it/s]  0%|          | 0/25 [00:01<?, ?it/s]
[I 2024-05-25 00:57:40,653] Trial 55 pruned. 
  0%|          | 0/25 [00:00<?, ?it/s]  0%|          | 0/25 [00:01<?, ?it/s]
[I 2024-05-25 00:57:42,641] Trial 56 pruned. 
  0%|          | 0/25 [00:00<?, ?it/s]  0%|          | 0/25 [00:01<?, ?it/s]
[I 2024-05-25 00:57:44,707] Trial 57 pruned. 
  0%|          | 0/25 [00:00<?, ?it/s]  0%|          | 0/25 [00:06<?, ?it/s]
[I 2024-05-25 00:57:51,332] Trial 58 pruned. 
  0%|          | 0/25 [00:00<?, ?it/s]  0%|          | 0/25 [00:00<?, ?it/s]
[I 2024-05-25 00:57:52,272] Trial 59 pruned. 
  0%|          | 0/25 [00:00<?, ?it/s]  4%|▍         | 1/25 [00:02<01:04,  2.69s/it]  4%|▍         | 1/25 [00:05<02:08,  5.37s/it]
[I 2024-05-25 00:57:57,727] Trial 60 pruned. 
  0%|          | 0/25 [00:00<?, ?it/s]  0%|          | 0/25 [00:02<?, ?it/s]
[I 2024-05-25 00:58:00,482] Trial 61 pruned. 
  0%|          | 0/25 [00:00<?, ?it/s]  0%|          | 0/25 [00:03<?, ?it/s]
[I 2024-05-25 00:58:03,987] Trial 62 pruned. 
  0%|          | 0/25 [00:00<?, ?it/s]  0%|          | 0/25 [00:01<?, ?it/s]
[I 2024-05-25 00:58:05,964] Trial 63 pruned. 
  0%|          | 0/25 [00:00<?, ?it/s]  4%|▍         | 1/25 [00:02<01:03,  2.66s/it]  8%|▊         | 2/25 [00:05<01:01,  2.65s/it] 12%|█▏        | 3/25 [00:07<00:58,  2.66s/it] 16%|█▌        | 4/25 [00:10<00:55,  2.66s/it] 20%|██        | 5/25 [00:13<00:53,  2.65s/it] 24%|██▍       | 6/25 [00:15<00:50,  2.65s/it] 28%|██▊       | 7/25 [00:18<00:47,  2.65s/it] 32%|███▏      | 8/25 [00:21<00:45,  2.65s/it] 36%|███▌      | 9/25 [00:23<00:42,  2.66s/it] 40%|████      | 10/25 [00:26<00:39,  2.65s/it] 44%|████▍     | 11/25 [00:29<00:37,  2.66s/it] 48%|████▊     | 12/25 [00:31<00:34,  2.66s/it] 52%|█████▏    | 13/25 [00:34<00:31,  2.65s/it] 56%|█████▌    | 14/25 [00:37<00:29,  2.66s/it] 60%|██████    | 15/25 [00:39<00:26,  2.65s/it] 64%|██████▍   | 16/25 [00:42<00:23,  2.65s/it] 68%|██████▊   | 17/25 [00:45<00:21,  2.65s/it] 72%|███████▏  | 18/25 [00:47<00:18,  2.66s/it] 76%|███████▌  | 19/25 [00:50<00:15,  2.66s/it] 80%|████████  | 20/25 [00:53<00:13,  2.65s/it] 84%|████████▍ | 21/25 [00:55<00:10,  2.66s/it] 88%|████████▊ | 22/25 [00:58<00:07,  2.66s/it] 92%|█████████▏| 23/25 [01:01<00:05,  2.66s/it] 96%|█████████▌| 24/25 [01:03<00:02,  2.66s/it]100%|██████████| 25/25 [01:06<00:00,  2.66s/it]100%|██████████| 25/25 [01:06<00:00,  2.65s/it]
[I 2024-05-25 00:59:12,422] Trial 64 finished with value: 0.01489557563327253 and parameters: {'d_model': 64, 'num_heads': 4, 'num_layers': 3, 'lr': 0.0004476655285430181, 'batch_size': 50, 'wd': 3.4258201664230626e-05}. Best is trial 25 with value: 0.012904404383152723.
  0%|          | 0/25 [00:00<?, ?it/s]  0%|          | 0/25 [00:02<?, ?it/s]
[I 2024-05-25 00:59:15,185] Trial 65 pruned. 
  0%|          | 0/25 [00:00<?, ?it/s]  0%|          | 0/25 [00:01<?, ?it/s]
[I 2024-05-25 00:59:16,569] Trial 66 pruned. 
  0%|          | 0/25 [00:00<?, ?it/s]  4%|▍         | 1/25 [00:01<00:45,  1.90s/it]  8%|▊         | 2/25 [00:03<00:43,  1.90s/it] 12%|█▏        | 3/25 [00:05<00:41,  1.90s/it] 16%|█▌        | 4/25 [00:07<00:40,  1.90s/it] 20%|██        | 5/25 [00:09<00:38,  1.90s/it] 20%|██        | 5/25 [00:11<00:45,  2.28s/it]
[I 2024-05-25 00:59:28,067] Trial 67 pruned. 
  0%|          | 0/25 [00:00<?, ?it/s]  0%|          | 0/25 [00:00<?, ?it/s]
[I 2024-05-25 00:59:28,945] Trial 68 pruned. 
  0%|          | 0/25 [00:00<?, ?it/s]  0%|          | 0/25 [00:01<?, ?it/s]
[I 2024-05-25 00:59:30,600] Trial 69 pruned. 
  0%|          | 0/25 [00:00<?, ?it/s]  0%|          | 0/25 [00:01<?, ?it/s]
[I 2024-05-25 00:59:31,804] Trial 70 pruned. 
  0%|          | 0/25 [00:00<?, ?it/s]  4%|▍         | 1/25 [00:03<01:22,  3.43s/it]  4%|▍         | 1/25 [00:06<02:44,  6.85s/it]
[I 2024-05-25 00:59:38,740] Trial 71 pruned. 
  0%|          | 0/25 [00:00<?, ?it/s]  4%|▍         | 1/25 [00:02<01:03,  2.66s/it]  8%|▊         | 2/25 [00:05<01:01,  2.65s/it] 12%|█▏        | 3/25 [00:07<00:58,  2.65s/it] 16%|█▌        | 4/25 [00:10<00:55,  2.65s/it] 20%|██        | 5/25 [00:13<00:53,  2.65s/it] 24%|██▍       | 6/25 [00:15<00:50,  2.65s/it] 28%|██▊       | 7/25 [00:18<00:47,  2.65s/it] 32%|███▏      | 8/25 [00:21<00:45,  2.66s/it] 36%|███▌      | 9/25 [00:23<00:42,  2.66s/it] 40%|████      | 10/25 [00:26<00:39,  2.66s/it] 44%|████▍     | 11/25 [00:29<00:37,  2.65s/it] 48%|████▊     | 12/25 [00:31<00:34,  2.65s/it] 52%|█████▏    | 13/25 [00:34<00:31,  2.65s/it] 56%|█████▌    | 14/25 [00:37<00:29,  2.65s/it] 60%|██████    | 15/25 [00:39<00:26,  2.65s/it] 64%|██████▍   | 16/25 [00:42<00:23,  2.65s/it] 68%|██████▊   | 17/25 [00:45<00:21,  2.66s/it] 72%|███████▏  | 18/25 [00:47<00:18,  2.66s/it] 76%|███████▌  | 19/25 [00:50<00:15,  2.65s/it] 80%|████████  | 20/25 [00:53<00:13,  2.65s/it] 84%|████████▍ | 21/25 [00:55<00:10,  2.65s/it] 88%|████████▊ | 22/25 [00:58<00:07,  2.65s/it] 92%|█████████▏| 23/25 [01:01<00:05,  2.65s/it] 96%|█████████▌| 24/25 [01:03<00:02,  2.65s/it]100%|██████████| 25/25 [01:06<00:00,  2.65s/it]100%|██████████| 25/25 [01:06<00:00,  2.65s/it]
[I 2024-05-25 01:00:45,156] Trial 72 finished with value: 0.013911504251882433 and parameters: {'d_model': 64, 'num_heads': 4, 'num_layers': 3, 'lr': 0.0006392309448159945, 'batch_size': 50, 'wd': 2.8053943954962628e-05}. Best is trial 25 with value: 0.012904404383152723.
  0%|          | 0/25 [00:00<?, ?it/s]  4%|▍         | 1/25 [00:02<01:03,  2.65s/it]  8%|▊         | 2/25 [00:05<01:00,  2.65s/it] 12%|█▏        | 3/25 [00:07<00:58,  2.65s/it] 16%|█▌        | 4/25 [00:10<00:55,  2.64s/it] 20%|██        | 5/25 [00:13<00:52,  2.64s/it] 24%|██▍       | 6/25 [00:15<00:50,  2.64s/it] 28%|██▊       | 7/25 [00:18<00:47,  2.64s/it] 32%|███▏      | 8/25 [00:21<00:44,  2.64s/it] 36%|███▌      | 9/25 [00:23<00:42,  2.64s/it] 40%|████      | 10/25 [00:26<00:39,  2.64s/it] 44%|████▍     | 11/25 [00:29<00:36,  2.64s/it] 48%|████▊     | 12/25 [00:31<00:34,  2.64s/it] 52%|█████▏    | 13/25 [00:34<00:31,  2.64s/it] 56%|█████▌    | 14/25 [00:36<00:29,  2.64s/it] 60%|██████    | 15/25 [00:39<00:26,  2.64s/it] 64%|██████▍   | 16/25 [00:42<00:23,  2.64s/it] 68%|██████▊   | 17/25 [00:44<00:21,  2.64s/it] 72%|███████▏  | 18/25 [00:47<00:18,  2.64s/it] 76%|███████▌  | 19/25 [00:50<00:15,  2.64s/it] 80%|████████  | 20/25 [00:52<00:13,  2.64s/it] 84%|████████▍ | 21/25 [00:55<00:10,  2.64s/it] 88%|████████▊ | 22/25 [00:58<00:07,  2.64s/it] 92%|█████████▏| 23/25 [01:00<00:05,  2.64s/it] 96%|█████████▌| 24/25 [01:03<00:02,  2.64s/it]100%|██████████| 25/25 [01:06<00:00,  2.64s/it]100%|██████████| 25/25 [01:06<00:00,  2.64s/it]
